[2021-01-20 20:26:07,647] DEBUG Connected to 'RM4' Broadlink device at '192.168.1.94' (MAC 24:df:a7:d6:0c:62) and started listening to MQTT commands at 'broadlink/#' 
[2021-01-20 20:26:07,651] DEBUG Connected to MQTT broker, subscribing to topic broadlink/#
[2021-01-20 20:26:12,973] DEBUG Received MQTT message broadlink/record kk
[2021-01-20 20:26:12,974] WARNING Unrecognized MQTT message kk
[2021-01-20 20:26:27,784] DEBUG Received MQTT message broadlink/record 
[2021-01-20 20:26:27,784] DEBUG Recording command to file /home/chano/Broadlink_mqtt/broadlink-mqtt/commands/record
[2021-01-20 20:26:32,839] ERROR Error
Traceback (most recent call last):
  File "mqtt.py", line 194, in on_message
    record_or_replay(device, file)
  File "mqtt.py", line 241, in record_or_replay
    record(device, file)
  File "mqtt.py", line 259, in record
    ir_packet = device.check_data()
  File "/usr/local/lib/python3.7/dist-packages/broadlink/remote.py", line 21, in check_data
    check_error(response[0x22:0x24])
  File "/usr/local/lib/python3.7/dist-packages/broadlink/exceptions.py", line 137, in check_error
    raise exception(error_code)
broadlink.exceptions.StorageError: [Errno -5] The device storage is full
[2021-01-20 20:26:56,086] DEBUG Received MQTT message broadlink/record a
[2021-01-20 20:26:56,086] WARNING Unrecognized MQTT message a
[2021-01-20 20:27:16,096] DEBUG Received MQTT message broadlink/record /a
[2021-01-20 20:27:16,097] WARNING Unrecognized MQTT message /a
[2021-01-20 20:28:07,769] ERROR Error
Traceback (most recent call last):
  File "mqtt.py", line 483, in broadlink_rm_temperature_timer
    temperature = str(device.check_temperature())
  File "/usr/local/lib/python3.7/dist-packages/broadlink/remote.py", line 108, in check_temperature
    data = self._check_sensors(0x24)
  File "/usr/local/lib/python3.7/dist-packages/broadlink/remote.py", line 81, in _check_sensors
    check_error(response[0x22:0x24])
  File "/usr/local/lib/python3.7/dist-packages/broadlink/exceptions.py", line 137, in check_error
    raise exception(error_code)
broadlink.exceptions.StorageError: [Errno -5] The device storage is full
[2021-01-20 20:30:07,847] ERROR Error
Traceback (most recent call last):
  File "mqtt.py", line 483, in broadlink_rm_temperature_timer
    temperature = str(device.check_temperature())
  File "/usr/local/lib/python3.7/dist-packages/broadlink/remote.py", line 108, in check_temperature
    data = self._check_sensors(0x24)
  File "/usr/local/lib/python3.7/dist-packages/broadlink/remote.py", line 81, in _check_sensors
    check_error(response[0x22:0x24])
  File "/usr/local/lib/python3.7/dist-packages/broadlink/exceptions.py", line 137, in check_error
    raise exception(error_code)
broadlink.exceptions.StorageError: [Errno -5] The device storage is full
[2021-01-20 20:32:07,945] ERROR Error
Traceback (most recent call last):
  File "mqtt.py", line 483, in broadlink_rm_temperature_timer
    temperature = str(device.check_temperature())
  File "/usr/local/lib/python3.7/dist-packages/broadlink/remote.py", line 108, in check_temperature
    data = self._check_sensors(0x24)
  File "/usr/local/lib/python3.7/dist-packages/broadlink/remote.py", line 81, in _check_sensors
    check_error(response[0x22:0x24])
  File "/usr/local/lib/python3.7/dist-packages/broadlink/exceptions.py", line 137, in check_error
    raise exception(error_code)
broadlink.exceptions.StorageError: [Errno -5] The device storage is full
[2021-01-20 20:34:08,014] ERROR Error
Traceback (most recent call last):
  File "mqtt.py", line 483, in broadlink_rm_temperature_timer
    temperature = str(device.check_temperature())
  File "/usr/local/lib/python3.7/dist-packages/broadlink/remote.py", line 108, in check_temperature
    data = self._check_sensors(0x24)
  File "/usr/local/lib/python3.7/dist-packages/broadlink/remote.py", line 81, in _check_sensors
    check_error(response[0x22:0x24])
  File "/usr/local/lib/python3.7/dist-packages/broadlink/exceptions.py", line 137, in check_error
    raise exception(error_code)
broadlink.exceptions.StorageError: [Errno -5] The device storage is full
[2021-01-20 20:36:08,073] ERROR Error
Traceback (most recent call last):
  File "mqtt.py", line 483, in broadlink_rm_temperature_timer
    temperature = str(device.check_temperature())
  File "/usr/local/lib/python3.7/dist-packages/broadlink/remote.py", line 108, in check_temperature
    data = self._check_sensors(0x24)
  File "/usr/local/lib/python3.7/dist-packages/broadlink/remote.py", line 81, in _check_sensors
    check_error(response[0x22:0x24])
  File "/usr/local/lib/python3.7/dist-packages/broadlink/exceptions.py", line 137, in check_error
    raise exception(error_code)
broadlink.exceptions.StorageError: [Errno -5] The device storage is full
[2021-01-20 20:38:08,083] ERROR Error
Traceback (most recent call last):
  File "mqtt.py", line 483, in broadlink_rm_temperature_timer
    temperature = str(device.check_temperature())
  File "/usr/local/lib/python3.7/dist-packages/broadlink/remote.py", line 108, in check_temperature
    data = self._check_sensors(0x24)
  File "/usr/local/lib/python3.7/dist-packages/broadlink/remote.py", line 81, in _check_sensors
    check_error(response[0x22:0x24])
  File "/usr/local/lib/python3.7/dist-packages/broadlink/exceptions.py", line 137, in check_error
    raise exception(error_code)
broadlink.exceptions.StorageError: [Errno -5] The device storage is full
[2021-01-20 20:40:08,185] ERROR Error
Traceback (most recent call last):
  File "mqtt.py", line 483, in broadlink_rm_temperature_timer
    temperature = str(device.check_temperature())
  File "/usr/local/lib/python3.7/dist-packages/broadlink/remote.py", line 108, in check_temperature
    data = self._check_sensors(0x24)
  File "/usr/local/lib/python3.7/dist-packages/broadlink/remote.py", line 81, in _check_sensors
    check_error(response[0x22:0x24])
  File "/usr/local/lib/python3.7/dist-packages/broadlink/exceptions.py", line 137, in check_error
    raise exception(error_code)
broadlink.exceptions.StorageError: [Errno -5] The device storage is full
[2021-01-20 20:42:08,285] ERROR Error
Traceback (most recent call last):
  File "mqtt.py", line 483, in broadlink_rm_temperature_timer
    temperature = str(device.check_temperature())
  File "/usr/local/lib/python3.7/dist-packages/broadlink/remote.py", line 108, in check_temperature
    data = self._check_sensors(0x24)
  File "/usr/local/lib/python3.7/dist-packages/broadlink/remote.py", line 81, in _check_sensors
    check_error(response[0x22:0x24])
  File "/usr/local/lib/python3.7/dist-packages/broadlink/exceptions.py", line 137, in check_error
    raise exception(error_code)
broadlink.exceptions.StorageError: [Errno -5] The device storage is full
[2021-01-20 20:44:08,368] ERROR Error
Traceback (most recent call last):
  File "mqtt.py", line 483, in broadlink_rm_temperature_timer
    temperature = str(device.check_temperature())
  File "/usr/local/lib/python3.7/dist-packages/broadlink/remote.py", line 108, in check_temperature
    data = self._check_sensors(0x24)
  File "/usr/local/lib/python3.7/dist-packages/broadlink/remote.py", line 81, in _check_sensors
    check_error(response[0x22:0x24])
  File "/usr/local/lib/python3.7/dist-packages/broadlink/exceptions.py", line 137, in check_error
    raise exception(error_code)
broadlink.exceptions.StorageError: [Errno -5] The device storage is full
[2021-01-20 20:46:08,463] ERROR Error
Traceback (most recent call last):
  File "mqtt.py", line 483, in broadlink_rm_temperature_timer
    temperature = str(device.check_temperature())
  File "/usr/local/lib/python3.7/dist-packages/broadlink/remote.py", line 108, in check_temperature
    data = self._check_sensors(0x24)
  File "/usr/local/lib/python3.7/dist-packages/broadlink/remote.py", line 81, in _check_sensors
    check_error(response[0x22:0x24])
  File "/usr/local/lib/python3.7/dist-packages/broadlink/exceptions.py", line 137, in check_error
    raise exception(error_code)
broadlink.exceptions.StorageError: [Errno -5] The device storage is full
[2021-01-20 20:48:08,563] ERROR Error
Traceback (most recent call last):
  File "mqtt.py", line 483, in broadlink_rm_temperature_timer
    temperature = str(device.check_temperature())
  File "/usr/local/lib/python3.7/dist-packages/broadlink/remote.py", line 108, in check_temperature
    data = self._check_sensors(0x24)
  File "/usr/local/lib/python3.7/dist-packages/broadlink/remote.py", line 81, in _check_sensors
    check_error(response[0x22:0x24])
  File "/usr/local/lib/python3.7/dist-packages/broadlink/exceptions.py", line 137, in check_error
    raise exception(error_code)
broadlink.exceptions.StorageError: [Errno -5] The device storage is full
[2021-01-20 20:50:08,647] ERROR Error
Traceback (most recent call last):
  File "mqtt.py", line 483, in broadlink_rm_temperature_timer
    temperature = str(device.check_temperature())
  File "/usr/local/lib/python3.7/dist-packages/broadlink/remote.py", line 108, in check_temperature
    data = self._check_sensors(0x24)
  File "/usr/local/lib/python3.7/dist-packages/broadlink/remote.py", line 81, in _check_sensors
    check_error(response[0x22:0x24])
  File "/usr/local/lib/python3.7/dist-packages/broadlink/exceptions.py", line 137, in check_error
    raise exception(error_code)
broadlink.exceptions.StorageError: [Errno -5] The device storage is full
[2021-01-20 20:52:08,756] ERROR Error
Traceback (most recent call last):
  File "mqtt.py", line 483, in broadlink_rm_temperature_timer
    temperature = str(device.check_temperature())
  File "/usr/local/lib/python3.7/dist-packages/broadlink/remote.py", line 108, in check_temperature
    data = self._check_sensors(0x24)
  File "/usr/local/lib/python3.7/dist-packages/broadlink/remote.py", line 81, in _check_sensors
    check_error(response[0x22:0x24])
  File "/usr/local/lib/python3.7/dist-packages/broadlink/exceptions.py", line 137, in check_error
    raise exception(error_code)
broadlink.exceptions.StorageError: [Errno -5] The device storage is full
[2021-01-20 20:54:08,838] ERROR Error
Traceback (most recent call last):
  File "mqtt.py", line 483, in broadlink_rm_temperature_timer
    temperature = str(device.check_temperature())
  File "/usr/local/lib/python3.7/dist-packages/broadlink/remote.py", line 108, in check_temperature
    data = self._check_sensors(0x24)
  File "/usr/local/lib/python3.7/dist-packages/broadlink/remote.py", line 81, in _check_sensors
    check_error(response[0x22:0x24])
  File "/usr/local/lib/python3.7/dist-packages/broadlink/exceptions.py", line 137, in check_error
    raise exception(error_code)
broadlink.exceptions.StorageError: [Errno -5] The device storage is full
[2021-01-20 20:56:08,923] ERROR Error
Traceback (most recent call last):
  File "mqtt.py", line 483, in broadlink_rm_temperature_timer
    temperature = str(device.check_temperature())
  File "/usr/local/lib/python3.7/dist-packages/broadlink/remote.py", line 108, in check_temperature
    data = self._check_sensors(0x24)
  File "/usr/local/lib/python3.7/dist-packages/broadlink/remote.py", line 81, in _check_sensors
    check_error(response[0x22:0x24])
  File "/usr/local/lib/python3.7/dist-packages/broadlink/exceptions.py", line 137, in check_error
    raise exception(error_code)
broadlink.exceptions.StorageError: [Errno -5] The device storage is full
[2021-01-20 20:58:09,024] ERROR Error
Traceback (most recent call last):
  File "mqtt.py", line 483, in broadlink_rm_temperature_timer
    temperature = str(device.check_temperature())
  File "/usr/local/lib/python3.7/dist-packages/broadlink/remote.py", line 108, in check_temperature
    data = self._check_sensors(0x24)
  File "/usr/local/lib/python3.7/dist-packages/broadlink/remote.py", line 81, in _check_sensors
    check_error(response[0x22:0x24])
  File "/usr/local/lib/python3.7/dist-packages/broadlink/exceptions.py", line 137, in check_error
    raise exception(error_code)
broadlink.exceptions.StorageError: [Errno -5] The device storage is full
[2021-01-20 21:00:09,122] ERROR Error
Traceback (most recent call last):
  File "mqtt.py", line 483, in broadlink_rm_temperature_timer
    temperature = str(device.check_temperature())
  File "/usr/local/lib/python3.7/dist-packages/broadlink/remote.py", line 108, in check_temperature
    data = self._check_sensors(0x24)
  File "/usr/local/lib/python3.7/dist-packages/broadlink/remote.py", line 81, in _check_sensors
    check_error(response[0x22:0x24])
  File "/usr/local/lib/python3.7/dist-packages/broadlink/exceptions.py", line 137, in check_error
    raise exception(error_code)
broadlink.exceptions.StorageError: [Errno -5] The device storage is full
[2021-01-20 21:02:09,222] ERROR Error
Traceback (most recent call last):
  File "mqtt.py", line 483, in broadlink_rm_temperature_timer
    temperature = str(device.check_temperature())
  File "/usr/local/lib/python3.7/dist-packages/broadlink/remote.py", line 108, in check_temperature
    data = self._check_sensors(0x24)
  File "/usr/local/lib/python3.7/dist-packages/broadlink/remote.py", line 81, in _check_sensors
    check_error(response[0x22:0x24])
  File "/usr/local/lib/python3.7/dist-packages/broadlink/exceptions.py", line 137, in check_error
    raise exception(error_code)
broadlink.exceptions.StorageError: [Errno -5] The device storage is full
[2021-01-20 21:04:09,319] ERROR Error
Traceback (most recent call last):
  File "mqtt.py", line 483, in broadlink_rm_temperature_timer
    temperature = str(device.check_temperature())
  File "/usr/local/lib/python3.7/dist-packages/broadlink/remote.py", line 108, in check_temperature
    data = self._check_sensors(0x24)
  File "/usr/local/lib/python3.7/dist-packages/broadlink/remote.py", line 81, in _check_sensors
    check_error(response[0x22:0x24])
  File "/usr/local/lib/python3.7/dist-packages/broadlink/exceptions.py", line 137, in check_error
    raise exception(error_code)
broadlink.exceptions.StorageError: [Errno -5] The device storage is full
[2021-01-20 21:06:09,335] ERROR Error
Traceback (most recent call last):
  File "mqtt.py", line 483, in broadlink_rm_temperature_timer
    temperature = str(device.check_temperature())
  File "/usr/local/lib/python3.7/dist-packages/broadlink/remote.py", line 108, in check_temperature
    data = self._check_sensors(0x24)
  File "/usr/local/lib/python3.7/dist-packages/broadlink/remote.py", line 81, in _check_sensors
    check_error(response[0x22:0x24])
  File "/usr/local/lib/python3.7/dist-packages/broadlink/exceptions.py", line 137, in check_error
    raise exception(error_code)
broadlink.exceptions.StorageError: [Errno -5] The device storage is full
[2021-01-20 21:08:09,410] ERROR Error
Traceback (most recent call last):
  File "mqtt.py", line 483, in broadlink_rm_temperature_timer
    temperature = str(device.check_temperature())
  File "/usr/local/lib/python3.7/dist-packages/broadlink/remote.py", line 108, in check_temperature
    data = self._check_sensors(0x24)
  File "/usr/local/lib/python3.7/dist-packages/broadlink/remote.py", line 81, in _check_sensors
    check_error(response[0x22:0x24])
  File "/usr/local/lib/python3.7/dist-packages/broadlink/exceptions.py", line 137, in check_error
    raise exception(error_code)
broadlink.exceptions.StorageError: [Errno -5] The device storage is full
[2021-01-20 21:10:09,507] ERROR Error
Traceback (most recent call last):
  File "mqtt.py", line 483, in broadlink_rm_temperature_timer
    temperature = str(device.check_temperature())
  File "/usr/local/lib/python3.7/dist-packages/broadlink/remote.py", line 108, in check_temperature
    data = self._check_sensors(0x24)
  File "/usr/local/lib/python3.7/dist-packages/broadlink/remote.py", line 81, in _check_sensors
    check_error(response[0x22:0x24])
  File "/usr/local/lib/python3.7/dist-packages/broadlink/exceptions.py", line 137, in check_error
    raise exception(error_code)
broadlink.exceptions.StorageError: [Errno -5] The device storage is full
[2021-01-20 21:12:09,549] ERROR Error
Traceback (most recent call last):
  File "mqtt.py", line 483, in broadlink_rm_temperature_timer
    temperature = str(device.check_temperature())
  File "/usr/local/lib/python3.7/dist-packages/broadlink/remote.py", line 108, in check_temperature
    data = self._check_sensors(0x24)
  File "/usr/local/lib/python3.7/dist-packages/broadlink/remote.py", line 81, in _check_sensors
    check_error(response[0x22:0x24])
  File "/usr/local/lib/python3.7/dist-packages/broadlink/exceptions.py", line 137, in check_error
    raise exception(error_code)
broadlink.exceptions.StorageError: [Errno -5] The device storage is full
[2021-01-21 18:33:38,156] DEBUG Connected to 'RM4' Broadlink device at '192.168.1.94' (MAC 24:df:a7:d6:0c:62) and started listening to MQTT commands at 'broadlink/#' 
[2021-01-21 18:33:38,160] DEBUG Connected to MQTT broker, subscribing to topic broadlink/#
[2021-01-21 18:35:38,265] ERROR Error
Traceback (most recent call last):
  File "mqtt.py", line 483, in broadlink_rm_temperature_timer
    temperature = str(device.check_temperature())
  File "/usr/local/lib/python3.7/dist-packages/broadlink/remote.py", line 108, in check_temperature
    data = self._check_sensors(0x24)
  File "/usr/local/lib/python3.7/dist-packages/broadlink/remote.py", line 81, in _check_sensors
    check_error(response[0x22:0x24])
  File "/usr/local/lib/python3.7/dist-packages/broadlink/exceptions.py", line 137, in check_error
    raise exception(error_code)
broadlink.exceptions.StorageError: [Errno -5] The device storage is full
[2021-01-21 18:37:38,340] ERROR Error
Traceback (most recent call last):
  File "mqtt.py", line 483, in broadlink_rm_temperature_timer
    temperature = str(device.check_temperature())
  File "/usr/local/lib/python3.7/dist-packages/broadlink/remote.py", line 108, in check_temperature
    data = self._check_sensors(0x24)
  File "/usr/local/lib/python3.7/dist-packages/broadlink/remote.py", line 81, in _check_sensors
    check_error(response[0x22:0x24])
  File "/usr/local/lib/python3.7/dist-packages/broadlink/exceptions.py", line 137, in check_error
    raise exception(error_code)
broadlink.exceptions.StorageError: [Errno -5] The device storage is full
[2021-01-21 18:38:36,092] DEBUG Connected to 'RM4' Broadlink device at '192.168.1.94' (MAC 24:df:a7:d6:0c:62) and started listening to MQTT commands at 'broadlink/#' 
[2021-01-21 18:38:36,095] DEBUG Connected to MQTT broker, subscribing to topic broadlink/#
[2021-01-21 18:39:20,054] DEBUG Received MQTT message broadlink/record a
[2021-01-21 18:39:20,054] WARNING Unrecognized MQTT message a
[2021-01-21 18:39:31,342] DEBUG Received MQTT message broadlink/record 
[2021-01-21 18:39:31,343] DEBUG Recording command to file /home/chano/Broadlink_mqtt/broadlink-mqtt/commands/record
[2021-01-21 18:39:36,402] DEBUG Done
[2021-01-21 18:40:17,947] DEBUG Received MQTT message broadlink/record 
[2021-01-21 18:40:17,947] DEBUG Replaying command from file /home/chano/Broadlink_mqtt/broadlink-mqtt/commands/record
[2021-01-21 18:40:25,543] DEBUG Received MQTT message broadlink/record 
[2021-01-21 18:40:25,543] DEBUG Replaying command from file /home/chano/Broadlink_mqtt/broadlink-mqtt/commands/record
[2021-01-21 18:40:36,214] DEBUG Sending RM temperature 0.0 to topic broadlink/temperature
[2021-01-21 18:40:36,234] DEBUG Sending RM humidity 0.0 to topic broadlink/humidity
[2021-01-21 18:40:53,060] DEBUG Received MQTT message broadlink/record 
[2021-01-21 18:40:53,060] DEBUG Replaying command from file /home/chano/Broadlink_mqtt/broadlink-mqtt/commands/record
[2021-01-21 18:41:26,332] DEBUG Connected to 'RM4' Broadlink device at '192.168.1.94' (MAC 24:df:a7:d6:0c:62) and started listening to MQTT commands at 'broadlink/#' 
[2021-01-21 18:41:26,335] DEBUG Connected to MQTT broker, subscribing to topic broadlink/#
[2021-01-21 18:41:30,706] DEBUG Received MQTT message broadlink/record 
[2021-01-21 18:41:30,706] DEBUG Replaying command from file /home/chano/Broadlink_mqtt/broadlink-mqtt/commands/record
[2021-01-21 18:41:47,869] DEBUG Received MQTT message broadlink/record 1
[2021-01-21 18:41:47,869] WARNING Unrecognized MQTT message 1
[2021-01-21 18:42:24,042] DEBUG Received MQTT message broadlink/record 1
[2021-01-21 18:42:24,043] WARNING Unrecognized MQTT message 1
[2021-01-21 18:42:34,091] DEBUG Received MQTT message broadlink/record 
[2021-01-21 18:42:34,091] DEBUG Recording command to file /home/chano/Broadlink_mqtt/broadlink-mqtt/commands/record
[2021-01-21 18:42:39,163] DEBUG Done
[2021-01-21 18:42:53,911] DEBUG Received MQTT message broadlink/record 
[2021-01-21 18:42:53,911] DEBUG Replaying command from file /home/chano/Broadlink_mqtt/broadlink-mqtt/commands/record
[2021-01-21 18:43:26,453] DEBUG Sending RM temperature 0.0 to topic broadlink/temperature
[2021-01-21 18:43:26,475] DEBUG Sending RM humidity 0.0 to topic broadlink/humidity
[2021-01-21 18:45:26,553] DEBUG Sending RM temperature 0.0 to topic broadlink/temperature
[2021-01-21 18:45:26,572] DEBUG Sending RM humidity 0.0 to topic broadlink/humidity
[2021-01-21 18:47:26,653] DEBUG Sending RM temperature 0.0 to topic broadlink/temperature
[2021-01-21 18:47:26,674] DEBUG Sending RM humidity 0.0 to topic broadlink/humidity
[2021-01-21 18:49:26,752] DEBUG Sending RM temperature 0.0 to topic broadlink/temperature
[2021-01-21 18:49:26,774] DEBUG Sending RM humidity 0.0 to topic broadlink/humidity
[2021-01-21 18:51:26,855] DEBUG Sending RM temperature 0.0 to topic broadlink/temperature
[2021-01-21 18:51:26,875] DEBUG Sending RM humidity 0.0 to topic broadlink/humidity
[2021-01-21 18:53:26,953] DEBUG Sending RM temperature 0.0 to topic broadlink/temperature
[2021-01-21 18:53:26,972] DEBUG Sending RM humidity 0.0 to topic broadlink/humidity
[2021-01-21 18:55:27,051] DEBUG Sending RM temperature 0.0 to topic broadlink/temperature
[2021-01-21 18:55:27,070] DEBUG Sending RM humidity 0.0 to topic broadlink/humidity
[2021-01-21 18:56:26,093] DEBUG Connected to 'RM4' Broadlink device at '192.168.1.94' (MAC 24:df:a7:d6:0c:62) and started listening to MQTT commands at 'broadlink/#' 
[2021-01-21 18:56:26,097] DEBUG Connected to MQTT broker, subscribing to topic broadlink/#
[2021-01-21 18:56:29,091] DEBUG Received MQTT message broadlink/record Command: record
[2021-01-21 18:56:29,092] DEBUG Replaying command from file /home/chano/Broadlink_mqtt/broadlink-mqtt/commands/record
[2021-01-21 18:56:41,896] DEBUG Received MQTT message broadlink/record aaCommand: record
[2021-01-21 18:56:41,897] WARNING Unrecognized MQTT message aa
[2021-01-21 18:58:06,491] DEBUG Connected to 'RM4' Broadlink device at '192.168.1.94' (MAC 24:df:a7:d6:0c:62) and started listening to MQTT commands at 'broadlink/#' 
[2021-01-21 18:58:06,495] DEBUG Connected to MQTT broker, subscribing to topic broadlink/#
[2021-01-21 18:58:55,598] DEBUG Received MQTT message broadlink/record aa Command: record Device_Type: RM4 
[2021-01-21 18:58:55,599] WARNING Unrecognized MQTT message aa
[2021-01-21 19:00:06,608] DEBUG Sending RM temperature 0.0 to topic broadlink/temperature
[2021-01-21 19:00:06,660] DEBUG Sending RM humidity 0.0 to topic broadlink/humidity
[2021-01-21 19:02:06,807] DEBUG Connected to 'RM4' Broadlink device at '192.168.1.94' (MAC 24:df:a7:d6:0c:62) and started listening to MQTT commands at 'broadlink/#' 
[2021-01-21 19:02:06,812] DEBUG Connected to MQTT broker, subscribing to topic broadlink/#
[2021-01-21 19:02:08,511] DEBUG Received MQTT message broadlink/record prueba Command: record Device_Type: RM4 
[2021-01-21 19:02:08,511] DEBUG Recording command to file /home/chano/Broadlink_mqtt/broadlink-mqtt/commands/record
[2021-01-21 19:02:13,570] DEBUG Done
[2021-01-21 19:02:36,346] DEBUG Received MQTT message broadlink/play prueba Command: play Device_Type: RM4 
[2021-01-21 19:02:36,346] WARNING Unrecognized MQTT message prueba
[2021-01-21 19:03:34,775] DEBUG Connected to 'RM4' Broadlink device at '192.168.1.94' (MAC 24:df:a7:d6:0c:62) and started listening to MQTT commands at 'broadlink/#' 
[2021-01-21 19:03:34,779] DEBUG Connected to MQTT broker, subscribing to topic broadlink/#
[2021-01-21 19:03:37,657] DEBUG Received MQTT message broadlink/play prueba Command: play Device_Type: RM4 
[2021-01-21 19:03:37,657] WARNING Unrecognized MQTT message prueba
[2021-01-21 19:04:03,460] DEBUG Received MQTT message broadlink/replay prueba Command: replay Device_Type: RM4 
[2021-01-21 19:04:03,461] DEBUG Replaying command from file /home/chano/Broadlink_mqtt/broadlink-mqtt/commands/replay
[2021-01-21 19:04:03,461] ERROR Error
Traceback (most recent call last):
  File "mqtt.py", line 210, in on_message
    replay(device, file)
  File "mqtt.py", line 316, in replay
    with open(file, 'rb') as f:
FileNotFoundError: [Errno 2] No such file or directory: '/home/chano/Broadlink_mqtt/broadlink-mqtt/commands/replay'
[2021-01-21 19:05:34,896] DEBUG Sending RM temperature 0.0 to topic broadlink/temperature
[2021-01-21 19:05:34,916] DEBUG Sending RM humidity 0.0 to topic broadlink/humidity
[2021-01-21 19:07:34,972] DEBUG Sending RM temperature 0.0 to topic broadlink/temperature
[2021-01-21 19:07:34,992] DEBUG Sending RM humidity 0.0 to topic broadlink/humidity
[2021-01-21 19:09:35,006] DEBUG Sending RM temperature 0.0 to topic broadlink/temperature
[2021-01-21 19:09:35,025] DEBUG Sending RM humidity 0.0 to topic broadlink/humidity
[2021-01-21 19:09:57,864] DEBUG Connected to 'RM4' Broadlink device at '192.168.1.94' (MAC 24:df:a7:d6:0c:62) and started listening to MQTT commands at 'broadlink/#' 
[2021-01-21 19:09:57,869] DEBUG Connected to MQTT broker, subscribing to topic broadlink/#
[2021-01-21 19:10:17,276] DEBUG Received MQTT message broadlink/replay prueba Command: replay Device_Type: RM4 
[2021-01-21 19:10:17,277] DEBUG Replaying command from file /home/chano/Broadlink_mqtt/broadlink-mqtt/commands/
[2021-01-21 19:10:17,277] ERROR Error
Traceback (most recent call last):
  File "mqtt.py", line 210, in on_message
    replay(device, file)
  File "mqtt.py", line 316, in replay
    with open(file, 'rb') as f:
IsADirectoryError: [Errno 21] Is a directory: '/home/chano/Broadlink_mqtt/broadlink-mqtt/commands/'
[2021-01-21 19:10:57,399] DEBUG Connected to 'RM4' Broadlink device at '192.168.1.94' (MAC 24:df:a7:d6:0c:62) and started listening to MQTT commands at 'broadlink/#' 
[2021-01-21 19:10:57,403] DEBUG Connected to MQTT broker, subscribing to topic broadlink/#
[2021-01-21 19:11:01,562] DEBUG Received MQTT message broadlink/record prueba Command: record Device_Type: RM4 
[2021-01-21 19:11:01,563] DEBUG Recording command to file /home/chano/Broadlink_mqtt/broadlink-mqtt/commands
[2021-01-21 19:11:06,623] ERROR Error
Traceback (most recent call last):
  File "mqtt.py", line 204, in on_message
    record(device, file)
  File "mqtt.py", line 267, in record
    with open(file, 'wb') as f:
IsADirectoryError: [Errno 21] Is a directory: '/home/chano/Broadlink_mqtt/broadlink-mqtt/commands'
[2021-01-21 19:12:57,498] DEBUG Sending RM temperature 0.0 to topic broadlink/temperature
[2021-01-21 19:12:57,521] DEBUG Sending RM humidity 0.0 to topic broadlink/humidity
[2021-01-21 19:13:46,618] DEBUG Connected to 'RM4' Broadlink device at '192.168.1.94' (MAC 24:df:a7:d6:0c:62) and started listening to MQTT commands at 'broadlink/#' 
[2021-01-21 19:13:46,622] DEBUG Connected to MQTT broker, subscribing to topic broadlink/#
[2021-01-21 19:14:04,003] DEBUG Received MQTT message broadlink/record prueba Command: record Device_Type: RM4 
[2021-01-21 19:14:04,003] DEBUG Recording command to file /home/chano/Broadlink_mqtt/broadlink-mqtt/commands/prueba
[2021-01-21 19:14:09,073] DEBUG Done
[2021-01-21 19:14:22,238] DEBUG Received MQTT message broadlink/replay prueba Command: replay Device_Type: RM4 
[2021-01-21 19:14:22,238] DEBUG Replaying command from file /home/chano/Broadlink_mqtt/broadlink-mqtt/commands/prueba
[2021-01-21 19:15:23,555] DEBUG Received MQTT message broadlink/replay decopower Command: replay Device_Type: RM4 
[2021-01-21 19:15:23,555] DEBUG Replaying command from file /home/chano/Broadlink_mqtt/broadlink-mqtt/commands/decopower
[2021-01-21 19:15:23,555] ERROR Error
Traceback (most recent call last):
  File "mqtt.py", line 210, in on_message
    replay(device, handy_file)
  File "mqtt.py", line 316, in replay
    with open(file, 'rb') as f:
FileNotFoundError: [Errno 2] No such file or directory: '/home/chano/Broadlink_mqtt/broadlink-mqtt/commands/decopower'
[2021-01-21 19:15:32,385] DEBUG Received MQTT message broadlink/record decopower Command: record Device_Type: RM4 
[2021-01-21 19:15:32,385] DEBUG Recording command to file /home/chano/Broadlink_mqtt/broadlink-mqtt/commands/decopower
[2021-01-21 19:15:37,452] DEBUG Done
[2021-01-21 19:15:43,265] DEBUG Received MQTT message broadlink/replay decopower Command: replay Device_Type: RM4 
[2021-01-21 19:15:43,265] DEBUG Replaying command from file /home/chano/Broadlink_mqtt/broadlink-mqtt/commands/decopower
[2021-01-21 19:15:46,737] DEBUG Sending RM temperature 0.0 to topic broadlink/temperature
[2021-01-21 19:15:46,758] DEBUG Sending RM humidity 0.0 to topic broadlink/humidity
[2021-01-21 19:16:11,957] DEBUG Received MQTT message broadlink/replay decopower Command: replay Device_Type: RM4 
[2021-01-21 19:16:11,957] DEBUG Replaying command from file /home/chano/Broadlink_mqtt/broadlink-mqtt/commands/decopower
[2021-01-21 19:17:46,840] DEBUG Sending RM temperature 0.0 to topic broadlink/temperature
[2021-01-21 19:17:46,860] DEBUG Sending RM humidity 0.0 to topic broadlink/humidity
[2021-01-21 19:18:03,806] DEBUG Received MQTT message broadlink/replay decopower Command: replay Device_Type: RM4 
[2021-01-21 19:18:03,806] DEBUG Replaying command from file /home/chano/Broadlink_mqtt/broadlink-mqtt/commands/decopower
[2021-01-21 19:18:17,675] DEBUG Received MQTT message broadlink/replay decopower Command: replay Device_Type: RM4 
[2021-01-21 19:18:17,675] DEBUG Replaying command from file /home/chano/Broadlink_mqtt/broadlink-mqtt/commands/decopower
[2021-01-21 19:19:46,939] DEBUG Sending RM temperature 0.0 to topic broadlink/temperature
[2021-01-21 19:19:46,958] DEBUG Sending RM humidity 0.0 to topic broadlink/humidity
[2021-01-21 19:21:46,959] DEBUG Sending RM temperature 0.0 to topic broadlink/temperature
[2021-01-21 19:21:46,983] DEBUG Sending RM humidity 0.0 to topic broadlink/humidity
[2021-01-21 19:23:47,053] DEBUG Sending RM temperature 0.0 to topic broadlink/temperature
[2021-01-21 19:23:47,075] DEBUG Sending RM humidity 0.0 to topic broadlink/humidity
[2021-01-21 19:25:47,103] DEBUG Sending RM temperature 0.0 to topic broadlink/temperature
[2021-01-21 19:25:47,125] DEBUG Sending RM humidity 0.0 to topic broadlink/humidity
[2021-01-21 19:27:36,133] DEBUG Received MQTT message broadlink/record decopower Command: record Device_Type: RM4 
[2021-01-21 19:27:36,134] DEBUG Replaying command from file /home/chano/Broadlink_mqtt/broadlink-mqtt/commands/decopower
[2021-01-21 19:27:47,195] DEBUG Sending RM temperature 0.0 to topic broadlink/temperature
[2021-01-21 19:27:47,214] DEBUG Sending RM humidity 0.0 to topic broadlink/humidity
[2021-01-21 19:28:11,799] DEBUG Received MQTT message broadlink/record decopower Command: record Device_Type: RM4 
[2021-01-21 19:28:11,799] DEBUG Recording command to file /home/chano/Broadlink_mqtt/broadlink-mqtt/commands/decopower
[2021-01-21 19:28:16,867] DEBUG Done
[2021-01-21 19:28:36,679] DEBUG Received MQTT message broadlink/record decopower Command: record Device_Type: RM4 
[2021-01-21 19:28:36,679] DEBUG Replaying command from file /home/chano/Broadlink_mqtt/broadlink-mqtt/commands/decopower
[2021-01-21 19:29:07,167] DEBUG Received MQTT message broadlink/record decopower Command: record Device_Type: RM4 
[2021-01-21 19:29:07,167] DEBUG Recording command to file /home/chano/Broadlink_mqtt/broadlink-mqtt/commands/decopower
[2021-01-21 19:29:12,232] DEBUG Done
[2021-01-21 19:29:37,905] DEBUG Received MQTT message broadlink/record decopower Command: record Device_Type: RM4 
[2021-01-21 19:29:37,906] DEBUG Replaying command from file /home/chano/Broadlink_mqtt/broadlink-mqtt/commands/decopower
[2021-01-21 19:29:47,255] DEBUG Sending RM temperature 0.0 to topic broadlink/temperature
[2021-01-21 19:29:47,275] DEBUG Sending RM humidity 0.0 to topic broadlink/humidity
[2021-01-21 19:29:48,986] DEBUG Received MQTT message broadlink/record decopower Command: record Device_Type: RM4 
[2021-01-21 19:29:48,986] DEBUG Replaying command from file /home/chano/Broadlink_mqtt/broadlink-mqtt/commands/decopower
[2021-01-21 19:31:47,355] DEBUG Sending RM temperature 0.0 to topic broadlink/temperature
[2021-01-21 19:31:47,374] DEBUG Sending RM humidity 0.0 to topic broadlink/humidity
[2021-01-21 19:33:47,438] DEBUG Sending RM temperature 0.0 to topic broadlink/temperature
[2021-01-21 19:33:47,461] DEBUG Sending RM humidity 0.0 to topic broadlink/humidity
[2021-01-21 19:35:47,539] DEBUG Sending RM temperature 0.0 to topic broadlink/temperature
[2021-01-21 19:35:47,559] DEBUG Sending RM humidity 0.0 to topic broadlink/humidity
[2021-01-21 19:35:58,797] DEBUG Received MQTT message broadlink/record aireon Command: record Device_Type: RM4 
[2021-01-21 19:35:58,797] DEBUG Recording command to file /home/chano/Broadlink_mqtt/broadlink-mqtt/commands/aireon
[2021-01-21 19:36:03,863] DEBUG Done
[2021-01-21 19:36:22,379] DEBUG Received MQTT message broadlink/replay aireon Command: replay Device_Type: RM4 
[2021-01-21 19:36:22,379] DEBUG Replaying command from file /home/chano/Broadlink_mqtt/broadlink-mqtt/commands/aireon
[2021-01-21 19:36:28,310] DEBUG Received MQTT message broadlink/replay aireon Command: replay Device_Type: RM4 
[2021-01-21 19:36:28,311] DEBUG Replaying command from file /home/chano/Broadlink_mqtt/broadlink-mqtt/commands/aireon
[2021-01-21 19:37:18,363] DEBUG Received MQTT message broadlink/record aireoff Command: record Device_Type: RM4 
[2021-01-21 19:37:18,363] DEBUG Recording command to file /home/chano/Broadlink_mqtt/broadlink-mqtt/commands/aireoff
[2021-01-21 19:37:23,433] DEBUG Done
[2021-01-21 19:37:25,662] DEBUG Received MQTT message broadlink/record aireoff Command: record Device_Type: RM4 
[2021-01-21 19:37:25,663] DEBUG Replaying command from file /home/chano/Broadlink_mqtt/broadlink-mqtt/commands/aireoff
[2021-01-21 19:37:31,067] DEBUG Received MQTT message broadlink/record aireoff Command: record Device_Type: RM4 
[2021-01-21 19:37:31,067] DEBUG Replaying command from file /home/chano/Broadlink_mqtt/broadlink-mqtt/commands/aireoff
[2021-01-21 19:37:36,230] DEBUG Received MQTT message broadlink/record aireoff Command: record Device_Type: RM4 
[2021-01-21 19:37:36,230] DEBUG Replaying command from file /home/chano/Broadlink_mqtt/broadlink-mqtt/commands/aireoff
[2021-01-21 19:37:47,576] DEBUG Sending RM temperature 0.0 to topic broadlink/temperature
[2021-01-21 19:37:47,616] DEBUG Sending RM humidity 0.0 to topic broadlink/humidity
[2021-01-23 18:03:16,129] ERROR No Broadlink device found
[2021-01-30 20:33:28,967] DEBUG Connected to 'RM4' Broadlink device at '192.168.1.100' (MAC a0:43:b0:53:f3:09) and started listening to MQTT commands at 'broadlink/#' 
[2021-01-30 20:33:32,047] WARNING Cannot connect to MQTT server, will try to reconnect in 5 seconds
[2021-01-30 20:33:40,143] WARNING Cannot connect to MQTT server, will try to reconnect in 5 seconds
[2021-01-30 20:33:48,207] WARNING Cannot connect to MQTT server, will try to reconnect in 5 seconds
[2021-01-30 20:33:56,271] WARNING Cannot connect to MQTT server, will try to reconnect in 5 seconds
[2021-01-30 20:34:04,339] WARNING Cannot connect to MQTT server, will try to reconnect in 5 seconds
[2021-01-30 20:34:12,399] WARNING Cannot connect to MQTT server, will try to reconnect in 5 seconds
[2021-01-30 20:34:20,463] WARNING Cannot connect to MQTT server, will try to reconnect in 5 seconds
[2021-01-30 20:34:28,527] WARNING Cannot connect to MQTT server, will try to reconnect in 5 seconds
[2021-01-30 20:34:36,595] WARNING Cannot connect to MQTT server, will try to reconnect in 5 seconds
[2021-01-30 20:34:44,655] WARNING Cannot connect to MQTT server, will try to reconnect in 5 seconds
[2021-01-30 20:35:31,319] DEBUG Connected to 'RM4' Broadlink device at '192.168.1.100' (MAC a0:43:b0:53:f3:09) and started listening to MQTT commands at 'broadlink/#' 
[2021-01-30 20:35:31,320] DEBUG Connected to MQTT broker, subscribing to topic broadlink/#
[2021-01-30 20:35:47,197] DEBUG Received MQTT message broadlink/record proyectoron Command: record Device_Type: RM4 
[2021-01-30 20:35:47,197] DEBUG Recording command to file /home/sjc/Broadlink_Mqtt/broadlink-mqtt/commands/proyectoron
[2021-01-30 20:35:52,342] DEBUG Done
[2021-01-30 20:36:03,918] DEBUG Received MQTT message broadlink/record proyectoron Command: record Device_Type: RM4 
[2021-01-30 20:36:03,919] DEBUG Replaying command from file /home/sjc/Broadlink_Mqtt/broadlink-mqtt/commands/proyectoron
[2021-01-30 20:36:16,454] DEBUG Received MQTT message broadlink/record proyectoron Command: record Device_Type: RM4 
[2021-01-30 20:36:16,454] DEBUG Replaying command from file /home/sjc/Broadlink_Mqtt/broadlink-mqtt/commands/proyectoron
[2021-01-30 20:36:29,731] DEBUG Received MQTT message broadlink/record proyectoron Command: record Device_Type: RM4 
[2021-01-30 20:36:29,731] DEBUG Replaying command from file /home/sjc/Broadlink_Mqtt/broadlink-mqtt/commands/proyectoron
[2021-01-30 20:36:39,623] DEBUG Received MQTT message broadlink/record proyectoron Command: record Device_Type: RM4 
[2021-01-30 20:36:39,623] DEBUG Replaying command from file /home/sjc/Broadlink_Mqtt/broadlink-mqtt/commands/proyectoron
[2021-01-30 20:37:31,447] DEBUG Sending RM temperature 0.0 to topic broadlink/temperature
[2021-01-30 20:37:31,471] DEBUG Sending RM humidity 0.0 to topic broadlink/humidity
[2021-01-30 20:38:30,112] DEBUG Connected to 'RM4' Broadlink device at '192.168.1.100' (MAC a0:43:b0:53:f3:09) and started listening to MQTT commands at 'broadlink/#' 
[2021-01-30 20:38:30,116] DEBUG Connected to MQTT broker, subscribing to topic broadlink/#
[2021-01-30 20:38:42,099] DEBUG Received MQTT message broadlink/record proyectoron Command: record Device_Type: RM4 
[2021-01-30 20:38:42,100] DEBUG Replaying command from file /home/sjc/Broadlink_Mqtt/broadlink-mqtt/commands/proyectoron
[2021-01-30 20:38:48,779] DEBUG Received MQTT message broadlink/record proyectoron Command: record Device_Type: RM4 
[2021-01-30 20:38:48,779] DEBUG Replaying command from file /home/sjc/Broadlink_Mqtt/broadlink-mqtt/commands/proyectoron
[2021-01-30 20:39:27,186] DEBUG Received MQTT message broadlink/record proyectoron Command: record Device_Type: RM4 
[2021-01-30 20:39:27,187] DEBUG Replaying command from file /home/sjc/Broadlink_Mqtt/broadlink-mqtt/commands/proyectoron
[2021-01-30 20:39:32,686] DEBUG Received MQTT message broadlink/record proyectoron Command: record Device_Type: RM4 
[2021-01-30 20:39:32,686] DEBUG Replaying command from file /home/sjc/Broadlink_Mqtt/broadlink-mqtt/commands/proyectoron
[2021-01-30 20:39:39,951] DEBUG Received MQTT message broadlink/record proyectoron Command: record Device_Type: RM4 
[2021-01-30 20:39:39,951] DEBUG Replaying command from file /home/sjc/Broadlink_Mqtt/broadlink-mqtt/commands/proyectoron
[2021-01-30 20:39:59,897] DEBUG Received MQTT message broadlink/record proyectoron Command: record Device_Type: RM4 
[2021-01-30 20:39:59,897] DEBUG Replaying command from file /home/sjc/Broadlink_Mqtt/broadlink-mqtt/commands/proyectoron
[2021-01-30 20:40:10,924] DEBUG Received MQTT message broadlink/record proyectoron Command: record Device_Type: RM4 
[2021-01-30 20:40:10,925] DEBUG Replaying command from file /home/sjc/Broadlink_Mqtt/broadlink-mqtt/commands/proyectoron
[2021-01-30 20:40:40,227] ERROR Error
Traceback (most recent call last):
  File "/home/sjc/.local/lib/python3.7/site-packages/broadlink/device.py", line 320, in send_packet
    resp, _ = conn.recvfrom(2048)
socket.timeout: timed out

During handling of the above exception, another exception occurred:

Traceback (most recent call last):
  File "mqtt.py", line 484, in broadlink_rm_temperature_timer
    temperature = str(device.check_temperature())
  File "/home/sjc/.local/lib/python3.7/site-packages/broadlink/remote.py", line 108, in check_temperature
    data = self._check_sensors(0x24)
  File "/home/sjc/.local/lib/python3.7/site-packages/broadlink/remote.py", line 80, in _check_sensors
    response = self.send_packet(0x6a, packet)
  File "/home/sjc/.local/lib/python3.7/site-packages/broadlink/device.py", line 325, in send_packet
    raise exception(-4000)  # Network timeout.
broadlink.exceptions.NetworkTimeoutError: [Errno -4000] Network timeout
[2021-01-30 20:40:59,050] DEBUG Received MQTT message broadlink/record proyectoron Command: record Device_Type: RM4 
[2021-01-30 20:40:59,050] DEBUG Replaying command from file /home/sjc/Broadlink_Mqtt/broadlink-mqtt/commands/proyectoron
[2021-01-30 20:41:09,060] ERROR Error
Traceback (most recent call last):
  File "/home/sjc/.local/lib/python3.7/site-packages/broadlink/device.py", line 320, in send_packet
    resp, _ = conn.recvfrom(2048)
socket.timeout: timed out

During handling of the above exception, another exception occurred:

Traceback (most recent call last):
  File "mqtt.py", line 201, in on_message
    replay(device, handy_file)
  File "mqtt.py", line 318, in replay
    device.send_data(binascii.unhexlify(ir_packet.strip()))
  File "/home/sjc/.local/lib/python3.7/site-packages/broadlink/remote.py", line 30, in send_data
    response = self.send_packet(0x6a, packet)
  File "/home/sjc/.local/lib/python3.7/site-packages/broadlink/device.py", line 325, in send_packet
    raise exception(-4000)  # Network timeout.
broadlink.exceptions.NetworkTimeoutError: [Errno -4000] Network timeout
[2021-01-30 20:41:09,061] DEBUG Received MQTT message broadlink/record proyectoron Command: record Device_Type: RM4 
[2021-01-30 20:41:09,061] DEBUG Replaying command from file /home/sjc/Broadlink_Mqtt/broadlink-mqtt/commands/proyectoron
[2021-01-30 20:41:19,075] ERROR Error
Traceback (most recent call last):
  File "/home/sjc/.local/lib/python3.7/site-packages/broadlink/device.py", line 320, in send_packet
    resp, _ = conn.recvfrom(2048)
socket.timeout: timed out

During handling of the above exception, another exception occurred:

Traceback (most recent call last):
  File "mqtt.py", line 201, in on_message
    replay(device, handy_file)
  File "mqtt.py", line 318, in replay
    device.send_data(binascii.unhexlify(ir_packet.strip()))
  File "/home/sjc/.local/lib/python3.7/site-packages/broadlink/remote.py", line 30, in send_data
    response = self.send_packet(0x6a, packet)
  File "/home/sjc/.local/lib/python3.7/site-packages/broadlink/device.py", line 325, in send_packet
    raise exception(-4000)  # Network timeout.
broadlink.exceptions.NetworkTimeoutError: [Errno -4000] Network timeout
[2021-01-30 20:41:52,069] DEBUG Received MQTT message broadlink/record proyectoron Command: record Device_Type: RM4 
[2021-01-30 20:41:52,069] DEBUG Replaying command from file /home/sjc/Broadlink_Mqtt/broadlink-mqtt/commands/proyectoron
[2021-01-30 20:42:02,080] ERROR Error
Traceback (most recent call last):
  File "/home/sjc/.local/lib/python3.7/site-packages/broadlink/device.py", line 320, in send_packet
    resp, _ = conn.recvfrom(2048)
socket.timeout: timed out

During handling of the above exception, another exception occurred:

Traceback (most recent call last):
  File "mqtt.py", line 201, in on_message
    replay(device, handy_file)
  File "mqtt.py", line 318, in replay
    device.send_data(binascii.unhexlify(ir_packet.strip()))
  File "/home/sjc/.local/lib/python3.7/site-packages/broadlink/remote.py", line 30, in send_data
    response = self.send_packet(0x6a, packet)
  File "/home/sjc/.local/lib/python3.7/site-packages/broadlink/device.py", line 325, in send_packet
    raise exception(-4000)  # Network timeout.
broadlink.exceptions.NetworkTimeoutError: [Errno -4000] Network timeout
[2021-01-30 20:42:40,324] ERROR Error
Traceback (most recent call last):
  File "/home/sjc/.local/lib/python3.7/site-packages/broadlink/device.py", line 320, in send_packet
    resp, _ = conn.recvfrom(2048)
socket.timeout: timed out

During handling of the above exception, another exception occurred:

Traceback (most recent call last):
  File "mqtt.py", line 484, in broadlink_rm_temperature_timer
    temperature = str(device.check_temperature())
  File "/home/sjc/.local/lib/python3.7/site-packages/broadlink/remote.py", line 108, in check_temperature
    data = self._check_sensors(0x24)
  File "/home/sjc/.local/lib/python3.7/site-packages/broadlink/remote.py", line 80, in _check_sensors
    response = self.send_packet(0x6a, packet)
  File "/home/sjc/.local/lib/python3.7/site-packages/broadlink/device.py", line 325, in send_packet
    raise exception(-4000)  # Network timeout.
broadlink.exceptions.NetworkTimeoutError: [Errno -4000] Network timeout
[2021-01-30 20:44:40,419] ERROR Error
Traceback (most recent call last):
  File "/home/sjc/.local/lib/python3.7/site-packages/broadlink/device.py", line 320, in send_packet
    resp, _ = conn.recvfrom(2048)
socket.timeout: timed out

During handling of the above exception, another exception occurred:

Traceback (most recent call last):
  File "mqtt.py", line 484, in broadlink_rm_temperature_timer
    temperature = str(device.check_temperature())
  File "/home/sjc/.local/lib/python3.7/site-packages/broadlink/remote.py", line 108, in check_temperature
    data = self._check_sensors(0x24)
  File "/home/sjc/.local/lib/python3.7/site-packages/broadlink/remote.py", line 80, in _check_sensors
    response = self.send_packet(0x6a, packet)
  File "/home/sjc/.local/lib/python3.7/site-packages/broadlink/device.py", line 325, in send_packet
    raise exception(-4000)  # Network timeout.
broadlink.exceptions.NetworkTimeoutError: [Errno -4000] Network timeout
[2021-01-30 20:46:30,543] DEBUG Sending RM temperature 0.0 to topic broadlink/temperature
[2021-01-30 20:46:30,569] DEBUG Sending RM humidity 0.0 to topic broadlink/humidity
[2021-01-30 20:48:40,620] ERROR Error
Traceback (most recent call last):
  File "/home/sjc/.local/lib/python3.7/site-packages/broadlink/device.py", line 320, in send_packet
    resp, _ = conn.recvfrom(2048)
socket.timeout: timed out

During handling of the above exception, another exception occurred:

Traceback (most recent call last):
  File "mqtt.py", line 484, in broadlink_rm_temperature_timer
    temperature = str(device.check_temperature())
  File "/home/sjc/.local/lib/python3.7/site-packages/broadlink/remote.py", line 108, in check_temperature
    data = self._check_sensors(0x24)
  File "/home/sjc/.local/lib/python3.7/site-packages/broadlink/remote.py", line 80, in _check_sensors
    response = self.send_packet(0x6a, packet)
  File "/home/sjc/.local/lib/python3.7/site-packages/broadlink/device.py", line 325, in send_packet
    raise exception(-4000)  # Network timeout.
broadlink.exceptions.NetworkTimeoutError: [Errno -4000] Network timeout
[2021-01-30 20:50:40,731] ERROR Error
Traceback (most recent call last):
  File "/home/sjc/.local/lib/python3.7/site-packages/broadlink/device.py", line 320, in send_packet
    resp, _ = conn.recvfrom(2048)
socket.timeout: timed out

During handling of the above exception, another exception occurred:

Traceback (most recent call last):
  File "mqtt.py", line 484, in broadlink_rm_temperature_timer
    temperature = str(device.check_temperature())
  File "/home/sjc/.local/lib/python3.7/site-packages/broadlink/remote.py", line 108, in check_temperature
    data = self._check_sensors(0x24)
  File "/home/sjc/.local/lib/python3.7/site-packages/broadlink/remote.py", line 80, in _check_sensors
    response = self.send_packet(0x6a, packet)
  File "/home/sjc/.local/lib/python3.7/site-packages/broadlink/device.py", line 325, in send_packet
    raise exception(-4000)  # Network timeout.
broadlink.exceptions.NetworkTimeoutError: [Errno -4000] Network timeout
[2021-01-30 20:52:30,881] DEBUG Sending RM temperature 0.0 to topic broadlink/temperature
[2021-01-30 20:52:30,906] DEBUG Sending RM humidity 0.0 to topic broadlink/humidity
[2021-01-30 20:54:40,919] ERROR Error
Traceback (most recent call last):
  File "/home/sjc/.local/lib/python3.7/site-packages/broadlink/device.py", line 320, in send_packet
    resp, _ = conn.recvfrom(2048)
socket.timeout: timed out

During handling of the above exception, another exception occurred:

Traceback (most recent call last):
  File "mqtt.py", line 484, in broadlink_rm_temperature_timer
    temperature = str(device.check_temperature())
  File "/home/sjc/.local/lib/python3.7/site-packages/broadlink/remote.py", line 108, in check_temperature
    data = self._check_sensors(0x24)
  File "/home/sjc/.local/lib/python3.7/site-packages/broadlink/remote.py", line 80, in _check_sensors
    response = self.send_packet(0x6a, packet)
  File "/home/sjc/.local/lib/python3.7/site-packages/broadlink/device.py", line 325, in send_packet
    raise exception(-4000)  # Network timeout.
broadlink.exceptions.NetworkTimeoutError: [Errno -4000] Network timeout
[2021-01-30 20:55:11,346] DEBUG Received MQTT message broadlink/record proyectoron Command: record Device_Type: RM4 
[2021-01-30 20:55:11,346] DEBUG Replaying command from file /home/sjc/Broadlink_Mqtt/broadlink-mqtt/commands/proyectoron
[2021-01-30 20:55:21,356] ERROR Error
Traceback (most recent call last):
  File "/home/sjc/.local/lib/python3.7/site-packages/broadlink/device.py", line 320, in send_packet
    resp, _ = conn.recvfrom(2048)
socket.timeout: timed out

During handling of the above exception, another exception occurred:

Traceback (most recent call last):
  File "mqtt.py", line 201, in on_message
    replay(device, handy_file)
  File "mqtt.py", line 318, in replay
    device.send_data(binascii.unhexlify(ir_packet.strip()))
  File "/home/sjc/.local/lib/python3.7/site-packages/broadlink/remote.py", line 30, in send_data
    response = self.send_packet(0x6a, packet)
  File "/home/sjc/.local/lib/python3.7/site-packages/broadlink/device.py", line 325, in send_packet
    raise exception(-4000)  # Network timeout.
broadlink.exceptions.NetworkTimeoutError: [Errno -4000] Network timeout
[2021-01-30 20:55:49,887] DEBUG Received MQTT message broadlink/record proyectoron Command: record Device_Type: RM4 
[2021-01-30 20:55:49,888] DEBUG Replaying command from file /home/sjc/Broadlink_Mqtt/broadlink-mqtt/commands/proyectoron
[2021-01-30 20:56:16,340] DEBUG Received MQTT message broadlink/record proyectoron Command: record Device_Type: RM4 
[2021-01-30 20:56:16,341] DEBUG Replaying command from file /home/sjc/Broadlink_Mqtt/broadlink-mqtt/commands/proyectoron
[2021-01-30 20:56:31,035] DEBUG Sending RM temperature 0.0 to topic broadlink/temperature
[2021-01-30 20:56:31,059] DEBUG Sending RM humidity 0.0 to topic broadlink/humidity
[2021-01-30 20:56:35,022] DEBUG Received MQTT message broadlink/record proyectoron Command: record Device_Type: RM4 
[2021-01-30 20:56:35,022] DEBUG Replaying command from file /home/sjc/Broadlink_Mqtt/broadlink-mqtt/commands/proyectoron
[2021-01-30 20:56:47,419] DEBUG Received MQTT message broadlink/record proyectoron Command: record Device_Type: RM4 
[2021-01-30 20:56:47,419] DEBUG Replaying command from file /home/sjc/Broadlink_Mqtt/broadlink-mqtt/commands/proyectoron
[2021-01-30 20:57:12,579] DEBUG Received MQTT message broadlink/record proyectoron Command: record Device_Type: RM4 
[2021-01-30 20:57:12,579] DEBUG Replaying command from file /home/sjc/Broadlink_Mqtt/broadlink-mqtt/commands/proyectoron
[2021-01-30 20:57:22,588] ERROR Error
Traceback (most recent call last):
  File "/home/sjc/.local/lib/python3.7/site-packages/broadlink/device.py", line 320, in send_packet
    resp, _ = conn.recvfrom(2048)
socket.timeout: timed out

During handling of the above exception, another exception occurred:

Traceback (most recent call last):
  File "mqtt.py", line 201, in on_message
    replay(device, handy_file)
  File "mqtt.py", line 318, in replay
    device.send_data(binascii.unhexlify(ir_packet.strip()))
  File "/home/sjc/.local/lib/python3.7/site-packages/broadlink/remote.py", line 30, in send_data
    response = self.send_packet(0x6a, packet)
  File "/home/sjc/.local/lib/python3.7/site-packages/broadlink/device.py", line 325, in send_packet
    raise exception(-4000)  # Network timeout.
broadlink.exceptions.NetworkTimeoutError: [Errno -4000] Network timeout
[2021-01-30 20:57:25,696] DEBUG Received MQTT message broadlink/record proyectoron Command: record Device_Type: RM4 
[2021-01-30 20:57:25,696] DEBUG Replaying command from file /home/sjc/Broadlink_Mqtt/broadlink-mqtt/commands/proyectoron
[2021-01-30 20:57:35,709] ERROR Error
Traceback (most recent call last):
  File "/home/sjc/.local/lib/python3.7/site-packages/broadlink/device.py", line 320, in send_packet
    resp, _ = conn.recvfrom(2048)
socket.timeout: timed out

During handling of the above exception, another exception occurred:

Traceback (most recent call last):
  File "mqtt.py", line 201, in on_message
    replay(device, handy_file)
  File "mqtt.py", line 318, in replay
    device.send_data(binascii.unhexlify(ir_packet.strip()))
  File "/home/sjc/.local/lib/python3.7/site-packages/broadlink/remote.py", line 30, in send_data
    response = self.send_packet(0x6a, packet)
  File "/home/sjc/.local/lib/python3.7/site-packages/broadlink/device.py", line 325, in send_packet
    raise exception(-4000)  # Network timeout.
broadlink.exceptions.NetworkTimeoutError: [Errno -4000] Network timeout
[2021-01-30 20:58:33,493] DEBUG Received MQTT message broadlink/record proyectoron Command: record Device_Type: RM4 
[2021-01-30 20:58:33,493] DEBUG Replaying command from file /home/sjc/Broadlink_Mqtt/broadlink-mqtt/commands/proyectoron
[2021-01-30 20:58:41,121] ERROR Error
Traceback (most recent call last):
  File "/home/sjc/.local/lib/python3.7/site-packages/broadlink/device.py", line 320, in send_packet
    resp, _ = conn.recvfrom(2048)
socket.timeout: timed out

During handling of the above exception, another exception occurred:

Traceback (most recent call last):
  File "mqtt.py", line 484, in broadlink_rm_temperature_timer
    temperature = str(device.check_temperature())
  File "/home/sjc/.local/lib/python3.7/site-packages/broadlink/remote.py", line 108, in check_temperature
    data = self._check_sensors(0x24)
  File "/home/sjc/.local/lib/python3.7/site-packages/broadlink/remote.py", line 80, in _check_sensors
    response = self.send_packet(0x6a, packet)
  File "/home/sjc/.local/lib/python3.7/site-packages/broadlink/device.py", line 325, in send_packet
    raise exception(-4000)  # Network timeout.
broadlink.exceptions.NetworkTimeoutError: [Errno -4000] Network timeout
[2021-01-30 20:58:44,124] ERROR Error
Traceback (most recent call last):
  File "/home/sjc/.local/lib/python3.7/site-packages/broadlink/device.py", line 320, in send_packet
    resp, _ = conn.recvfrom(2048)
socket.timeout: timed out

During handling of the above exception, another exception occurred:

Traceback (most recent call last):
  File "mqtt.py", line 201, in on_message
    replay(device, handy_file)
  File "mqtt.py", line 318, in replay
    device.send_data(binascii.unhexlify(ir_packet.strip()))
  File "/home/sjc/.local/lib/python3.7/site-packages/broadlink/remote.py", line 30, in send_data
    response = self.send_packet(0x6a, packet)
  File "/home/sjc/.local/lib/python3.7/site-packages/broadlink/device.py", line 325, in send_packet
    raise exception(-4000)  # Network timeout.
broadlink.exceptions.NetworkTimeoutError: [Errno -4000] Network timeout
[2021-01-30 21:00:41,221] ERROR Error
Traceback (most recent call last):
  File "/home/sjc/.local/lib/python3.7/site-packages/broadlink/device.py", line 320, in send_packet
    resp, _ = conn.recvfrom(2048)
socket.timeout: timed out

During handling of the above exception, another exception occurred:

Traceback (most recent call last):
  File "mqtt.py", line 484, in broadlink_rm_temperature_timer
    temperature = str(device.check_temperature())
  File "/home/sjc/.local/lib/python3.7/site-packages/broadlink/remote.py", line 108, in check_temperature
    data = self._check_sensors(0x24)
  File "/home/sjc/.local/lib/python3.7/site-packages/broadlink/remote.py", line 80, in _check_sensors
    response = self.send_packet(0x6a, packet)
  File "/home/sjc/.local/lib/python3.7/site-packages/broadlink/device.py", line 325, in send_packet
    raise exception(-4000)  # Network timeout.
broadlink.exceptions.NetworkTimeoutError: [Errno -4000] Network timeout
[2021-01-30 21:01:07,571] DEBUG Received MQTT message broadlink/record proyectoron Command: record Device_Type: RM4 
[2021-01-30 21:01:07,572] DEBUG Replaying command from file /home/sjc/Broadlink_Mqtt/broadlink-mqtt/commands/proyectoron
[2021-01-30 21:01:10,981] DEBUG Received MQTT message broadlink/record proyectoron Command: record Device_Type: RM4 
[2021-01-30 21:01:10,981] DEBUG Replaying command from file /home/sjc/Broadlink_Mqtt/broadlink-mqtt/commands/proyectoron
[2021-01-30 21:02:41,321] ERROR Error
Traceback (most recent call last):
  File "/home/sjc/.local/lib/python3.7/site-packages/broadlink/device.py", line 320, in send_packet
    resp, _ = conn.recvfrom(2048)
socket.timeout: timed out

During handling of the above exception, another exception occurred:

Traceback (most recent call last):
  File "mqtt.py", line 484, in broadlink_rm_temperature_timer
    temperature = str(device.check_temperature())
  File "/home/sjc/.local/lib/python3.7/site-packages/broadlink/remote.py", line 108, in check_temperature
    data = self._check_sensors(0x24)
  File "/home/sjc/.local/lib/python3.7/site-packages/broadlink/remote.py", line 80, in _check_sensors
    response = self.send_packet(0x6a, packet)
  File "/home/sjc/.local/lib/python3.7/site-packages/broadlink/device.py", line 325, in send_packet
    raise exception(-4000)  # Network timeout.
broadlink.exceptions.NetworkTimeoutError: [Errno -4000] Network timeout
[2021-01-30 21:04:41,420] ERROR Error
Traceback (most recent call last):
  File "/home/sjc/.local/lib/python3.7/site-packages/broadlink/device.py", line 320, in send_packet
    resp, _ = conn.recvfrom(2048)
socket.timeout: timed out

During handling of the above exception, another exception occurred:

Traceback (most recent call last):
  File "mqtt.py", line 484, in broadlink_rm_temperature_timer
    temperature = str(device.check_temperature())
  File "/home/sjc/.local/lib/python3.7/site-packages/broadlink/remote.py", line 108, in check_temperature
    data = self._check_sensors(0x24)
  File "/home/sjc/.local/lib/python3.7/site-packages/broadlink/remote.py", line 80, in _check_sensors
    response = self.send_packet(0x6a, packet)
  File "/home/sjc/.local/lib/python3.7/site-packages/broadlink/device.py", line 325, in send_packet
    raise exception(-4000)  # Network timeout.
broadlink.exceptions.NetworkTimeoutError: [Errno -4000] Network timeout
[2021-01-30 21:06:41,520] ERROR Error
Traceback (most recent call last):
  File "/home/sjc/.local/lib/python3.7/site-packages/broadlink/device.py", line 320, in send_packet
    resp, _ = conn.recvfrom(2048)
socket.timeout: timed out

During handling of the above exception, another exception occurred:

Traceback (most recent call last):
  File "mqtt.py", line 484, in broadlink_rm_temperature_timer
    temperature = str(device.check_temperature())
  File "/home/sjc/.local/lib/python3.7/site-packages/broadlink/remote.py", line 108, in check_temperature
    data = self._check_sensors(0x24)
  File "/home/sjc/.local/lib/python3.7/site-packages/broadlink/remote.py", line 80, in _check_sensors
    response = self.send_packet(0x6a, packet)
  File "/home/sjc/.local/lib/python3.7/site-packages/broadlink/device.py", line 325, in send_packet
    raise exception(-4000)  # Network timeout.
broadlink.exceptions.NetworkTimeoutError: [Errno -4000] Network timeout
[2021-01-30 21:08:41,620] ERROR Error
Traceback (most recent call last):
  File "/home/sjc/.local/lib/python3.7/site-packages/broadlink/device.py", line 320, in send_packet
    resp, _ = conn.recvfrom(2048)
socket.timeout: timed out

During handling of the above exception, another exception occurred:

Traceback (most recent call last):
  File "mqtt.py", line 484, in broadlink_rm_temperature_timer
    temperature = str(device.check_temperature())
  File "/home/sjc/.local/lib/python3.7/site-packages/broadlink/remote.py", line 108, in check_temperature
    data = self._check_sensors(0x24)
  File "/home/sjc/.local/lib/python3.7/site-packages/broadlink/remote.py", line 80, in _check_sensors
    response = self.send_packet(0x6a, packet)
  File "/home/sjc/.local/lib/python3.7/site-packages/broadlink/device.py", line 325, in send_packet
    raise exception(-4000)  # Network timeout.
broadlink.exceptions.NetworkTimeoutError: [Errno -4000] Network timeout
[2021-01-30 21:10:41,721] ERROR Error
Traceback (most recent call last):
  File "/home/sjc/.local/lib/python3.7/site-packages/broadlink/device.py", line 320, in send_packet
    resp, _ = conn.recvfrom(2048)
socket.timeout: timed out

During handling of the above exception, another exception occurred:

Traceback (most recent call last):
  File "mqtt.py", line 484, in broadlink_rm_temperature_timer
    temperature = str(device.check_temperature())
  File "/home/sjc/.local/lib/python3.7/site-packages/broadlink/remote.py", line 108, in check_temperature
    data = self._check_sensors(0x24)
  File "/home/sjc/.local/lib/python3.7/site-packages/broadlink/remote.py", line 80, in _check_sensors
    response = self.send_packet(0x6a, packet)
  File "/home/sjc/.local/lib/python3.7/site-packages/broadlink/device.py", line 325, in send_packet
    raise exception(-4000)  # Network timeout.
broadlink.exceptions.NetworkTimeoutError: [Errno -4000] Network timeout
[2021-01-30 21:12:41,820] ERROR Error
Traceback (most recent call last):
  File "/home/sjc/.local/lib/python3.7/site-packages/broadlink/device.py", line 320, in send_packet
    resp, _ = conn.recvfrom(2048)
socket.timeout: timed out

During handling of the above exception, another exception occurred:

Traceback (most recent call last):
  File "mqtt.py", line 484, in broadlink_rm_temperature_timer
    temperature = str(device.check_temperature())
  File "/home/sjc/.local/lib/python3.7/site-packages/broadlink/remote.py", line 108, in check_temperature
    data = self._check_sensors(0x24)
  File "/home/sjc/.local/lib/python3.7/site-packages/broadlink/remote.py", line 80, in _check_sensors
    response = self.send_packet(0x6a, packet)
  File "/home/sjc/.local/lib/python3.7/site-packages/broadlink/device.py", line 325, in send_packet
    raise exception(-4000)  # Network timeout.
broadlink.exceptions.NetworkTimeoutError: [Errno -4000] Network timeout
[2021-01-30 21:14:41,920] ERROR Error
Traceback (most recent call last):
  File "/home/sjc/.local/lib/python3.7/site-packages/broadlink/device.py", line 320, in send_packet
    resp, _ = conn.recvfrom(2048)
socket.timeout: timed out

During handling of the above exception, another exception occurred:

Traceback (most recent call last):
  File "mqtt.py", line 484, in broadlink_rm_temperature_timer
    temperature = str(device.check_temperature())
  File "/home/sjc/.local/lib/python3.7/site-packages/broadlink/remote.py", line 108, in check_temperature
    data = self._check_sensors(0x24)
  File "/home/sjc/.local/lib/python3.7/site-packages/broadlink/remote.py", line 80, in _check_sensors
    response = self.send_packet(0x6a, packet)
  File "/home/sjc/.local/lib/python3.7/site-packages/broadlink/device.py", line 325, in send_packet
    raise exception(-4000)  # Network timeout.
broadlink.exceptions.NetworkTimeoutError: [Errno -4000] Network timeout
[2021-01-30 21:16:42,021] ERROR Error
Traceback (most recent call last):
  File "/home/sjc/.local/lib/python3.7/site-packages/broadlink/device.py", line 320, in send_packet
    resp, _ = conn.recvfrom(2048)
socket.timeout: timed out

During handling of the above exception, another exception occurred:

Traceback (most recent call last):
  File "mqtt.py", line 484, in broadlink_rm_temperature_timer
    temperature = str(device.check_temperature())
  File "/home/sjc/.local/lib/python3.7/site-packages/broadlink/remote.py", line 108, in check_temperature
    data = self._check_sensors(0x24)
  File "/home/sjc/.local/lib/python3.7/site-packages/broadlink/remote.py", line 80, in _check_sensors
    response = self.send_packet(0x6a, packet)
  File "/home/sjc/.local/lib/python3.7/site-packages/broadlink/device.py", line 325, in send_packet
    raise exception(-4000)  # Network timeout.
broadlink.exceptions.NetworkTimeoutError: [Errno -4000] Network timeout
[2021-01-30 21:18:42,121] ERROR Error
Traceback (most recent call last):
  File "/home/sjc/.local/lib/python3.7/site-packages/broadlink/device.py", line 320, in send_packet
    resp, _ = conn.recvfrom(2048)
socket.timeout: timed out

During handling of the above exception, another exception occurred:

Traceback (most recent call last):
  File "mqtt.py", line 484, in broadlink_rm_temperature_timer
    temperature = str(device.check_temperature())
  File "/home/sjc/.local/lib/python3.7/site-packages/broadlink/remote.py", line 108, in check_temperature
    data = self._check_sensors(0x24)
  File "/home/sjc/.local/lib/python3.7/site-packages/broadlink/remote.py", line 80, in _check_sensors
    response = self.send_packet(0x6a, packet)
  File "/home/sjc/.local/lib/python3.7/site-packages/broadlink/device.py", line 325, in send_packet
    raise exception(-4000)  # Network timeout.
broadlink.exceptions.NetworkTimeoutError: [Errno -4000] Network timeout
[2021-01-30 21:20:42,221] ERROR Error
Traceback (most recent call last):
  File "/home/sjc/.local/lib/python3.7/site-packages/broadlink/device.py", line 320, in send_packet
    resp, _ = conn.recvfrom(2048)
socket.timeout: timed out

During handling of the above exception, another exception occurred:

Traceback (most recent call last):
  File "mqtt.py", line 484, in broadlink_rm_temperature_timer
    temperature = str(device.check_temperature())
  File "/home/sjc/.local/lib/python3.7/site-packages/broadlink/remote.py", line 108, in check_temperature
    data = self._check_sensors(0x24)
  File "/home/sjc/.local/lib/python3.7/site-packages/broadlink/remote.py", line 80, in _check_sensors
    response = self.send_packet(0x6a, packet)
  File "/home/sjc/.local/lib/python3.7/site-packages/broadlink/device.py", line 325, in send_packet
    raise exception(-4000)  # Network timeout.
broadlink.exceptions.NetworkTimeoutError: [Errno -4000] Network timeout
[2021-01-30 21:22:42,319] ERROR Error
Traceback (most recent call last):
  File "/home/sjc/.local/lib/python3.7/site-packages/broadlink/device.py", line 320, in send_packet
    resp, _ = conn.recvfrom(2048)
socket.timeout: timed out

During handling of the above exception, another exception occurred:

Traceback (most recent call last):
  File "mqtt.py", line 484, in broadlink_rm_temperature_timer
    temperature = str(device.check_temperature())
  File "/home/sjc/.local/lib/python3.7/site-packages/broadlink/remote.py", line 108, in check_temperature
    data = self._check_sensors(0x24)
  File "/home/sjc/.local/lib/python3.7/site-packages/broadlink/remote.py", line 80, in _check_sensors
    response = self.send_packet(0x6a, packet)
  File "/home/sjc/.local/lib/python3.7/site-packages/broadlink/device.py", line 325, in send_packet
    raise exception(-4000)  # Network timeout.
broadlink.exceptions.NetworkTimeoutError: [Errno -4000] Network timeout
[2021-01-30 21:24:42,421] ERROR Error
Traceback (most recent call last):
  File "/home/sjc/.local/lib/python3.7/site-packages/broadlink/device.py", line 320, in send_packet
    resp, _ = conn.recvfrom(2048)
socket.timeout: timed out

During handling of the above exception, another exception occurred:

Traceback (most recent call last):
  File "mqtt.py", line 484, in broadlink_rm_temperature_timer
    temperature = str(device.check_temperature())
  File "/home/sjc/.local/lib/python3.7/site-packages/broadlink/remote.py", line 108, in check_temperature
    data = self._check_sensors(0x24)
  File "/home/sjc/.local/lib/python3.7/site-packages/broadlink/remote.py", line 80, in _check_sensors
    response = self.send_packet(0x6a, packet)
  File "/home/sjc/.local/lib/python3.7/site-packages/broadlink/device.py", line 325, in send_packet
    raise exception(-4000)  # Network timeout.
broadlink.exceptions.NetworkTimeoutError: [Errno -4000] Network timeout
[2021-01-30 21:26:42,520] ERROR Error
Traceback (most recent call last):
  File "/home/sjc/.local/lib/python3.7/site-packages/broadlink/device.py", line 320, in send_packet
    resp, _ = conn.recvfrom(2048)
socket.timeout: timed out

During handling of the above exception, another exception occurred:

Traceback (most recent call last):
  File "mqtt.py", line 484, in broadlink_rm_temperature_timer
    temperature = str(device.check_temperature())
  File "/home/sjc/.local/lib/python3.7/site-packages/broadlink/remote.py", line 108, in check_temperature
    data = self._check_sensors(0x24)
  File "/home/sjc/.local/lib/python3.7/site-packages/broadlink/remote.py", line 80, in _check_sensors
    response = self.send_packet(0x6a, packet)
  File "/home/sjc/.local/lib/python3.7/site-packages/broadlink/device.py", line 325, in send_packet
    raise exception(-4000)  # Network timeout.
broadlink.exceptions.NetworkTimeoutError: [Errno -4000] Network timeout
[2021-01-30 21:28:42,621] ERROR Error
Traceback (most recent call last):
  File "/home/sjc/.local/lib/python3.7/site-packages/broadlink/device.py", line 320, in send_packet
    resp, _ = conn.recvfrom(2048)
socket.timeout: timed out

During handling of the above exception, another exception occurred:

Traceback (most recent call last):
  File "mqtt.py", line 484, in broadlink_rm_temperature_timer
    temperature = str(device.check_temperature())
  File "/home/sjc/.local/lib/python3.7/site-packages/broadlink/remote.py", line 108, in check_temperature
    data = self._check_sensors(0x24)
  File "/home/sjc/.local/lib/python3.7/site-packages/broadlink/remote.py", line 80, in _check_sensors
    response = self.send_packet(0x6a, packet)
  File "/home/sjc/.local/lib/python3.7/site-packages/broadlink/device.py", line 325, in send_packet
    raise exception(-4000)  # Network timeout.
broadlink.exceptions.NetworkTimeoutError: [Errno -4000] Network timeout
[2021-01-31 19:39:39,420] ERROR No Broadlink device found
[2021-01-31 19:40:26,959] ERROR No Broadlink device found
[2021-01-31 19:43:42,425] DEBUG Connected to 'RM4' Broadlink device at '192.168.1.100' (MAC a0:43:b0:53:f3:09) and started listening to MQTT commands at 'broadlink/#' 
[2021-01-31 19:43:42,427] DEBUG Connected to MQTT broker, subscribing to topic broadlink/#
[2021-01-31 19:44:40,017] DEBUG Received MQTT message broadlink/record proyectoron Command: record Device_Type: RM4 
[2021-01-31 19:44:40,017] DEBUG Replaying command from file /home/sjc/Broadlink_Mqtt/broadlink-mqtt/commands/proyectoron
[2021-01-31 19:45:04,864] DEBUG Received MQTT message broadlink/record proyectoron Command: record Device_Type: RM4 
[2021-01-31 19:45:04,864] DEBUG Replaying command from file /home/sjc/Broadlink_Mqtt/broadlink-mqtt/commands/proyectoron
[2021-01-31 19:45:09,375] DEBUG Received MQTT message broadlink/record proyectoron Command: record Device_Type: RM4 
[2021-01-31 19:45:09,375] DEBUG Replaying command from file /home/sjc/Broadlink_Mqtt/broadlink-mqtt/commands/proyectoron
[2021-01-31 19:45:42,479] DEBUG Sending RM temperature 0.0 to topic broadlink/temperature
[2021-01-31 19:45:42,505] DEBUG Sending RM humidity 0.0 to topic broadlink/humidity
[2021-01-31 19:46:12,102] DEBUG Received MQTT message broadlink/record proyectoron Command: record Device_Type: RM4 
[2021-01-31 19:46:12,103] DEBUG Replaying command from file /home/sjc/Broadlink_Mqtt/broadlink-mqtt/commands/proyectoron
[2021-01-31 19:47:42,554] DEBUG Sending RM temperature 0.0 to topic broadlink/temperature
[2021-01-31 19:47:42,579] DEBUG Sending RM humidity 0.0 to topic broadlink/humidity
[2021-01-31 19:49:42,652] DEBUG Sending RM temperature 0.0 to topic broadlink/temperature
[2021-01-31 19:49:42,677] DEBUG Sending RM humidity 0.0 to topic broadlink/humidity
[2021-01-31 19:51:42,751] DEBUG Sending RM temperature 0.0 to topic broadlink/temperature
[2021-01-31 19:51:42,777] DEBUG Sending RM humidity 0.0 to topic broadlink/humidity
[2021-01-31 19:53:42,851] DEBUG Sending RM temperature 0.0 to topic broadlink/temperature
[2021-01-31 19:53:42,875] DEBUG Sending RM humidity 0.0 to topic broadlink/humidity
[2021-01-31 19:55:42,952] DEBUG Sending RM temperature 0.0 to topic broadlink/temperature
[2021-01-31 19:55:42,978] DEBUG Sending RM humidity 0.0 to topic broadlink/humidity
[2021-01-31 19:57:43,051] DEBUG Sending RM temperature 0.0 to topic broadlink/temperature
[2021-01-31 19:57:43,079] DEBUG Sending RM humidity 0.0 to topic broadlink/humidity
[2021-01-31 19:59:43,151] DEBUG Sending RM temperature 0.0 to topic broadlink/temperature
[2021-01-31 19:59:43,175] DEBUG Sending RM humidity 0.0 to topic broadlink/humidity
[2021-01-31 20:01:43,252] DEBUG Sending RM temperature 0.0 to topic broadlink/temperature
[2021-01-31 20:01:43,277] DEBUG Sending RM humidity 0.0 to topic broadlink/humidity
[2021-01-31 20:03:43,352] DEBUG Sending RM temperature 0.0 to topic broadlink/temperature
[2021-01-31 20:03:43,376] DEBUG Sending RM humidity 0.0 to topic broadlink/humidity
[2021-01-31 20:05:43,451] DEBUG Sending RM temperature 0.0 to topic broadlink/temperature
[2021-01-31 20:05:43,475] DEBUG Sending RM humidity 0.0 to topic broadlink/humidity
[2021-01-31 20:07:43,551] DEBUG Sending RM temperature 0.0 to topic broadlink/temperature
[2021-01-31 20:07:43,576] DEBUG Sending RM humidity 0.0 to topic broadlink/humidity
[2021-01-31 20:09:43,653] DEBUG Sending RM temperature 0.0 to topic broadlink/temperature
[2021-01-31 20:09:43,677] DEBUG Sending RM humidity 0.0 to topic broadlink/humidity
[2021-01-31 20:11:43,753] DEBUG Sending RM temperature 0.0 to topic broadlink/temperature
[2021-01-31 20:11:43,777] DEBUG Sending RM humidity 0.0 to topic broadlink/humidity
[2021-01-31 20:13:43,850] DEBUG Sending RM temperature 0.0 to topic broadlink/temperature
[2021-01-31 20:13:43,875] DEBUG Sending RM humidity 0.0 to topic broadlink/humidity
[2021-01-31 20:15:43,951] DEBUG Sending RM temperature 0.0 to topic broadlink/temperature
[2021-01-31 20:15:43,974] DEBUG Sending RM humidity 0.0 to topic broadlink/humidity
[2021-01-31 20:17:44,051] DEBUG Sending RM temperature 0.0 to topic broadlink/temperature
[2021-01-31 20:17:44,076] DEBUG Sending RM humidity 0.0 to topic broadlink/humidity
[2021-01-31 20:19:44,151] DEBUG Sending RM temperature 0.0 to topic broadlink/temperature
[2021-01-31 20:19:44,177] DEBUG Sending RM humidity 0.0 to topic broadlink/humidity
[2021-01-31 20:21:44,252] DEBUG Sending RM temperature 0.0 to topic broadlink/temperature
[2021-01-31 20:21:44,277] DEBUG Sending RM humidity 0.0 to topic broadlink/humidity
[2021-01-31 20:23:44,352] DEBUG Sending RM temperature 0.0 to topic broadlink/temperature
[2021-01-31 20:23:44,377] DEBUG Sending RM humidity 0.0 to topic broadlink/humidity
[2021-01-31 20:25:44,454] DEBUG Sending RM temperature 0.0 to topic broadlink/temperature
[2021-01-31 20:25:44,479] DEBUG Sending RM humidity 0.0 to topic broadlink/humidity
[2021-01-31 20:27:44,551] DEBUG Sending RM temperature 0.0 to topic broadlink/temperature
[2021-01-31 20:27:44,575] DEBUG Sending RM humidity 0.0 to topic broadlink/humidity
[2021-01-31 20:29:44,651] DEBUG Sending RM temperature 0.0 to topic broadlink/temperature
[2021-01-31 20:29:44,676] DEBUG Sending RM humidity 0.0 to topic broadlink/humidity
[2021-01-31 20:31:44,751] DEBUG Sending RM temperature 0.0 to topic broadlink/temperature
[2021-01-31 20:31:44,774] DEBUG Sending RM humidity 0.0 to topic broadlink/humidity
[2021-01-31 20:33:44,851] DEBUG Sending RM temperature 0.0 to topic broadlink/temperature
[2021-01-31 20:33:44,876] DEBUG Sending RM humidity 0.0 to topic broadlink/humidity
[2021-01-31 20:35:44,954] DEBUG Sending RM temperature 0.0 to topic broadlink/temperature
[2021-01-31 20:35:44,977] DEBUG Sending RM humidity 0.0 to topic broadlink/humidity
[2021-01-31 20:37:45,050] DEBUG Sending RM temperature 0.0 to topic broadlink/temperature
[2021-01-31 20:37:45,075] DEBUG Sending RM humidity 0.0 to topic broadlink/humidity
[2021-01-31 20:39:45,153] DEBUG Sending RM temperature 0.0 to topic broadlink/temperature
[2021-01-31 20:39:45,184] DEBUG Sending RM humidity 0.0 to topic broadlink/humidity
[2021-01-31 20:41:45,251] DEBUG Sending RM temperature 0.0 to topic broadlink/temperature
[2021-01-31 20:41:45,274] DEBUG Sending RM humidity 0.0 to topic broadlink/humidity
[2021-01-31 20:43:45,353] DEBUG Sending RM temperature 0.0 to topic broadlink/temperature
[2021-01-31 20:43:45,376] DEBUG Sending RM humidity 0.0 to topic broadlink/humidity
[2021-01-31 20:45:45,450] DEBUG Sending RM temperature 0.0 to topic broadlink/temperature
[2021-01-31 20:45:45,475] DEBUG Sending RM humidity 0.0 to topic broadlink/humidity
[2021-01-31 20:47:45,553] DEBUG Sending RM temperature 0.0 to topic broadlink/temperature
[2021-01-31 20:47:45,582] DEBUG Sending RM humidity 0.0 to topic broadlink/humidity
[2021-01-31 20:49:45,644] DEBUG Sending RM temperature 0.0 to topic broadlink/temperature
[2021-01-31 20:49:45,670] DEBUG Sending RM humidity 0.0 to topic broadlink/humidity
[2021-01-31 20:51:45,694] DEBUG Sending RM temperature 0.0 to topic broadlink/temperature
[2021-01-31 20:51:45,720] DEBUG Sending RM humidity 0.0 to topic broadlink/humidity
[2021-01-31 20:53:45,760] DEBUG Sending RM temperature 0.0 to topic broadlink/temperature
[2021-01-31 20:53:45,785] DEBUG Sending RM humidity 0.0 to topic broadlink/humidity
[2021-01-31 20:55:45,836] DEBUG Sending RM temperature 0.0 to topic broadlink/temperature
[2021-01-31 20:55:45,861] DEBUG Sending RM humidity 0.0 to topic broadlink/humidity
[2021-01-31 20:57:45,902] DEBUG Sending RM temperature 0.0 to topic broadlink/temperature
[2021-01-31 20:57:45,930] DEBUG Sending RM humidity 0.0 to topic broadlink/humidity
[2021-01-31 20:59:46,018] DEBUG Sending RM temperature 0.0 to topic broadlink/temperature
[2021-01-31 20:59:46,045] DEBUG Sending RM humidity 0.0 to topic broadlink/humidity
[2021-01-31 21:01:46,086] DEBUG Sending RM temperature 0.0 to topic broadlink/temperature
[2021-01-31 21:01:46,113] DEBUG Sending RM humidity 0.0 to topic broadlink/humidity
[2021-01-31 21:03:46,157] DEBUG Sending RM temperature 0.0 to topic broadlink/temperature
[2021-01-31 21:03:46,191] DEBUG Sending RM humidity 0.0 to topic broadlink/humidity
[2021-01-31 21:05:46,163] DEBUG Sending RM temperature 0.0 to topic broadlink/temperature
[2021-01-31 21:05:46,188] DEBUG Sending RM humidity 0.0 to topic broadlink/humidity
[2021-01-31 21:07:46,264] DEBUG Sending RM temperature 0.0 to topic broadlink/temperature
[2021-01-31 21:07:46,289] DEBUG Sending RM humidity 0.0 to topic broadlink/humidity
[2021-01-31 21:09:46,316] DEBUG Sending RM temperature 0.0 to topic broadlink/temperature
[2021-01-31 21:09:46,340] DEBUG Sending RM humidity 0.0 to topic broadlink/humidity
[2021-01-31 21:11:46,393] DEBUG Sending RM temperature 0.0 to topic broadlink/temperature
[2021-01-31 21:11:46,418] DEBUG Sending RM humidity 0.0 to topic broadlink/humidity
[2021-01-31 21:13:46,479] DEBUG Sending RM temperature 0.0 to topic broadlink/temperature
[2021-01-31 21:13:46,504] DEBUG Sending RM humidity 0.0 to topic broadlink/humidity
[2021-01-31 21:15:46,564] DEBUG Sending RM temperature 0.0 to topic broadlink/temperature
[2021-01-31 21:15:46,589] DEBUG Sending RM humidity 0.0 to topic broadlink/humidity
[2021-01-31 21:17:46,630] DEBUG Sending RM temperature 0.0 to topic broadlink/temperature
[2021-01-31 21:17:46,655] DEBUG Sending RM humidity 0.0 to topic broadlink/humidity
[2021-01-31 21:19:46,704] DEBUG Sending RM temperature 0.0 to topic broadlink/temperature
[2021-01-31 21:19:46,729] DEBUG Sending RM humidity 0.0 to topic broadlink/humidity
[2021-01-31 21:21:46,722] DEBUG Sending RM temperature 0.0 to topic broadlink/temperature
[2021-01-31 21:21:46,747] DEBUG Sending RM humidity 0.0 to topic broadlink/humidity
[2021-01-31 21:23:46,822] DEBUG Sending RM temperature 0.0 to topic broadlink/temperature
[2021-01-31 21:23:46,847] DEBUG Sending RM humidity 0.0 to topic broadlink/humidity
[2021-01-31 21:25:46,895] DEBUG Sending RM temperature 0.0 to topic broadlink/temperature
[2021-01-31 21:25:46,920] DEBUG Sending RM humidity 0.0 to topic broadlink/humidity
[2021-01-31 21:27:46,997] DEBUG Sending RM temperature 0.0 to topic broadlink/temperature
[2021-01-31 21:27:47,022] DEBUG Sending RM humidity 0.0 to topic broadlink/humidity
[2021-01-31 21:29:47,074] DEBUG Sending RM temperature 0.0 to topic broadlink/temperature
[2021-01-31 21:29:47,100] DEBUG Sending RM humidity 0.0 to topic broadlink/humidity
[2021-01-31 21:31:47,170] DEBUG Sending RM temperature 0.0 to topic broadlink/temperature
[2021-01-31 21:31:47,196] DEBUG Sending RM humidity 0.0 to topic broadlink/humidity
[2021-01-31 21:33:47,270] DEBUG Sending RM temperature 0.0 to topic broadlink/temperature
[2021-01-31 21:33:47,301] DEBUG Sending RM humidity 0.0 to topic broadlink/humidity
[2021-01-31 21:35:47,362] DEBUG Sending RM temperature 0.0 to topic broadlink/temperature
[2021-01-31 21:35:47,387] DEBUG Sending RM humidity 0.0 to topic broadlink/humidity
[2021-01-31 21:37:47,456] DEBUG Sending RM temperature 0.0 to topic broadlink/temperature
[2021-01-31 21:37:47,483] DEBUG Sending RM humidity 0.0 to topic broadlink/humidity
[2021-01-31 21:39:47,525] DEBUG Sending RM temperature 0.0 to topic broadlink/temperature
[2021-01-31 21:39:47,553] DEBUG Sending RM humidity 0.0 to topic broadlink/humidity
[2021-01-31 21:41:47,555] DEBUG Sending RM temperature 0.0 to topic broadlink/temperature
[2021-01-31 21:41:47,580] DEBUG Sending RM humidity 0.0 to topic broadlink/humidity
[2021-01-31 21:43:47,648] DEBUG Sending RM temperature 0.0 to topic broadlink/temperature
[2021-01-31 21:43:47,673] DEBUG Sending RM humidity 0.0 to topic broadlink/humidity
[2021-01-31 21:45:47,659] DEBUG Sending RM temperature 0.0 to topic broadlink/temperature
[2021-01-31 21:45:47,684] DEBUG Sending RM humidity 0.0 to topic broadlink/humidity
[2021-01-31 21:47:47,760] DEBUG Sending RM temperature 0.0 to topic broadlink/temperature
[2021-01-31 21:47:47,785] DEBUG Sending RM humidity 0.0 to topic broadlink/humidity
[2021-01-31 21:49:47,834] DEBUG Sending RM temperature 0.0 to topic broadlink/temperature
[2021-01-31 21:49:47,859] DEBUG Sending RM humidity 0.0 to topic broadlink/humidity
[2021-01-31 21:51:47,863] DEBUG Sending RM temperature 0.0 to topic broadlink/temperature
[2021-01-31 21:51:47,887] DEBUG Sending RM humidity 0.0 to topic broadlink/humidity
[2021-01-31 21:53:47,912] DEBUG Sending RM temperature 0.0 to topic broadlink/temperature
[2021-01-31 21:53:47,937] DEBUG Sending RM humidity 0.0 to topic broadlink/humidity
[2021-01-31 21:55:47,993] DEBUG Sending RM temperature 0.0 to topic broadlink/temperature
[2021-01-31 21:55:48,019] DEBUG Sending RM humidity 0.0 to topic broadlink/humidity
[2021-01-31 21:57:48,086] DEBUG Sending RM temperature 0.0 to topic broadlink/temperature
[2021-01-31 21:57:48,111] DEBUG Sending RM humidity 0.0 to topic broadlink/humidity
[2021-01-31 21:59:48,190] DEBUG Sending RM temperature 0.0 to topic broadlink/temperature
[2021-01-31 21:59:48,215] DEBUG Sending RM humidity 0.0 to topic broadlink/humidity
[2021-01-31 22:01:48,286] DEBUG Sending RM temperature 0.0 to topic broadlink/temperature
[2021-01-31 22:01:48,313] DEBUG Sending RM humidity 0.0 to topic broadlink/humidity
[2021-01-31 22:03:48,388] DEBUG Sending RM temperature 0.0 to topic broadlink/temperature
[2021-01-31 22:03:48,424] DEBUG Sending RM humidity 0.0 to topic broadlink/humidity
[2021-01-31 22:05:48,487] DEBUG Sending RM temperature 0.0 to topic broadlink/temperature
[2021-01-31 22:05:48,514] DEBUG Sending RM humidity 0.0 to topic broadlink/humidity
[2021-01-31 22:07:48,566] DEBUG Sending RM temperature 0.0 to topic broadlink/temperature
[2021-01-31 22:07:48,591] DEBUG Sending RM humidity 0.0 to topic broadlink/humidity
[2021-01-31 22:09:48,649] DEBUG Sending RM temperature 0.0 to topic broadlink/temperature
[2021-01-31 22:09:48,674] DEBUG Sending RM humidity 0.0 to topic broadlink/humidity
[2021-01-31 22:11:48,749] DEBUG Sending RM temperature 0.0 to topic broadlink/temperature
[2021-01-31 22:11:48,774] DEBUG Sending RM humidity 0.0 to topic broadlink/humidity
[2021-01-31 22:13:48,795] DEBUG Sending RM temperature 0.0 to topic broadlink/temperature
[2021-01-31 22:13:48,820] DEBUG Sending RM humidity 0.0 to topic broadlink/humidity
[2021-01-31 22:15:48,861] DEBUG Sending RM temperature 0.0 to topic broadlink/temperature
[2021-01-31 22:15:48,886] DEBUG Sending RM humidity 0.0 to topic broadlink/humidity
[2021-01-31 22:17:48,959] DEBUG Sending RM temperature 0.0 to topic broadlink/temperature
[2021-01-31 22:17:48,983] DEBUG Sending RM humidity 0.0 to topic broadlink/humidity
[2021-01-31 22:19:48,982] DEBUG Sending RM temperature 0.0 to topic broadlink/temperature
[2021-01-31 22:19:49,007] DEBUG Sending RM humidity 0.0 to topic broadlink/humidity
[2021-01-31 22:21:49,073] DEBUG Sending RM temperature 0.0 to topic broadlink/temperature
[2021-01-31 22:21:49,098] DEBUG Sending RM humidity 0.0 to topic broadlink/humidity
[2021-01-31 22:23:49,166] DEBUG Sending RM temperature 0.0 to topic broadlink/temperature
[2021-01-31 22:23:49,193] DEBUG Sending RM humidity 0.0 to topic broadlink/humidity
[2021-01-31 22:25:49,227] DEBUG Sending RM temperature 0.0 to topic broadlink/temperature
[2021-01-31 22:25:49,252] DEBUG Sending RM humidity 0.0 to topic broadlink/humidity
[2021-01-31 22:27:49,252] DEBUG Sending RM temperature 0.0 to topic broadlink/temperature
[2021-01-31 22:27:49,277] DEBUG Sending RM humidity 0.0 to topic broadlink/humidity
[2021-01-31 22:29:49,318] DEBUG Sending RM temperature 0.0 to topic broadlink/temperature
[2021-01-31 22:29:49,343] DEBUG Sending RM humidity 0.0 to topic broadlink/humidity
[2021-01-31 22:31:49,363] DEBUG Sending RM temperature 0.0 to topic broadlink/temperature
[2021-01-31 22:31:49,391] DEBUG Sending RM humidity 0.0 to topic broadlink/humidity
[2021-01-31 22:33:49,462] DEBUG Sending RM temperature 0.0 to topic broadlink/temperature
[2021-01-31 22:33:49,487] DEBUG Sending RM humidity 0.0 to topic broadlink/humidity
[2021-01-31 22:35:49,562] DEBUG Sending RM temperature 0.0 to topic broadlink/temperature
[2021-01-31 22:35:49,587] DEBUG Sending RM humidity 0.0 to topic broadlink/humidity
[2021-01-31 22:37:49,608] DEBUG Sending RM temperature 0.0 to topic broadlink/temperature
[2021-01-31 22:37:49,634] DEBUG Sending RM humidity 0.0 to topic broadlink/humidity
[2021-01-31 22:39:49,707] DEBUG Sending RM temperature 0.0 to topic broadlink/temperature
[2021-01-31 22:39:49,732] DEBUG Sending RM humidity 0.0 to topic broadlink/humidity
[2021-01-31 22:41:49,791] DEBUG Sending RM temperature 0.0 to topic broadlink/temperature
[2021-01-31 22:41:49,816] DEBUG Sending RM humidity 0.0 to topic broadlink/humidity
[2021-01-31 22:43:49,890] DEBUG Sending RM temperature 0.0 to topic broadlink/temperature
[2021-01-31 22:43:49,916] DEBUG Sending RM humidity 0.0 to topic broadlink/humidity
[2021-01-31 22:45:49,959] DEBUG Sending RM temperature 0.0 to topic broadlink/temperature
[2021-01-31 22:45:49,985] DEBUG Sending RM humidity 0.0 to topic broadlink/humidity
[2021-01-31 22:47:49,997] DEBUG Sending RM temperature 0.0 to topic broadlink/temperature
[2021-01-31 22:47:50,024] DEBUG Sending RM humidity 0.0 to topic broadlink/humidity
[2021-01-31 22:49:50,041] DEBUG Sending RM temperature 0.0 to topic broadlink/temperature
[2021-01-31 22:49:50,066] DEBUG Sending RM humidity 0.0 to topic broadlink/humidity
[2021-01-31 22:51:50,123] DEBUG Sending RM temperature 0.0 to topic broadlink/temperature
[2021-01-31 22:51:50,149] DEBUG Sending RM humidity 0.0 to topic broadlink/humidity
[2021-01-31 22:53:50,205] DEBUG Sending RM temperature 0.0 to topic broadlink/temperature
[2021-01-31 22:53:50,230] DEBUG Sending RM humidity 0.0 to topic broadlink/humidity
[2021-01-31 22:55:50,237] DEBUG Sending RM temperature 0.0 to topic broadlink/temperature
[2021-01-31 22:55:50,263] DEBUG Sending RM humidity 0.0 to topic broadlink/humidity
[2021-01-31 22:57:50,267] DEBUG Sending RM temperature 0.0 to topic broadlink/temperature
[2021-01-31 22:57:50,299] DEBUG Sending RM humidity 0.0 to topic broadlink/humidity
[2021-01-31 22:59:50,367] DEBUG Sending RM temperature 0.0 to topic broadlink/temperature
[2021-01-31 22:59:50,392] DEBUG Sending RM humidity 0.0 to topic broadlink/humidity
[2021-01-31 23:01:50,468] DEBUG Sending RM temperature 0.0 to topic broadlink/temperature
[2021-01-31 23:01:50,492] DEBUG Sending RM humidity 0.0 to topic broadlink/humidity
[2021-01-31 23:03:50,567] DEBUG Sending RM temperature 0.0 to topic broadlink/temperature
[2021-01-31 23:03:50,595] DEBUG Sending RM humidity 0.0 to topic broadlink/humidity
[2021-01-31 23:05:50,614] DEBUG Sending RM temperature 0.0 to topic broadlink/temperature
[2021-01-31 23:05:50,640] DEBUG Sending RM humidity 0.0 to topic broadlink/humidity
[2021-01-31 23:07:50,713] DEBUG Sending RM temperature 0.0 to topic broadlink/temperature
[2021-01-31 23:07:50,738] DEBUG Sending RM humidity 0.0 to topic broadlink/humidity
[2021-01-31 23:09:50,814] DEBUG Sending RM temperature 0.0 to topic broadlink/temperature
[2021-01-31 23:09:50,839] DEBUG Sending RM humidity 0.0 to topic broadlink/humidity
[2021-01-31 23:11:50,881] DEBUG Sending RM temperature 0.0 to topic broadlink/temperature
[2021-01-31 23:11:50,906] DEBUG Sending RM humidity 0.0 to topic broadlink/humidity
[2021-01-31 23:13:50,976] DEBUG Sending RM temperature 0.0 to topic broadlink/temperature
[2021-01-31 23:13:51,002] DEBUG Sending RM humidity 0.0 to topic broadlink/humidity
[2021-01-31 23:15:51,054] DEBUG Sending RM temperature 0.0 to topic broadlink/temperature
[2021-01-31 23:15:51,079] DEBUG Sending RM humidity 0.0 to topic broadlink/humidity
[2021-01-31 23:17:51,147] DEBUG Sending RM temperature 0.0 to topic broadlink/temperature
[2021-01-31 23:17:51,174] DEBUG Sending RM humidity 0.0 to topic broadlink/humidity
[2021-01-31 23:19:51,200] DEBUG Sending RM temperature 0.0 to topic broadlink/temperature
[2021-01-31 23:19:51,226] DEBUG Sending RM humidity 0.0 to topic broadlink/humidity
[2021-01-31 23:21:51,264] DEBUG Sending RM temperature 0.0 to topic broadlink/temperature
[2021-01-31 23:21:51,289] DEBUG Sending RM humidity 0.0 to topic broadlink/humidity
[2021-01-31 23:23:51,373] DEBUG Sending RM temperature 0.0 to topic broadlink/temperature
[2021-01-31 23:23:51,400] DEBUG Sending RM humidity 0.0 to topic broadlink/humidity
[2021-01-31 23:25:51,447] DEBUG Sending RM temperature 0.0 to topic broadlink/temperature
[2021-01-31 23:25:51,471] DEBUG Sending RM humidity 0.0 to topic broadlink/humidity
[2021-01-31 23:27:51,505] DEBUG Sending RM temperature 0.0 to topic broadlink/temperature
[2021-01-31 23:27:51,530] DEBUG Sending RM humidity 0.0 to topic broadlink/humidity
[2021-01-31 23:29:51,603] DEBUG Sending RM temperature 0.0 to topic broadlink/temperature
[2021-01-31 23:29:51,629] DEBUG Sending RM humidity 0.0 to topic broadlink/humidity
[2021-01-31 23:31:51,696] DEBUG Sending RM temperature 0.0 to topic broadlink/temperature
[2021-01-31 23:31:51,724] DEBUG Sending RM humidity 0.0 to topic broadlink/humidity
[2021-01-31 23:33:51,793] DEBUG Sending RM temperature 0.0 to topic broadlink/temperature
[2021-01-31 23:33:51,818] DEBUG Sending RM humidity 0.0 to topic broadlink/humidity
[2021-01-31 23:35:51,862] DEBUG Sending RM temperature 0.0 to topic broadlink/temperature
[2021-01-31 23:35:51,888] DEBUG Sending RM humidity 0.0 to topic broadlink/humidity
[2021-01-31 23:37:51,955] DEBUG Sending RM temperature 0.0 to topic broadlink/temperature
[2021-01-31 23:37:51,981] DEBUG Sending RM humidity 0.0 to topic broadlink/humidity
[2021-01-31 23:39:52,004] DEBUG Sending RM temperature 0.0 to topic broadlink/temperature
[2021-01-31 23:39:52,030] DEBUG Sending RM humidity 0.0 to topic broadlink/humidity
[2021-01-31 23:41:52,012] DEBUG Sending RM temperature 0.0 to topic broadlink/temperature
[2021-01-31 23:41:52,037] DEBUG Sending RM humidity 0.0 to topic broadlink/humidity
[2021-01-31 23:43:52,057] DEBUG Sending RM temperature 0.0 to topic broadlink/temperature
[2021-01-31 23:43:52,082] DEBUG Sending RM humidity 0.0 to topic broadlink/humidity
[2021-01-31 23:45:52,156] DEBUG Sending RM temperature 0.0 to topic broadlink/temperature
[2021-01-31 23:45:52,182] DEBUG Sending RM humidity 0.0 to topic broadlink/humidity
[2021-01-31 23:47:52,221] DEBUG Sending RM temperature 0.0 to topic broadlink/temperature
[2021-01-31 23:47:52,251] DEBUG Sending RM humidity 0.0 to topic broadlink/humidity
[2021-01-31 23:49:52,291] DEBUG Sending RM temperature 0.0 to topic broadlink/temperature
[2021-01-31 23:49:52,315] DEBUG Sending RM humidity 0.0 to topic broadlink/humidity
[2021-01-31 23:51:52,388] DEBUG Sending RM temperature 0.0 to topic broadlink/temperature
[2021-01-31 23:51:52,415] DEBUG Sending RM humidity 0.0 to topic broadlink/humidity
[2021-01-31 23:53:52,462] DEBUG Sending RM temperature 0.0 to topic broadlink/temperature
[2021-01-31 23:53:52,487] DEBUG Sending RM humidity 0.0 to topic broadlink/humidity
[2021-01-31 23:55:52,561] DEBUG Sending RM temperature 0.0 to topic broadlink/temperature
[2021-01-31 23:55:52,587] DEBUG Sending RM humidity 0.0 to topic broadlink/humidity
[2021-01-31 23:57:52,641] DEBUG Sending RM temperature 0.0 to topic broadlink/temperature
[2021-01-31 23:57:52,666] DEBUG Sending RM humidity 0.0 to topic broadlink/humidity
[2021-01-31 23:59:52,730] DEBUG Sending RM temperature 0.0 to topic broadlink/temperature
[2021-01-31 23:59:52,755] DEBUG Sending RM humidity 0.0 to topic broadlink/humidity
[2021-02-01 00:01:52,819] DEBUG Sending RM temperature 0.0 to topic broadlink/temperature
[2021-02-01 00:01:52,844] DEBUG Sending RM humidity 0.0 to topic broadlink/humidity
[2021-02-01 00:03:52,898] DEBUG Sending RM temperature 0.0 to topic broadlink/temperature
[2021-02-01 00:03:52,924] DEBUG Sending RM humidity 0.0 to topic broadlink/humidity
[2021-02-01 00:05:52,986] DEBUG Sending RM temperature 0.0 to topic broadlink/temperature
[2021-02-01 00:05:53,011] DEBUG Sending RM humidity 0.0 to topic broadlink/humidity
[2021-02-01 00:07:53,071] DEBUG Sending RM temperature 0.0 to topic broadlink/temperature
[2021-02-01 00:07:53,096] DEBUG Sending RM humidity 0.0 to topic broadlink/humidity
[2021-02-01 00:09:53,147] DEBUG Sending RM temperature 0.0 to topic broadlink/temperature
[2021-02-01 00:09:53,173] DEBUG Sending RM humidity 0.0 to topic broadlink/humidity
[2021-02-01 00:11:53,234] DEBUG Sending RM temperature 0.0 to topic broadlink/temperature
[2021-02-01 00:11:53,272] DEBUG Sending RM humidity 0.0 to topic broadlink/humidity
[2021-02-01 00:13:53,334] DEBUG Sending RM temperature 0.0 to topic broadlink/temperature
[2021-02-01 00:13:53,359] DEBUG Sending RM humidity 0.0 to topic broadlink/humidity
[2021-02-01 00:15:53,386] DEBUG Sending RM temperature 0.0 to topic broadlink/temperature
[2021-02-01 00:15:53,411] DEBUG Sending RM humidity 0.0 to topic broadlink/humidity
[2021-02-01 00:17:53,484] DEBUG Sending RM temperature 0.0 to topic broadlink/temperature
[2021-02-01 00:17:53,509] DEBUG Sending RM humidity 0.0 to topic broadlink/humidity
[2021-02-01 00:19:53,573] DEBUG Sending RM temperature 0.0 to topic broadlink/temperature
[2021-02-01 00:19:53,598] DEBUG Sending RM humidity 0.0 to topic broadlink/humidity
[2021-02-01 00:21:53,647] DEBUG Sending RM temperature 0.0 to topic broadlink/temperature
[2021-02-01 00:21:53,677] DEBUG Sending RM humidity 0.0 to topic broadlink/humidity
[2021-02-01 00:23:53,697] DEBUG Sending RM temperature 0.0 to topic broadlink/temperature
[2021-02-01 00:23:53,725] DEBUG Sending RM humidity 0.0 to topic broadlink/humidity
[2021-02-01 00:25:53,796] DEBUG Sending RM temperature 0.0 to topic broadlink/temperature
[2021-02-01 00:25:53,820] DEBUG Sending RM humidity 0.0 to topic broadlink/humidity
[2021-02-01 00:27:53,860] DEBUG Sending RM temperature 0.0 to topic broadlink/temperature
[2021-02-01 00:27:53,888] DEBUG Sending RM humidity 0.0 to topic broadlink/humidity
[2021-02-01 00:29:53,941] DEBUG Sending RM temperature 0.0 to topic broadlink/temperature
[2021-02-01 00:29:53,967] DEBUG Sending RM humidity 0.0 to topic broadlink/humidity
[2021-02-01 00:31:54,039] DEBUG Sending RM temperature 0.0 to topic broadlink/temperature
[2021-02-01 00:31:54,066] DEBUG Sending RM humidity 0.0 to topic broadlink/humidity
[2021-02-01 00:33:54,125] DEBUG Sending RM temperature 0.0 to topic broadlink/temperature
[2021-02-01 00:33:54,150] DEBUG Sending RM humidity 0.0 to topic broadlink/humidity
[2021-02-01 00:35:54,210] DEBUG Sending RM temperature 0.0 to topic broadlink/temperature
[2021-02-01 00:35:54,235] DEBUG Sending RM humidity 0.0 to topic broadlink/humidity
[2021-02-01 00:37:54,225] DEBUG Sending RM temperature 0.0 to topic broadlink/temperature
[2021-02-01 00:37:54,252] DEBUG Sending RM humidity 0.0 to topic broadlink/humidity
[2021-02-01 00:39:54,270] DEBUG Sending RM temperature 0.0 to topic broadlink/temperature
[2021-02-01 00:39:54,295] DEBUG Sending RM humidity 0.0 to topic broadlink/humidity
[2021-02-01 00:41:54,362] DEBUG Sending RM temperature 0.0 to topic broadlink/temperature
[2021-02-01 00:41:54,387] DEBUG Sending RM humidity 0.0 to topic broadlink/humidity
[2021-02-01 00:43:54,445] DEBUG Sending RM temperature 0.0 to topic broadlink/temperature
[2021-02-01 00:43:54,470] DEBUG Sending RM humidity 0.0 to topic broadlink/humidity
[2021-02-01 00:45:54,551] DEBUG Sending RM temperature 0.0 to topic broadlink/temperature
[2021-02-01 00:45:54,575] DEBUG Sending RM humidity 0.0 to topic broadlink/humidity
[2021-02-01 00:47:54,614] DEBUG Sending RM temperature 0.0 to topic broadlink/temperature
[2021-02-01 00:47:54,639] DEBUG Sending RM humidity 0.0 to topic broadlink/humidity
[2021-02-01 00:49:54,698] DEBUG Sending RM temperature 0.0 to topic broadlink/temperature
[2021-02-01 00:49:54,723] DEBUG Sending RM humidity 0.0 to topic broadlink/humidity
[2021-02-01 00:51:54,786] DEBUG Sending RM temperature 0.0 to topic broadlink/temperature
[2021-02-01 00:51:54,813] DEBUG Sending RM humidity 0.0 to topic broadlink/humidity
[2021-02-01 00:53:54,871] DEBUG Sending RM temperature 0.0 to topic broadlink/temperature
[2021-02-01 00:53:54,895] DEBUG Sending RM humidity 0.0 to topic broadlink/humidity
[2021-02-01 00:55:54,907] DEBUG Sending RM temperature 0.0 to topic broadlink/temperature
[2021-02-01 00:55:54,932] DEBUG Sending RM humidity 0.0 to topic broadlink/humidity
[2021-02-01 00:57:55,003] DEBUG Sending RM temperature 0.0 to topic broadlink/temperature
[2021-02-01 00:57:55,027] DEBUG Sending RM humidity 0.0 to topic broadlink/humidity
[2021-02-01 00:59:55,090] DEBUG Sending RM temperature 0.0 to topic broadlink/temperature
[2021-02-01 00:59:55,115] DEBUG Sending RM humidity 0.0 to topic broadlink/humidity
[2021-02-01 01:01:55,172] DEBUG Sending RM temperature 0.0 to topic broadlink/temperature
[2021-02-01 01:01:55,197] DEBUG Sending RM humidity 0.0 to topic broadlink/humidity
[2021-02-01 01:03:55,263] DEBUG Sending RM temperature 0.0 to topic broadlink/temperature
[2021-02-01 01:03:55,289] DEBUG Sending RM humidity 0.0 to topic broadlink/humidity
[2021-02-01 01:05:55,339] DEBUG Sending RM temperature 0.0 to topic broadlink/temperature
[2021-02-01 01:05:55,364] DEBUG Sending RM humidity 0.0 to topic broadlink/humidity
[2021-02-01 01:07:55,389] DEBUG Sending RM temperature 0.0 to topic broadlink/temperature
[2021-02-01 01:07:55,415] DEBUG Sending RM humidity 0.0 to topic broadlink/humidity
[2021-02-01 01:09:55,479] DEBUG Sending RM temperature 0.0 to topic broadlink/temperature
[2021-02-01 01:09:55,504] DEBUG Sending RM humidity 0.0 to topic broadlink/humidity
[2021-02-01 01:11:55,516] DEBUG Sending RM temperature 0.0 to topic broadlink/temperature
[2021-02-01 01:11:55,543] DEBUG Sending RM humidity 0.0 to topic broadlink/humidity
[2021-02-01 01:13:55,598] DEBUG Sending RM temperature 0.0 to topic broadlink/temperature
[2021-02-01 01:13:55,623] DEBUG Sending RM humidity 0.0 to topic broadlink/humidity
[2021-02-01 01:15:55,673] DEBUG Sending RM temperature 0.0 to topic broadlink/temperature
[2021-02-01 01:15:55,701] DEBUG Sending RM humidity 0.0 to topic broadlink/humidity
[2021-02-01 01:17:55,773] DEBUG Sending RM temperature 0.0 to topic broadlink/temperature
[2021-02-01 01:17:55,798] DEBUG Sending RM humidity 0.0 to topic broadlink/humidity
[2021-02-01 01:19:55,793] DEBUG Sending RM temperature 0.0 to topic broadlink/temperature
[2021-02-01 01:19:55,818] DEBUG Sending RM humidity 0.0 to topic broadlink/humidity
[2021-02-01 01:21:55,877] DEBUG Sending RM temperature 0.0 to topic broadlink/temperature
[2021-02-01 01:21:55,904] DEBUG Sending RM humidity 0.0 to topic broadlink/humidity
[2021-02-01 01:23:55,976] DEBUG Sending RM temperature 0.0 to topic broadlink/temperature
[2021-02-01 01:23:56,000] DEBUG Sending RM humidity 0.0 to topic broadlink/humidity
[2021-02-01 01:25:56,022] DEBUG Sending RM temperature 0.0 to topic broadlink/temperature
[2021-02-01 01:25:56,047] DEBUG Sending RM humidity 0.0 to topic broadlink/humidity
[2021-02-01 01:27:56,108] DEBUG Sending RM temperature 0.0 to topic broadlink/temperature
[2021-02-01 01:27:56,132] DEBUG Sending RM humidity 0.0 to topic broadlink/humidity
[2021-02-01 01:29:56,202] DEBUG Sending RM temperature 0.0 to topic broadlink/temperature
[2021-02-01 01:29:56,227] DEBUG Sending RM humidity 0.0 to topic broadlink/humidity
[2021-02-01 01:31:56,300] DEBUG Sending RM temperature 0.0 to topic broadlink/temperature
[2021-02-01 01:31:56,326] DEBUG Sending RM humidity 0.0 to topic broadlink/humidity
[2021-02-01 01:33:56,377] DEBUG Sending RM temperature 0.0 to topic broadlink/temperature
[2021-02-01 01:33:56,402] DEBUG Sending RM humidity 0.0 to topic broadlink/humidity
[2021-02-01 01:35:56,451] DEBUG Sending RM temperature 0.0 to topic broadlink/temperature
[2021-02-01 01:35:56,480] DEBUG Sending RM humidity 0.0 to topic broadlink/humidity
[2021-02-01 01:37:56,551] DEBUG Sending RM temperature 0.0 to topic broadlink/temperature
[2021-02-01 01:37:56,576] DEBUG Sending RM humidity 0.0 to topic broadlink/humidity
[2021-02-01 01:39:56,592] DEBUG Sending RM temperature 0.0 to topic broadlink/temperature
[2021-02-01 01:39:56,617] DEBUG Sending RM humidity 0.0 to topic broadlink/humidity
[2021-02-01 01:41:56,669] DEBUG Sending RM temperature 0.0 to topic broadlink/temperature
[2021-02-01 01:41:56,694] DEBUG Sending RM humidity 0.0 to topic broadlink/humidity
[2021-02-01 01:43:56,686] DEBUG Sending RM temperature 0.0 to topic broadlink/temperature
[2021-02-01 01:43:56,712] DEBUG Sending RM humidity 0.0 to topic broadlink/humidity
[2021-02-01 01:45:56,769] DEBUG Sending RM temperature 0.0 to topic broadlink/temperature
[2021-02-01 01:45:56,794] DEBUG Sending RM humidity 0.0 to topic broadlink/humidity
[2021-02-01 01:47:56,785] DEBUG Sending RM temperature 0.0 to topic broadlink/temperature
[2021-02-01 01:47:56,810] DEBUG Sending RM humidity 0.0 to topic broadlink/humidity
[2021-02-01 01:49:56,830] DEBUG Sending RM temperature 0.0 to topic broadlink/temperature
[2021-02-01 01:49:56,855] DEBUG Sending RM humidity 0.0 to topic broadlink/humidity
[2021-02-01 01:51:56,890] DEBUG Sending RM temperature 0.0 to topic broadlink/temperature
[2021-02-01 01:51:56,915] DEBUG Sending RM humidity 0.0 to topic broadlink/humidity
[2021-02-01 01:53:56,935] DEBUG Sending RM temperature 0.0 to topic broadlink/temperature
[2021-02-01 01:53:56,961] DEBUG Sending RM humidity 0.0 to topic broadlink/humidity
[2021-02-01 01:55:56,966] DEBUG Sending RM temperature 0.0 to topic broadlink/temperature
[2021-02-01 01:55:56,992] DEBUG Sending RM humidity 0.0 to topic broadlink/humidity
[2021-02-01 01:57:57,000] DEBUG Sending RM temperature 0.0 to topic broadlink/temperature
[2021-02-01 01:57:57,025] DEBUG Sending RM humidity 0.0 to topic broadlink/humidity
[2021-02-01 01:59:57,072] DEBUG Sending RM temperature 0.0 to topic broadlink/temperature
[2021-02-01 01:59:57,100] DEBUG Sending RM humidity 0.0 to topic broadlink/humidity
[2021-02-01 02:01:57,173] DEBUG Sending RM temperature 0.0 to topic broadlink/temperature
[2021-02-01 02:01:57,202] DEBUG Sending RM humidity 0.0 to topic broadlink/humidity
[2021-02-01 02:03:57,257] DEBUG Sending RM temperature 0.0 to topic broadlink/temperature
[2021-02-01 02:03:57,284] DEBUG Sending RM humidity 0.0 to topic broadlink/humidity
[2021-02-01 02:05:57,349] DEBUG Sending RM temperature 0.0 to topic broadlink/temperature
[2021-02-01 02:05:57,374] DEBUG Sending RM humidity 0.0 to topic broadlink/humidity
[2021-02-01 02:07:57,436] DEBUG Sending RM temperature 0.0 to topic broadlink/temperature
[2021-02-01 02:07:57,462] DEBUG Sending RM humidity 0.0 to topic broadlink/humidity
[2021-02-01 02:09:57,536] DEBUG Sending RM temperature 0.0 to topic broadlink/temperature
[2021-02-01 02:09:57,561] DEBUG Sending RM humidity 0.0 to topic broadlink/humidity
[2021-02-01 02:11:57,636] DEBUG Sending RM temperature 0.0 to topic broadlink/temperature
[2021-02-01 02:11:57,661] DEBUG Sending RM humidity 0.0 to topic broadlink/humidity
[2021-02-01 02:13:57,646] DEBUG Sending RM temperature 0.0 to topic broadlink/temperature
[2021-02-01 02:13:57,672] DEBUG Sending RM humidity 0.0 to topic broadlink/humidity
[2021-02-01 02:15:57,675] DEBUG Sending RM temperature 0.0 to topic broadlink/temperature
[2021-02-01 02:15:57,700] DEBUG Sending RM humidity 0.0 to topic broadlink/humidity
[2021-02-01 02:17:57,716] DEBUG Sending RM temperature 0.0 to topic broadlink/temperature
[2021-02-01 02:17:57,743] DEBUG Sending RM humidity 0.0 to topic broadlink/humidity
[2021-02-01 02:19:57,817] DEBUG Sending RM temperature 0.0 to topic broadlink/temperature
[2021-02-01 02:19:57,855] DEBUG Sending RM humidity 0.0 to topic broadlink/humidity
[2021-02-01 02:21:57,922] DEBUG Sending RM temperature 0.0 to topic broadlink/temperature
[2021-02-01 02:21:57,948] DEBUG Sending RM humidity 0.0 to topic broadlink/humidity
[2021-02-01 02:23:57,993] DEBUG Sending RM temperature 0.0 to topic broadlink/temperature
[2021-02-01 02:23:58,019] DEBUG Sending RM humidity 0.0 to topic broadlink/humidity
[2021-02-01 02:25:58,076] DEBUG Sending RM temperature 0.0 to topic broadlink/temperature
[2021-02-01 02:25:58,102] DEBUG Sending RM humidity 0.0 to topic broadlink/humidity
[2021-02-01 02:27:58,152] DEBUG Sending RM temperature 0.0 to topic broadlink/temperature
[2021-02-01 02:27:58,176] DEBUG Sending RM humidity 0.0 to topic broadlink/humidity
[2021-02-01 02:29:58,231] DEBUG Sending RM temperature 0.0 to topic broadlink/temperature
[2021-02-01 02:29:58,256] DEBUG Sending RM humidity 0.0 to topic broadlink/humidity
[2021-02-01 02:31:58,324] DEBUG Sending RM temperature 0.0 to topic broadlink/temperature
[2021-02-01 02:31:58,350] DEBUG Sending RM humidity 0.0 to topic broadlink/humidity
[2021-02-01 02:33:58,420] DEBUG Sending RM temperature 0.0 to topic broadlink/temperature
[2021-02-01 02:33:58,447] DEBUG Sending RM humidity 0.0 to topic broadlink/humidity
[2021-02-01 02:35:58,485] DEBUG Sending RM temperature 0.0 to topic broadlink/temperature
[2021-02-01 02:35:58,513] DEBUG Sending RM humidity 0.0 to topic broadlink/humidity
[2021-02-01 02:37:58,547] DEBUG Sending RM temperature 0.0 to topic broadlink/temperature
[2021-02-01 02:37:58,572] DEBUG Sending RM humidity 0.0 to topic broadlink/humidity
[2021-02-01 02:39:58,647] DEBUG Sending RM temperature 0.0 to topic broadlink/temperature
[2021-02-01 02:39:58,677] DEBUG Sending RM humidity 0.0 to topic broadlink/humidity
[2021-02-01 02:41:58,718] DEBUG Sending RM temperature 0.0 to topic broadlink/temperature
[2021-02-01 02:41:58,743] DEBUG Sending RM humidity 0.0 to topic broadlink/humidity
[2021-02-01 02:43:58,806] DEBUG Sending RM temperature 0.0 to topic broadlink/temperature
[2021-02-01 02:43:58,831] DEBUG Sending RM humidity 0.0 to topic broadlink/humidity
[2021-02-01 02:45:58,830] DEBUG Sending RM temperature 0.0 to topic broadlink/temperature
[2021-02-01 02:45:58,856] DEBUG Sending RM humidity 0.0 to topic broadlink/humidity
[2021-02-01 02:47:58,927] DEBUG Sending RM temperature 0.0 to topic broadlink/temperature
[2021-02-01 02:47:58,953] DEBUG Sending RM humidity 0.0 to topic broadlink/humidity
[2021-02-01 02:49:59,012] DEBUG Sending RM temperature 0.0 to topic broadlink/temperature
[2021-02-01 02:49:59,037] DEBUG Sending RM humidity 0.0 to topic broadlink/humidity
[2021-02-01 02:51:59,105] DEBUG Sending RM temperature 0.0 to topic broadlink/temperature
[2021-02-01 02:51:59,130] DEBUG Sending RM humidity 0.0 to topic broadlink/humidity
[2021-02-01 02:53:59,206] DEBUG Sending RM temperature 0.0 to topic broadlink/temperature
[2021-02-01 02:53:59,232] DEBUG Sending RM humidity 0.0 to topic broadlink/humidity
[2021-02-01 02:55:59,260] DEBUG Sending RM temperature 0.0 to topic broadlink/temperature
[2021-02-01 02:55:59,285] DEBUG Sending RM humidity 0.0 to topic broadlink/humidity
[2021-02-01 02:57:59,303] DEBUG Sending RM temperature 0.0 to topic broadlink/temperature
[2021-02-01 02:57:59,328] DEBUG Sending RM humidity 0.0 to topic broadlink/humidity
[2021-02-01 02:59:59,391] DEBUG Sending RM temperature 0.0 to topic broadlink/temperature
[2021-02-01 02:59:59,416] DEBUG Sending RM humidity 0.0 to topic broadlink/humidity
[2021-02-01 03:01:59,417] DEBUG Sending RM temperature 0.0 to topic broadlink/temperature
[2021-02-01 03:01:59,442] DEBUG Sending RM humidity 0.0 to topic broadlink/humidity
[2021-02-01 03:03:59,519] DEBUG Sending RM temperature 0.0 to topic broadlink/temperature
[2021-02-01 03:03:59,543] DEBUG Sending RM humidity 0.0 to topic broadlink/humidity
[2021-02-01 03:05:59,550] DEBUG Sending RM temperature 0.0 to topic broadlink/temperature
[2021-02-01 03:05:59,575] DEBUG Sending RM humidity 0.0 to topic broadlink/humidity
[2021-02-01 03:07:59,558] DEBUG Sending RM temperature 0.0 to topic broadlink/temperature
[2021-02-01 03:07:59,583] DEBUG Sending RM humidity 0.0 to topic broadlink/humidity
[2021-02-01 03:09:59,656] DEBUG Sending RM temperature 0.0 to topic broadlink/temperature
[2021-02-01 03:09:59,681] DEBUG Sending RM humidity 0.0 to topic broadlink/humidity
[2021-02-01 03:11:59,726] DEBUG Sending RM temperature 0.0 to topic broadlink/temperature
[2021-02-01 03:11:59,752] DEBUG Sending RM humidity 0.0 to topic broadlink/humidity
[2021-02-01 03:13:59,771] DEBUG Sending RM temperature 0.0 to topic broadlink/temperature
[2021-02-01 03:13:59,803] DEBUG Sending RM humidity 0.0 to topic broadlink/humidity
[2021-02-01 03:15:59,816] DEBUG Sending RM temperature 0.0 to topic broadlink/temperature
[2021-02-01 03:15:59,842] DEBUG Sending RM humidity 0.0 to topic broadlink/humidity
[2021-02-01 03:17:59,912] DEBUG Sending RM temperature 0.0 to topic broadlink/temperature
[2021-02-01 03:17:59,937] DEBUG Sending RM humidity 0.0 to topic broadlink/humidity
[2021-02-01 03:20:00,010] DEBUG Sending RM temperature 0.0 to topic broadlink/temperature
[2021-02-01 03:20:00,034] DEBUG Sending RM humidity 0.0 to topic broadlink/humidity
[2021-02-01 03:22:00,095] DEBUG Sending RM temperature 0.0 to topic broadlink/temperature
[2021-02-01 03:22:00,121] DEBUG Sending RM humidity 0.0 to topic broadlink/humidity
[2021-02-01 03:24:00,183] DEBUG Sending RM temperature 0.0 to topic broadlink/temperature
[2021-02-01 03:24:00,211] DEBUG Sending RM humidity 0.0 to topic broadlink/humidity
[2021-02-01 03:26:00,284] DEBUG Sending RM temperature 0.0 to topic broadlink/temperature
[2021-02-01 03:26:00,309] DEBUG Sending RM humidity 0.0 to topic broadlink/humidity
[2021-02-01 03:28:00,384] DEBUG Sending RM temperature 0.0 to topic broadlink/temperature
[2021-02-01 03:28:00,410] DEBUG Sending RM humidity 0.0 to topic broadlink/humidity
[2021-02-01 03:30:00,452] DEBUG Sending RM temperature 0.0 to topic broadlink/temperature
[2021-02-01 03:30:00,477] DEBUG Sending RM humidity 0.0 to topic broadlink/humidity
[2021-02-01 03:32:00,465] DEBUG Sending RM temperature 0.0 to topic broadlink/temperature
[2021-02-01 03:32:00,489] DEBUG Sending RM humidity 0.0 to topic broadlink/humidity
[2021-02-01 03:34:00,564] DEBUG Sending RM temperature 0.0 to topic broadlink/temperature
[2021-02-01 03:34:00,591] DEBUG Sending RM humidity 0.0 to topic broadlink/humidity
[2021-02-01 03:36:00,625] DEBUG Sending RM temperature 0.0 to topic broadlink/temperature
[2021-02-01 03:36:00,649] DEBUG Sending RM humidity 0.0 to topic broadlink/humidity
[2021-02-01 03:38:00,723] DEBUG Sending RM temperature 0.0 to topic broadlink/temperature
[2021-02-01 03:38:00,748] DEBUG Sending RM humidity 0.0 to topic broadlink/humidity
[2021-02-01 03:40:00,728] DEBUG Sending RM temperature 0.0 to topic broadlink/temperature
[2021-02-01 03:40:00,753] DEBUG Sending RM humidity 0.0 to topic broadlink/humidity
[2021-02-01 03:42:00,829] DEBUG Sending RM temperature 0.0 to topic broadlink/temperature
[2021-02-01 03:42:00,854] DEBUG Sending RM humidity 0.0 to topic broadlink/humidity
[2021-02-01 03:44:00,929] DEBUG Sending RM temperature 0.0 to topic broadlink/temperature
[2021-02-01 03:44:00,953] DEBUG Sending RM humidity 0.0 to topic broadlink/humidity
[2021-02-01 03:46:01,001] DEBUG Sending RM temperature 0.0 to topic broadlink/temperature
[2021-02-01 03:46:01,025] DEBUG Sending RM humidity 0.0 to topic broadlink/humidity
[2021-02-01 03:48:01,062] DEBUG Sending RM temperature 0.0 to topic broadlink/temperature
[2021-02-01 03:48:01,087] DEBUG Sending RM humidity 0.0 to topic broadlink/humidity
[2021-02-01 03:50:01,164] DEBUG Sending RM temperature 0.0 to topic broadlink/temperature
[2021-02-01 03:50:01,191] DEBUG Sending RM humidity 0.0 to topic broadlink/humidity
[2021-02-01 03:52:01,181] DEBUG Sending RM temperature 0.0 to topic broadlink/temperature
[2021-02-01 03:52:01,206] DEBUG Sending RM humidity 0.0 to topic broadlink/humidity
[2021-02-01 03:54:01,215] DEBUG Sending RM temperature 0.0 to topic broadlink/temperature
[2021-02-01 03:54:01,241] DEBUG Sending RM humidity 0.0 to topic broadlink/humidity
[2021-02-01 03:56:01,315] DEBUG Sending RM temperature 0.0 to topic broadlink/temperature
[2021-02-01 03:56:01,341] DEBUG Sending RM humidity 0.0 to topic broadlink/humidity
[2021-02-01 03:58:01,394] DEBUG Sending RM temperature 0.0 to topic broadlink/temperature
[2021-02-01 03:58:01,419] DEBUG Sending RM humidity 0.0 to topic broadlink/humidity
[2021-02-01 04:00:01,495] DEBUG Sending RM temperature 0.0 to topic broadlink/temperature
[2021-02-01 04:00:01,519] DEBUG Sending RM humidity 0.0 to topic broadlink/humidity
[2021-02-01 04:02:01,516] DEBUG Sending RM temperature 0.0 to topic broadlink/temperature
[2021-02-01 04:02:01,543] DEBUG Sending RM humidity 0.0 to topic broadlink/humidity
[2021-02-01 04:04:01,594] DEBUG Sending RM temperature 0.0 to topic broadlink/temperature
[2021-02-01 04:04:01,619] DEBUG Sending RM humidity 0.0 to topic broadlink/humidity
[2021-02-01 04:06:01,675] DEBUG Sending RM temperature 0.0 to topic broadlink/temperature
[2021-02-01 04:06:01,699] DEBUG Sending RM humidity 0.0 to topic broadlink/humidity
[2021-02-01 04:08:01,766] DEBUG Sending RM temperature 0.0 to topic broadlink/temperature
[2021-02-01 04:08:01,790] DEBUG Sending RM humidity 0.0 to topic broadlink/humidity
[2021-02-01 04:10:01,862] DEBUG Sending RM temperature 0.0 to topic broadlink/temperature
[2021-02-01 04:10:01,886] DEBUG Sending RM humidity 0.0 to topic broadlink/humidity
[2021-02-01 04:12:01,932] DEBUG Sending RM temperature 0.0 to topic broadlink/temperature
[2021-02-01 04:12:01,957] DEBUG Sending RM humidity 0.0 to topic broadlink/humidity
[2021-02-01 04:14:02,026] DEBUG Sending RM temperature 0.0 to topic broadlink/temperature
[2021-02-01 04:14:02,054] DEBUG Sending RM humidity 0.0 to topic broadlink/humidity
[2021-02-01 04:16:02,064] DEBUG Sending RM temperature 0.0 to topic broadlink/temperature
[2021-02-01 04:16:02,090] DEBUG Sending RM humidity 0.0 to topic broadlink/humidity
[2021-02-01 04:18:02,152] DEBUG Sending RM temperature 0.0 to topic broadlink/temperature
[2021-02-01 04:18:02,176] DEBUG Sending RM humidity 0.0 to topic broadlink/humidity
[2021-02-01 04:20:02,249] DEBUG Sending RM temperature 0.0 to topic broadlink/temperature
[2021-02-01 04:20:02,275] DEBUG Sending RM humidity 0.0 to topic broadlink/humidity
[2021-02-01 04:22:02,329] DEBUG Sending RM temperature 0.0 to topic broadlink/temperature
[2021-02-01 04:22:02,354] DEBUG Sending RM humidity 0.0 to topic broadlink/humidity
[2021-02-01 04:24:02,416] DEBUG Sending RM temperature 0.0 to topic broadlink/temperature
[2021-02-01 04:24:02,442] DEBUG Sending RM humidity 0.0 to topic broadlink/humidity
[2021-02-01 04:26:02,516] DEBUG Sending RM temperature 0.0 to topic broadlink/temperature
[2021-02-01 04:26:02,541] DEBUG Sending RM humidity 0.0 to topic broadlink/humidity
[2021-02-01 04:28:02,616] DEBUG Sending RM temperature 0.0 to topic broadlink/temperature
[2021-02-01 04:28:02,640] DEBUG Sending RM humidity 0.0 to topic broadlink/humidity
[2021-02-01 04:30:02,700] DEBUG Sending RM temperature 0.0 to topic broadlink/temperature
[2021-02-01 04:30:02,725] DEBUG Sending RM humidity 0.0 to topic broadlink/humidity
[2021-02-01 04:32:02,776] DEBUG Sending RM temperature 0.0 to topic broadlink/temperature
[2021-02-01 04:32:02,804] DEBUG Sending RM humidity 0.0 to topic broadlink/humidity
[2021-02-01 04:34:02,875] DEBUG Sending RM temperature 0.0 to topic broadlink/temperature
[2021-02-01 04:34:02,900] DEBUG Sending RM humidity 0.0 to topic broadlink/humidity
[2021-02-01 04:36:02,915] DEBUG Sending RM temperature 0.0 to topic broadlink/temperature
[2021-02-01 04:36:02,939] DEBUG Sending RM humidity 0.0 to topic broadlink/humidity
[2021-02-01 04:38:03,014] DEBUG Sending RM temperature 0.0 to topic broadlink/temperature
[2021-02-01 04:38:03,039] DEBUG Sending RM humidity 0.0 to topic broadlink/humidity
[2021-02-01 04:40:03,083] DEBUG Sending RM temperature 0.0 to topic broadlink/temperature
[2021-02-01 04:40:03,108] DEBUG Sending RM humidity 0.0 to topic broadlink/humidity
[2021-02-01 04:42:03,183] DEBUG Sending RM temperature 0.0 to topic broadlink/temperature
[2021-02-01 04:42:03,215] DEBUG Sending RM humidity 0.0 to topic broadlink/humidity
[2021-02-01 04:44:03,283] DEBUG Sending RM temperature 0.0 to topic broadlink/temperature
[2021-02-01 04:44:03,310] DEBUG Sending RM humidity 0.0 to topic broadlink/humidity
[2021-02-01 04:46:03,384] DEBUG Sending RM temperature 0.0 to topic broadlink/temperature
[2021-02-01 04:46:03,411] DEBUG Sending RM humidity 0.0 to topic broadlink/humidity
[2021-02-01 04:48:03,394] DEBUG Sending RM temperature 0.0 to topic broadlink/temperature
[2021-02-01 04:48:03,420] DEBUG Sending RM humidity 0.0 to topic broadlink/humidity
[2021-02-01 04:50:03,495] DEBUG Sending RM temperature 0.0 to topic broadlink/temperature
[2021-02-01 04:50:03,522] DEBUG Sending RM humidity 0.0 to topic broadlink/humidity
[2021-02-01 04:52:03,560] DEBUG Sending RM temperature 0.0 to topic broadlink/temperature
[2021-02-01 04:52:03,585] DEBUG Sending RM humidity 0.0 to topic broadlink/humidity
[2021-02-01 04:54:03,630] DEBUG Sending RM temperature 0.0 to topic broadlink/temperature
[2021-02-01 04:54:03,654] DEBUG Sending RM humidity 0.0 to topic broadlink/humidity
[2021-02-01 04:56:03,655] DEBUG Sending RM temperature 0.0 to topic broadlink/temperature
[2021-02-01 04:56:03,683] DEBUG Sending RM humidity 0.0 to topic broadlink/humidity
[2021-02-01 04:58:03,751] DEBUG Sending RM temperature 0.0 to topic broadlink/temperature
[2021-02-01 04:58:03,777] DEBUG Sending RM humidity 0.0 to topic broadlink/humidity
[2021-02-01 05:00:03,851] DEBUG Sending RM temperature 0.0 to topic broadlink/temperature
[2021-02-01 05:00:03,876] DEBUG Sending RM humidity 0.0 to topic broadlink/humidity
[2021-02-01 05:02:03,948] DEBUG Sending RM temperature 0.0 to topic broadlink/temperature
[2021-02-01 05:02:03,972] DEBUG Sending RM humidity 0.0 to topic broadlink/humidity
[2021-02-01 05:04:04,046] DEBUG Sending RM temperature 0.0 to topic broadlink/temperature
[2021-02-01 05:04:04,071] DEBUG Sending RM humidity 0.0 to topic broadlink/humidity
[2021-02-01 05:06:04,102] DEBUG Sending RM temperature 0.0 to topic broadlink/temperature
[2021-02-01 05:06:04,132] DEBUG Sending RM humidity 0.0 to topic broadlink/humidity
[2021-02-01 05:08:04,131] DEBUG Sending RM temperature 0.0 to topic broadlink/temperature
[2021-02-01 05:08:04,157] DEBUG Sending RM humidity 0.0 to topic broadlink/humidity
[2021-02-01 05:10:04,175] DEBUG Sending RM temperature 0.0 to topic broadlink/temperature
[2021-02-01 05:10:04,201] DEBUG Sending RM humidity 0.0 to topic broadlink/humidity
[2021-02-01 05:12:04,258] DEBUG Sending RM temperature 0.0 to topic broadlink/temperature
[2021-02-01 05:12:04,284] DEBUG Sending RM humidity 0.0 to topic broadlink/humidity
[2021-02-01 05:14:04,312] DEBUG Sending RM temperature 0.0 to topic broadlink/temperature
[2021-02-01 05:14:04,337] DEBUG Sending RM humidity 0.0 to topic broadlink/humidity
[2021-02-01 05:16:04,319] DEBUG Sending RM temperature 0.0 to topic broadlink/temperature
[2021-02-01 05:16:04,345] DEBUG Sending RM humidity 0.0 to topic broadlink/humidity
[2021-02-01 05:18:04,420] DEBUG Sending RM temperature 0.0 to topic broadlink/temperature
[2021-02-01 05:18:04,447] DEBUG Sending RM humidity 0.0 to topic broadlink/humidity
[2021-02-01 05:20:04,519] DEBUG Sending RM temperature 0.0 to topic broadlink/temperature
[2021-02-01 05:20:04,545] DEBUG Sending RM humidity 0.0 to topic broadlink/humidity
[2021-02-01 05:22:04,608] DEBUG Sending RM temperature 0.0 to topic broadlink/temperature
[2021-02-01 05:22:04,632] DEBUG Sending RM humidity 0.0 to topic broadlink/humidity
[2021-02-01 05:24:04,699] DEBUG Sending RM temperature 0.0 to topic broadlink/temperature
[2021-02-01 05:24:04,724] DEBUG Sending RM humidity 0.0 to topic broadlink/humidity
[2021-02-01 05:26:04,786] DEBUG Sending RM temperature 0.0 to topic broadlink/temperature
[2021-02-01 05:26:04,811] DEBUG Sending RM humidity 0.0 to topic broadlink/humidity
[2021-02-01 05:28:04,880] DEBUG Sending RM temperature 0.0 to topic broadlink/temperature
[2021-02-01 05:28:04,905] DEBUG Sending RM humidity 0.0 to topic broadlink/humidity
[2021-02-01 05:30:04,978] DEBUG Sending RM temperature 0.0 to topic broadlink/temperature
[2021-02-01 05:30:05,004] DEBUG Sending RM humidity 0.0 to topic broadlink/humidity
[2021-02-01 05:32:05,026] DEBUG Sending RM temperature 0.0 to topic broadlink/temperature
[2021-02-01 05:32:05,053] DEBUG Sending RM humidity 0.0 to topic broadlink/humidity
[2021-02-01 05:34:05,087] DEBUG Sending RM temperature 0.0 to topic broadlink/temperature
[2021-02-01 05:34:05,114] DEBUG Sending RM humidity 0.0 to topic broadlink/humidity
[2021-02-01 05:36:05,184] DEBUG Sending RM temperature 0.0 to topic broadlink/temperature
[2021-02-01 05:36:05,209] DEBUG Sending RM humidity 0.0 to topic broadlink/humidity
[2021-02-01 05:38:05,285] DEBUG Sending RM temperature 0.0 to topic broadlink/temperature
[2021-02-01 05:38:05,310] DEBUG Sending RM humidity 0.0 to topic broadlink/humidity
[2021-02-01 05:40:05,370] DEBUG Sending RM temperature 0.0 to topic broadlink/temperature
[2021-02-01 05:40:05,395] DEBUG Sending RM humidity 0.0 to topic broadlink/humidity
[2021-02-01 05:42:05,459] DEBUG Sending RM temperature 0.0 to topic broadlink/temperature
[2021-02-01 05:42:05,484] DEBUG Sending RM humidity 0.0 to topic broadlink/humidity
[2021-02-01 05:44:05,523] DEBUG Sending RM temperature 0.0 to topic broadlink/temperature
[2021-02-01 05:44:05,548] DEBUG Sending RM humidity 0.0 to topic broadlink/humidity
[2021-02-01 05:46:05,532] DEBUG Sending RM temperature 0.0 to topic broadlink/temperature
[2021-02-01 05:46:05,557] DEBUG Sending RM humidity 0.0 to topic broadlink/humidity
[2021-02-01 05:48:05,603] DEBUG Sending RM temperature 0.0 to topic broadlink/temperature
[2021-02-01 05:48:05,628] DEBUG Sending RM humidity 0.0 to topic broadlink/humidity
[2021-02-01 05:50:05,700] DEBUG Sending RM temperature 0.0 to topic broadlink/temperature
[2021-02-01 05:50:05,725] DEBUG Sending RM humidity 0.0 to topic broadlink/humidity
[2021-02-01 05:52:05,752] DEBUG Sending RM temperature 0.0 to topic broadlink/temperature
[2021-02-01 05:52:05,781] DEBUG Sending RM humidity 0.0 to topic broadlink/humidity
[2021-02-01 05:54:05,827] DEBUG Sending RM temperature 0.0 to topic broadlink/temperature
[2021-02-01 05:54:05,852] DEBUG Sending RM humidity 0.0 to topic broadlink/humidity
[2021-02-01 05:56:05,889] DEBUG Sending RM temperature 0.0 to topic broadlink/temperature
[2021-02-01 05:56:05,915] DEBUG Sending RM humidity 0.0 to topic broadlink/humidity
[2021-02-01 05:58:05,982] DEBUG Sending RM temperature 0.0 to topic broadlink/temperature
[2021-02-01 05:58:06,008] DEBUG Sending RM humidity 0.0 to topic broadlink/humidity
[2021-02-01 06:00:06,082] DEBUG Sending RM temperature 0.0 to topic broadlink/temperature
[2021-02-01 06:00:06,109] DEBUG Sending RM humidity 0.0 to topic broadlink/humidity
[2021-02-01 06:02:06,160] DEBUG Sending RM temperature 0.0 to topic broadlink/temperature
[2021-02-01 06:02:06,185] DEBUG Sending RM humidity 0.0 to topic broadlink/humidity
[2021-02-01 06:04:06,217] DEBUG Sending RM temperature 0.0 to topic broadlink/temperature
[2021-02-01 06:04:06,242] DEBUG Sending RM humidity 0.0 to topic broadlink/humidity
[2021-02-01 06:06:06,317] DEBUG Sending RM temperature 0.0 to topic broadlink/temperature
[2021-02-01 06:06:06,345] DEBUG Sending RM humidity 0.0 to topic broadlink/humidity
[2021-02-01 06:08:06,387] DEBUG Sending RM temperature 0.0 to topic broadlink/temperature
[2021-02-01 06:08:06,415] DEBUG Sending RM humidity 0.0 to topic broadlink/humidity
[2021-02-01 06:10:06,425] DEBUG Sending RM temperature 0.0 to topic broadlink/temperature
[2021-02-01 06:10:06,451] DEBUG Sending RM humidity 0.0 to topic broadlink/humidity
[2021-02-01 06:12:06,467] DEBUG Sending RM temperature 0.0 to topic broadlink/temperature
[2021-02-01 06:12:06,491] DEBUG Sending RM humidity 0.0 to topic broadlink/humidity
[2021-02-01 06:14:06,558] DEBUG Sending RM temperature 0.0 to topic broadlink/temperature
[2021-02-01 06:14:06,583] DEBUG Sending RM humidity 0.0 to topic broadlink/humidity
[2021-02-01 06:16:06,660] DEBUG Sending RM temperature 0.0 to topic broadlink/temperature
[2021-02-01 06:16:06,685] DEBUG Sending RM humidity 0.0 to topic broadlink/humidity
[2021-02-01 06:18:06,739] DEBUG Sending RM temperature 0.0 to topic broadlink/temperature
[2021-02-01 06:18:06,767] DEBUG Sending RM humidity 0.0 to topic broadlink/humidity
[2021-02-01 06:20:06,780] DEBUG Sending RM temperature 0.0 to topic broadlink/temperature
[2021-02-01 06:20:06,808] DEBUG Sending RM humidity 0.0 to topic broadlink/humidity
[2021-02-01 06:22:06,857] DEBUG Sending RM temperature 0.0 to topic broadlink/temperature
[2021-02-01 06:22:06,884] DEBUG Sending RM humidity 0.0 to topic broadlink/humidity
[2021-02-01 06:24:06,956] DEBUG Sending RM temperature 0.0 to topic broadlink/temperature
[2021-02-01 06:24:06,982] DEBUG Sending RM humidity 0.0 to topic broadlink/humidity
[2021-02-01 06:26:07,004] DEBUG Sending RM temperature 0.0 to topic broadlink/temperature
[2021-02-01 06:26:07,031] DEBUG Sending RM humidity 0.0 to topic broadlink/humidity
[2021-02-01 06:28:07,048] DEBUG Sending RM temperature 0.0 to topic broadlink/temperature
[2021-02-01 06:28:07,072] DEBUG Sending RM humidity 0.0 to topic broadlink/humidity
[2021-02-01 06:30:07,120] DEBUG Sending RM temperature 0.0 to topic broadlink/temperature
[2021-02-01 06:30:07,145] DEBUG Sending RM humidity 0.0 to topic broadlink/humidity
[2021-02-01 06:32:07,211] DEBUG Sending RM temperature 0.0 to topic broadlink/temperature
[2021-02-01 06:32:07,238] DEBUG Sending RM humidity 0.0 to topic broadlink/humidity
[2021-02-01 06:34:07,302] DEBUG Sending RM temperature 0.0 to topic broadlink/temperature
[2021-02-01 06:34:07,331] DEBUG Sending RM humidity 0.0 to topic broadlink/humidity
[2021-02-01 06:36:07,392] DEBUG Sending RM temperature 0.0 to topic broadlink/temperature
[2021-02-01 06:36:07,419] DEBUG Sending RM humidity 0.0 to topic broadlink/humidity
[2021-02-01 06:38:07,490] DEBUG Sending RM temperature 0.0 to topic broadlink/temperature
[2021-02-01 06:38:07,515] DEBUG Sending RM humidity 0.0 to topic broadlink/humidity
[2021-02-01 06:40:07,524] DEBUG Sending RM temperature 0.0 to topic broadlink/temperature
[2021-02-01 06:40:07,553] DEBUG Sending RM humidity 0.0 to topic broadlink/humidity
[2021-02-01 06:42:07,571] DEBUG Sending RM temperature 0.0 to topic broadlink/temperature
[2021-02-01 06:42:07,597] DEBUG Sending RM humidity 0.0 to topic broadlink/humidity
[2021-02-01 06:44:07,668] DEBUG Sending RM temperature 0.0 to topic broadlink/temperature
[2021-02-01 06:44:07,694] DEBUG Sending RM humidity 0.0 to topic broadlink/humidity
[2021-02-01 06:46:07,700] DEBUG Sending RM temperature 0.0 to topic broadlink/temperature
[2021-02-01 06:46:07,725] DEBUG Sending RM humidity 0.0 to topic broadlink/humidity
[2021-02-01 06:48:07,738] DEBUG Sending RM temperature 0.0 to topic broadlink/temperature
[2021-02-01 06:48:07,765] DEBUG Sending RM humidity 0.0 to topic broadlink/humidity
[2021-02-01 06:50:07,781] DEBUG Sending RM temperature 0.0 to topic broadlink/temperature
[2021-02-01 06:50:07,806] DEBUG Sending RM humidity 0.0 to topic broadlink/humidity
[2021-02-01 06:52:07,881] DEBUG Sending RM temperature 0.0 to topic broadlink/temperature
[2021-02-01 06:52:07,907] DEBUG Sending RM humidity 0.0 to topic broadlink/humidity
[2021-02-01 06:54:07,935] DEBUG Sending RM temperature 0.0 to topic broadlink/temperature
[2021-02-01 06:54:07,961] DEBUG Sending RM humidity 0.0 to topic broadlink/humidity
[2021-02-01 06:56:08,031] DEBUG Sending RM temperature 0.0 to topic broadlink/temperature
[2021-02-01 06:56:08,056] DEBUG Sending RM humidity 0.0 to topic broadlink/humidity
[2021-02-01 06:58:08,117] DEBUG Sending RM temperature 0.0 to topic broadlink/temperature
[2021-02-01 06:58:08,142] DEBUG Sending RM humidity 0.0 to topic broadlink/humidity
[2021-02-01 07:00:08,216] DEBUG Sending RM temperature 0.0 to topic broadlink/temperature
[2021-02-01 07:00:08,242] DEBUG Sending RM humidity 0.0 to topic broadlink/humidity
[2021-02-01 07:02:08,265] DEBUG Sending RM temperature 0.0 to topic broadlink/temperature
[2021-02-01 07:02:08,290] DEBUG Sending RM humidity 0.0 to topic broadlink/humidity
[2021-02-01 07:04:08,342] DEBUG Sending RM temperature 0.0 to topic broadlink/temperature
[2021-02-01 07:04:08,367] DEBUG Sending RM humidity 0.0 to topic broadlink/humidity
[2021-02-01 07:06:08,360] DEBUG Sending RM temperature 0.0 to topic broadlink/temperature
[2021-02-01 07:06:08,385] DEBUG Sending RM humidity 0.0 to topic broadlink/humidity
[2021-02-01 07:08:08,427] DEBUG Sending RM temperature 0.0 to topic broadlink/temperature
[2021-02-01 07:08:08,452] DEBUG Sending RM humidity 0.0 to topic broadlink/humidity
[2021-02-01 07:10:08,486] DEBUG Sending RM temperature 0.0 to topic broadlink/temperature
[2021-02-01 07:10:08,512] DEBUG Sending RM humidity 0.0 to topic broadlink/humidity
[2021-02-01 07:12:08,581] DEBUG Sending RM temperature 0.0 to topic broadlink/temperature
[2021-02-01 07:12:08,606] DEBUG Sending RM humidity 0.0 to topic broadlink/humidity
[2021-02-01 07:14:08,664] DEBUG Sending RM temperature 0.0 to topic broadlink/temperature
[2021-02-01 07:14:08,692] DEBUG Sending RM humidity 0.0 to topic broadlink/humidity
[2021-02-01 07:16:08,765] DEBUG Sending RM temperature 0.0 to topic broadlink/temperature
[2021-02-01 07:16:08,790] DEBUG Sending RM humidity 0.0 to topic broadlink/humidity
[2021-02-01 07:18:08,849] DEBUG Sending RM temperature 0.0 to topic broadlink/temperature
[2021-02-01 07:18:08,874] DEBUG Sending RM humidity 0.0 to topic broadlink/humidity
[2021-02-01 07:20:08,946] DEBUG Sending RM temperature 0.0 to topic broadlink/temperature
[2021-02-01 07:20:08,972] DEBUG Sending RM humidity 0.0 to topic broadlink/humidity
[2021-02-01 07:22:08,966] DEBUG Sending RM temperature 0.0 to topic broadlink/temperature
[2021-02-01 07:22:08,993] DEBUG Sending RM humidity 0.0 to topic broadlink/humidity
[2021-02-01 07:24:09,022] DEBUG Sending RM temperature 0.0 to topic broadlink/temperature
[2021-02-01 07:24:09,048] DEBUG Sending RM humidity 0.0 to topic broadlink/humidity
[2021-02-01 07:26:09,117] DEBUG Sending RM temperature 0.0 to topic broadlink/temperature
[2021-02-01 07:26:09,144] DEBUG Sending RM humidity 0.0 to topic broadlink/humidity
[2021-02-01 07:28:09,196] DEBUG Sending RM temperature 0.0 to topic broadlink/temperature
[2021-02-01 07:28:09,221] DEBUG Sending RM humidity 0.0 to topic broadlink/humidity
[2021-02-01 07:30:09,293] DEBUG Sending RM temperature 0.0 to topic broadlink/temperature
[2021-02-01 07:30:09,321] DEBUG Sending RM humidity 0.0 to topic broadlink/humidity
[2021-02-01 07:32:09,394] DEBUG Sending RM temperature 0.0 to topic broadlink/temperature
[2021-02-01 07:32:09,419] DEBUG Sending RM humidity 0.0 to topic broadlink/humidity
[2021-02-01 07:34:09,475] DEBUG Sending RM temperature 0.0 to topic broadlink/temperature
[2021-02-01 07:34:09,502] DEBUG Sending RM humidity 0.0 to topic broadlink/humidity
[2021-02-01 07:36:09,577] DEBUG Sending RM temperature 0.0 to topic broadlink/temperature
[2021-02-01 07:36:09,601] DEBUG Sending RM humidity 0.0 to topic broadlink/humidity
[2021-02-01 07:38:09,677] DEBUG Sending RM temperature 0.0 to topic broadlink/temperature
[2021-02-01 07:38:09,702] DEBUG Sending RM humidity 0.0 to topic broadlink/humidity
[2021-02-01 07:40:09,765] DEBUG Sending RM temperature 0.0 to topic broadlink/temperature
[2021-02-01 07:40:09,790] DEBUG Sending RM humidity 0.0 to topic broadlink/humidity
[2021-02-01 07:42:09,796] DEBUG Sending RM temperature 0.0 to topic broadlink/temperature
[2021-02-01 07:42:09,822] DEBUG Sending RM humidity 0.0 to topic broadlink/humidity
[2021-02-01 07:44:09,831] DEBUG Sending RM temperature 0.0 to topic broadlink/temperature
[2021-02-01 07:44:09,855] DEBUG Sending RM humidity 0.0 to topic broadlink/humidity
[2021-02-01 07:46:09,926] DEBUG Sending RM temperature 0.0 to topic broadlink/temperature
[2021-02-01 07:46:09,953] DEBUG Sending RM humidity 0.0 to topic broadlink/humidity
[2021-02-01 07:48:10,012] DEBUG Sending RM temperature 0.0 to topic broadlink/temperature
[2021-02-01 07:48:10,037] DEBUG Sending RM humidity 0.0 to topic broadlink/humidity
[2021-02-01 07:50:10,024] DEBUG Sending RM temperature 0.0 to topic broadlink/temperature
[2021-02-01 07:50:10,049] DEBUG Sending RM humidity 0.0 to topic broadlink/humidity
[2021-02-01 07:52:10,108] DEBUG Sending RM temperature 0.0 to topic broadlink/temperature
[2021-02-01 07:52:10,134] DEBUG Sending RM humidity 0.0 to topic broadlink/humidity
[2021-02-01 07:54:10,209] DEBUG Sending RM temperature 0.0 to topic broadlink/temperature
[2021-02-01 07:54:10,234] DEBUG Sending RM humidity 0.0 to topic broadlink/humidity
[2021-02-01 07:56:10,309] DEBUG Sending RM temperature 0.0 to topic broadlink/temperature
[2021-02-01 07:56:10,334] DEBUG Sending RM humidity 0.0 to topic broadlink/humidity
[2021-02-01 07:58:10,358] DEBUG Sending RM temperature 0.0 to topic broadlink/temperature
[2021-02-01 07:58:10,383] DEBUG Sending RM humidity 0.0 to topic broadlink/humidity
[2021-02-01 08:00:10,458] DEBUG Sending RM temperature 0.0 to topic broadlink/temperature
[2021-02-01 08:00:10,486] DEBUG Sending RM humidity 0.0 to topic broadlink/humidity
[2021-02-01 08:02:10,528] DEBUG Sending RM temperature 0.0 to topic broadlink/temperature
[2021-02-01 08:02:10,556] DEBUG Sending RM humidity 0.0 to topic broadlink/humidity
[2021-02-01 08:04:10,623] DEBUG Sending RM temperature 0.0 to topic broadlink/temperature
[2021-02-01 08:04:10,651] DEBUG Sending RM humidity 0.0 to topic broadlink/humidity
[2021-02-01 08:06:10,708] DEBUG Sending RM temperature 0.0 to topic broadlink/temperature
[2021-02-01 08:06:10,735] DEBUG Sending RM humidity 0.0 to topic broadlink/humidity
[2021-02-01 08:08:10,807] DEBUG Sending RM temperature 0.0 to topic broadlink/temperature
[2021-02-01 08:08:10,832] DEBUG Sending RM humidity 0.0 to topic broadlink/humidity
[2021-02-01 08:10:10,835] DEBUG Sending RM temperature 0.0 to topic broadlink/temperature
[2021-02-01 08:10:10,860] DEBUG Sending RM humidity 0.0 to topic broadlink/humidity
[2021-02-01 08:12:10,878] DEBUG Sending RM temperature 0.0 to topic broadlink/temperature
[2021-02-01 08:12:10,903] DEBUG Sending RM humidity 0.0 to topic broadlink/humidity
[2021-02-01 08:14:10,915] DEBUG Sending RM temperature 0.0 to topic broadlink/temperature
[2021-02-01 08:14:10,939] DEBUG Sending RM humidity 0.0 to topic broadlink/humidity
[2021-02-01 08:16:10,975] DEBUG Sending RM temperature 0.0 to topic broadlink/temperature
[2021-02-01 08:16:11,000] DEBUG Sending RM humidity 0.0 to topic broadlink/humidity
[2021-02-01 08:18:11,009] DEBUG Sending RM temperature 0.0 to topic broadlink/temperature
[2021-02-01 08:18:11,039] DEBUG Sending RM humidity 0.0 to topic broadlink/humidity
[2021-02-01 08:20:11,110] DEBUG Sending RM temperature 0.0 to topic broadlink/temperature
[2021-02-01 08:20:11,136] DEBUG Sending RM humidity 0.0 to topic broadlink/humidity
[2021-02-01 08:22:11,122] DEBUG Sending RM temperature 0.0 to topic broadlink/temperature
[2021-02-01 08:22:11,147] DEBUG Sending RM humidity 0.0 to topic broadlink/humidity
[2021-02-01 08:24:11,222] DEBUG Sending RM temperature 0.0 to topic broadlink/temperature
[2021-02-01 08:24:11,249] DEBUG Sending RM humidity 0.0 to topic broadlink/humidity
[2021-02-01 08:26:11,322] DEBUG Sending RM temperature 0.0 to topic broadlink/temperature
[2021-02-01 08:26:11,347] DEBUG Sending RM humidity 0.0 to topic broadlink/humidity
[2021-02-01 08:28:11,410] DEBUG Sending RM temperature 0.0 to topic broadlink/temperature
[2021-02-01 08:28:11,435] DEBUG Sending RM humidity 0.0 to topic broadlink/humidity
[2021-02-01 08:30:11,509] DEBUG Sending RM temperature 0.0 to topic broadlink/temperature
[2021-02-01 08:30:11,534] DEBUG Sending RM humidity 0.0 to topic broadlink/humidity
[2021-02-01 08:32:11,589] DEBUG Sending RM temperature 0.0 to topic broadlink/temperature
[2021-02-01 08:32:11,614] DEBUG Sending RM humidity 0.0 to topic broadlink/humidity
[2021-02-01 08:34:11,688] DEBUG Sending RM temperature 0.0 to topic broadlink/temperature
[2021-02-01 08:34:11,713] DEBUG Sending RM humidity 0.0 to topic broadlink/humidity
[2021-02-01 08:36:11,707] DEBUG Sending RM temperature 0.0 to topic broadlink/temperature
[2021-02-01 08:36:11,732] DEBUG Sending RM humidity 0.0 to topic broadlink/humidity
[2021-02-01 08:38:11,746] DEBUG Sending RM temperature 0.0 to topic broadlink/temperature
[2021-02-01 08:38:11,777] DEBUG Sending RM humidity 0.0 to topic broadlink/humidity
[2021-02-01 08:40:11,843] DEBUG Sending RM temperature 0.0 to topic broadlink/temperature
[2021-02-01 08:40:11,867] DEBUG Sending RM humidity 0.0 to topic broadlink/humidity
[2021-02-01 08:42:11,913] DEBUG Sending RM temperature 0.0 to topic broadlink/temperature
[2021-02-01 08:42:11,939] DEBUG Sending RM humidity 0.0 to topic broadlink/humidity
[2021-02-01 08:44:11,945] DEBUG Sending RM temperature 0.0 to topic broadlink/temperature
[2021-02-01 08:44:11,970] DEBUG Sending RM humidity 0.0 to topic broadlink/humidity
[2021-02-01 08:46:12,043] DEBUG Sending RM temperature 0.0 to topic broadlink/temperature
[2021-02-01 08:46:12,069] DEBUG Sending RM humidity 0.0 to topic broadlink/humidity
[2021-02-01 08:48:12,141] DEBUG Sending RM temperature 0.0 to topic broadlink/temperature
[2021-02-01 08:48:12,166] DEBUG Sending RM humidity 0.0 to topic broadlink/humidity
[2021-02-01 08:50:12,200] DEBUG Sending RM temperature 0.0 to topic broadlink/temperature
[2021-02-01 08:50:12,228] DEBUG Sending RM humidity 0.0 to topic broadlink/humidity
[2021-02-01 08:52:12,262] DEBUG Sending RM temperature 0.0 to topic broadlink/temperature
[2021-02-01 08:52:12,288] DEBUG Sending RM humidity 0.0 to topic broadlink/humidity
[2021-02-01 08:54:12,361] DEBUG Sending RM temperature 0.0 to topic broadlink/temperature
[2021-02-01 08:54:12,404] DEBUG Sending RM humidity 0.0 to topic broadlink/humidity
[2021-02-01 08:56:12,406] DEBUG Sending RM temperature 0.0 to topic broadlink/temperature
[2021-02-01 08:56:12,434] DEBUG Sending RM humidity 0.0 to topic broadlink/humidity
[2021-02-01 08:58:12,479] DEBUG Sending RM temperature 0.0 to topic broadlink/temperature
[2021-02-01 08:58:12,504] DEBUG Sending RM humidity 0.0 to topic broadlink/humidity
[2021-02-01 09:00:12,558] DEBUG Sending RM temperature 0.0 to topic broadlink/temperature
[2021-02-01 09:00:12,584] DEBUG Sending RM humidity 0.0 to topic broadlink/humidity
[2021-02-01 09:02:12,565] DEBUG Sending RM temperature 0.0 to topic broadlink/temperature
[2021-02-01 09:02:12,591] DEBUG Sending RM humidity 0.0 to topic broadlink/humidity
[2021-02-01 09:04:12,631] DEBUG Sending RM temperature 0.0 to topic broadlink/temperature
[2021-02-01 09:04:12,656] DEBUG Sending RM humidity 0.0 to topic broadlink/humidity
[2021-02-01 09:06:12,639] DEBUG Sending RM temperature 0.0 to topic broadlink/temperature
[2021-02-01 09:06:12,665] DEBUG Sending RM humidity 0.0 to topic broadlink/humidity
[2021-02-01 09:08:12,719] DEBUG Sending RM temperature 0.0 to topic broadlink/temperature
[2021-02-01 09:08:12,744] DEBUG Sending RM humidity 0.0 to topic broadlink/humidity
[2021-02-01 09:10:12,821] DEBUG Sending RM temperature 0.0 to topic broadlink/temperature
[2021-02-01 09:10:12,847] DEBUG Sending RM humidity 0.0 to topic broadlink/humidity
[2021-02-01 09:12:12,859] DEBUG Sending RM temperature 0.0 to topic broadlink/temperature
[2021-02-01 09:12:12,885] DEBUG Sending RM humidity 0.0 to topic broadlink/humidity
[2021-02-01 09:14:12,949] DEBUG Sending RM temperature 0.0 to topic broadlink/temperature
[2021-02-01 09:14:12,977] DEBUG Sending RM humidity 0.0 to topic broadlink/humidity
[2021-02-01 09:16:13,026] DEBUG Sending RM temperature 0.0 to topic broadlink/temperature
[2021-02-01 09:16:13,052] DEBUG Sending RM humidity 0.0 to topic broadlink/humidity
[2021-02-01 09:18:13,125] DEBUG Sending RM temperature 0.0 to topic broadlink/temperature
[2021-02-01 09:18:13,153] DEBUG Sending RM humidity 0.0 to topic broadlink/humidity
[2021-02-01 09:20:13,211] DEBUG Sending RM temperature 0.0 to topic broadlink/temperature
[2021-02-01 09:20:13,237] DEBUG Sending RM humidity 0.0 to topic broadlink/humidity
[2021-02-01 09:22:13,305] DEBUG Sending RM temperature 0.0 to topic broadlink/temperature
[2021-02-01 09:22:13,334] DEBUG Sending RM humidity 0.0 to topic broadlink/humidity
[2021-02-01 09:24:13,382] DEBUG Sending RM temperature 0.0 to topic broadlink/temperature
[2021-02-01 09:24:13,407] DEBUG Sending RM humidity 0.0 to topic broadlink/humidity
[2021-02-01 09:26:13,448] DEBUG Sending RM temperature 0.0 to topic broadlink/temperature
[2021-02-01 09:26:13,472] DEBUG Sending RM humidity 0.0 to topic broadlink/humidity
[2021-02-01 09:28:13,521] DEBUG Sending RM temperature 0.0 to topic broadlink/temperature
[2021-02-01 09:28:13,547] DEBUG Sending RM humidity 0.0 to topic broadlink/humidity
[2021-02-01 09:30:13,577] DEBUG Sending RM temperature 0.0 to topic broadlink/temperature
[2021-02-01 09:30:13,602] DEBUG Sending RM humidity 0.0 to topic broadlink/humidity
[2021-02-01 09:32:13,676] DEBUG Sending RM temperature 0.0 to topic broadlink/temperature
[2021-02-01 09:32:13,701] DEBUG Sending RM humidity 0.0 to topic broadlink/humidity
[2021-02-01 09:34:13,735] DEBUG Sending RM temperature 0.0 to topic broadlink/temperature
[2021-02-01 09:34:13,761] DEBUG Sending RM humidity 0.0 to topic broadlink/humidity
[2021-02-01 09:36:13,838] DEBUG Sending RM temperature 0.0 to topic broadlink/temperature
[2021-02-01 09:36:13,863] DEBUG Sending RM humidity 0.0 to topic broadlink/humidity
[2021-02-01 09:38:13,934] DEBUG Sending RM temperature 0.0 to topic broadlink/temperature
[2021-02-01 09:38:13,959] DEBUG Sending RM humidity 0.0 to topic broadlink/humidity
[2021-02-01 09:40:14,017] DEBUG Sending RM temperature 0.0 to topic broadlink/temperature
[2021-02-01 09:40:14,044] DEBUG Sending RM humidity 0.0 to topic broadlink/humidity
[2021-02-01 09:42:14,065] DEBUG Sending RM temperature 0.0 to topic broadlink/temperature
[2021-02-01 09:42:14,091] DEBUG Sending RM humidity 0.0 to topic broadlink/humidity
[2021-02-01 09:44:14,163] DEBUG Sending RM temperature 0.0 to topic broadlink/temperature
[2021-02-01 09:44:14,189] DEBUG Sending RM humidity 0.0 to topic broadlink/humidity
[2021-02-01 09:46:14,264] DEBUG Sending RM temperature 0.0 to topic broadlink/temperature
[2021-02-01 09:46:14,292] DEBUG Sending RM humidity 0.0 to topic broadlink/humidity
[2021-02-01 09:48:14,362] DEBUG Sending RM temperature 0.0 to topic broadlink/temperature
[2021-02-01 09:48:14,387] DEBUG Sending RM humidity 0.0 to topic broadlink/humidity
[2021-02-01 09:50:14,451] DEBUG Sending RM temperature 0.0 to topic broadlink/temperature
[2021-02-01 09:50:14,484] DEBUG Sending RM humidity 0.0 to topic broadlink/humidity
[2021-02-01 09:52:14,482] DEBUG Sending RM temperature 0.0 to topic broadlink/temperature
[2021-02-01 09:52:14,507] DEBUG Sending RM humidity 0.0 to topic broadlink/humidity
[2021-02-01 09:54:14,563] DEBUG Sending RM temperature 0.0 to topic broadlink/temperature
[2021-02-01 09:54:14,588] DEBUG Sending RM humidity 0.0 to topic broadlink/humidity
[2021-02-01 09:56:14,643] DEBUG Sending RM temperature 0.0 to topic broadlink/temperature
[2021-02-01 09:56:14,671] DEBUG Sending RM humidity 0.0 to topic broadlink/humidity
[2021-02-01 09:58:14,723] DEBUG Sending RM temperature 0.0 to topic broadlink/temperature
[2021-02-01 09:58:14,747] DEBUG Sending RM humidity 0.0 to topic broadlink/humidity
[2021-02-01 10:00:14,768] DEBUG Sending RM temperature 0.0 to topic broadlink/temperature
[2021-02-01 10:00:14,794] DEBUG Sending RM humidity 0.0 to topic broadlink/humidity
[2021-02-01 10:02:14,871] DEBUG Sending RM temperature 0.0 to topic broadlink/temperature
[2021-02-01 10:02:14,895] DEBUG Sending RM humidity 0.0 to topic broadlink/humidity
[2021-02-01 10:04:14,951] DEBUG Sending RM temperature 0.0 to topic broadlink/temperature
[2021-02-01 10:04:14,976] DEBUG Sending RM humidity 0.0 to topic broadlink/humidity
[2021-02-01 10:06:14,978] DEBUG Sending RM temperature 0.0 to topic broadlink/temperature
[2021-02-01 10:06:15,003] DEBUG Sending RM humidity 0.0 to topic broadlink/humidity
[2021-02-01 10:08:15,045] DEBUG Sending RM temperature 0.0 to topic broadlink/temperature
[2021-02-01 10:08:15,070] DEBUG Sending RM humidity 0.0 to topic broadlink/humidity
[2021-02-01 10:10:15,136] DEBUG Sending RM temperature 0.0 to topic broadlink/temperature
[2021-02-01 10:10:15,161] DEBUG Sending RM humidity 0.0 to topic broadlink/humidity
[2021-02-01 10:12:15,228] DEBUG Sending RM temperature 0.0 to topic broadlink/temperature
[2021-02-01 10:12:15,254] DEBUG Sending RM humidity 0.0 to topic broadlink/humidity
[2021-02-01 10:14:15,280] DEBUG Sending RM temperature 0.0 to topic broadlink/temperature
[2021-02-01 10:14:15,307] DEBUG Sending RM humidity 0.0 to topic broadlink/humidity
[2021-02-01 10:16:15,378] DEBUG Sending RM temperature 0.0 to topic broadlink/temperature
[2021-02-01 10:16:15,403] DEBUG Sending RM humidity 0.0 to topic broadlink/humidity
[2021-02-01 10:18:15,464] DEBUG Sending RM temperature 0.0 to topic broadlink/temperature
[2021-02-01 10:18:15,490] DEBUG Sending RM humidity 0.0 to topic broadlink/humidity
[2021-02-01 10:20:15,520] DEBUG Sending RM temperature 0.0 to topic broadlink/temperature
[2021-02-01 10:20:15,544] DEBUG Sending RM humidity 0.0 to topic broadlink/humidity
[2021-02-01 10:22:15,606] DEBUG Sending RM temperature 0.0 to topic broadlink/temperature
[2021-02-01 10:22:15,631] DEBUG Sending RM humidity 0.0 to topic broadlink/humidity
[2021-02-01 10:24:15,705] DEBUG Sending RM temperature 0.0 to topic broadlink/temperature
[2021-02-01 10:24:15,730] DEBUG Sending RM humidity 0.0 to topic broadlink/humidity
[2021-02-01 10:26:15,803] DEBUG Sending RM temperature 0.0 to topic broadlink/temperature
[2021-02-01 10:26:15,830] DEBUG Sending RM humidity 0.0 to topic broadlink/humidity
[2021-02-01 10:28:15,812] DEBUG Sending RM temperature 0.0 to topic broadlink/temperature
[2021-02-01 10:28:15,837] DEBUG Sending RM humidity 0.0 to topic broadlink/humidity
[2021-02-01 10:30:15,903] DEBUG Sending RM temperature 0.0 to topic broadlink/temperature
[2021-02-01 10:30:15,927] DEBUG Sending RM humidity 0.0 to topic broadlink/humidity
[2021-02-01 10:32:15,998] DEBUG Sending RM temperature 0.0 to topic broadlink/temperature
[2021-02-01 10:32:16,023] DEBUG Sending RM humidity 0.0 to topic broadlink/humidity
[2021-02-01 10:34:16,082] DEBUG Sending RM temperature 0.0 to topic broadlink/temperature
[2021-02-01 10:34:16,107] DEBUG Sending RM humidity 0.0 to topic broadlink/humidity
[2021-02-01 10:36:16,175] DEBUG Sending RM temperature 0.0 to topic broadlink/temperature
[2021-02-01 10:36:16,206] DEBUG Sending RM humidity 0.0 to topic broadlink/humidity
[2021-02-01 10:38:16,255] DEBUG Sending RM temperature 0.0 to topic broadlink/temperature
[2021-02-01 10:38:16,281] DEBUG Sending RM humidity 0.0 to topic broadlink/humidity
[2021-02-01 10:40:16,299] DEBUG Sending RM temperature 0.0 to topic broadlink/temperature
[2021-02-01 10:40:16,325] DEBUG Sending RM humidity 0.0 to topic broadlink/humidity
[2021-02-01 10:42:16,351] DEBUG Sending RM temperature 0.0 to topic broadlink/temperature
[2021-02-01 10:42:16,377] DEBUG Sending RM humidity 0.0 to topic broadlink/humidity
[2021-02-01 10:44:16,414] DEBUG Sending RM temperature 0.0 to topic broadlink/temperature
[2021-02-01 10:44:16,446] DEBUG Sending RM humidity 0.0 to topic broadlink/humidity
[2021-02-01 10:46:16,421] DEBUG Sending RM temperature 0.0 to topic broadlink/temperature
[2021-02-01 10:46:16,446] DEBUG Sending RM humidity 0.0 to topic broadlink/humidity
[2021-02-01 10:48:16,511] DEBUG Sending RM temperature 0.0 to topic broadlink/temperature
[2021-02-01 10:48:16,537] DEBUG Sending RM humidity 0.0 to topic broadlink/humidity
[2021-02-01 10:50:16,607] DEBUG Sending RM temperature 0.0 to topic broadlink/temperature
[2021-02-01 10:50:16,631] DEBUG Sending RM humidity 0.0 to topic broadlink/humidity
[2021-02-01 10:52:16,690] DEBUG Sending RM temperature 0.0 to topic broadlink/temperature
[2021-02-01 10:52:16,717] DEBUG Sending RM humidity 0.0 to topic broadlink/humidity
[2021-02-01 10:54:16,791] DEBUG Sending RM temperature 0.0 to topic broadlink/temperature
[2021-02-01 10:54:16,816] DEBUG Sending RM humidity 0.0 to topic broadlink/humidity
[2021-02-01 10:56:16,834] DEBUG Sending RM temperature 0.0 to topic broadlink/temperature
[2021-02-01 10:56:16,860] DEBUG Sending RM humidity 0.0 to topic broadlink/humidity
[2021-02-01 10:58:16,919] DEBUG Sending RM temperature 0.0 to topic broadlink/temperature
[2021-02-01 10:58:16,949] DEBUG Sending RM humidity 0.0 to topic broadlink/humidity
[2021-02-01 11:00:17,019] DEBUG Sending RM temperature 0.0 to topic broadlink/temperature
[2021-02-01 11:00:17,043] DEBUG Sending RM humidity 0.0 to topic broadlink/humidity
[2021-02-01 11:02:17,069] DEBUG Sending RM temperature 0.0 to topic broadlink/temperature
[2021-02-01 11:02:17,094] DEBUG Sending RM humidity 0.0 to topic broadlink/humidity
[2021-02-01 11:04:17,190] DEBUG Sending RM temperature 0.0 to topic broadlink/temperature
[2021-02-01 11:04:17,215] DEBUG Sending RM humidity 0.0 to topic broadlink/humidity
[2021-02-01 11:06:17,258] DEBUG Sending RM temperature 0.0 to topic broadlink/temperature
[2021-02-01 11:06:17,284] DEBUG Sending RM humidity 0.0 to topic broadlink/humidity
[2021-02-01 11:08:17,354] DEBUG Sending RM temperature 0.0 to topic broadlink/temperature
[2021-02-01 11:08:17,384] DEBUG Sending RM humidity 0.0 to topic broadlink/humidity
[2021-02-01 11:10:17,391] DEBUG Sending RM temperature 0.0 to topic broadlink/temperature
[2021-02-01 11:10:17,415] DEBUG Sending RM humidity 0.0 to topic broadlink/humidity
[2021-02-01 11:12:17,427] DEBUG Sending RM temperature 0.0 to topic broadlink/temperature
[2021-02-01 11:12:17,452] DEBUG Sending RM humidity 0.0 to topic broadlink/humidity
[2021-02-01 11:14:17,497] DEBUG Sending RM temperature 0.0 to topic broadlink/temperature
[2021-02-01 11:14:17,523] DEBUG Sending RM humidity 0.0 to topic broadlink/humidity
[2021-02-01 11:16:17,586] DEBUG Sending RM temperature 0.0 to topic broadlink/temperature
[2021-02-01 11:16:17,611] DEBUG Sending RM humidity 0.0 to topic broadlink/humidity
[2021-02-01 11:18:17,670] DEBUG Sending RM temperature 0.0 to topic broadlink/temperature
[2021-02-01 11:18:17,695] DEBUG Sending RM humidity 0.0 to topic broadlink/humidity
[2021-02-01 11:20:17,741] DEBUG Sending RM temperature 0.0 to topic broadlink/temperature
[2021-02-01 11:20:17,766] DEBUG Sending RM humidity 0.0 to topic broadlink/humidity
[2021-02-01 11:22:17,821] DEBUG Sending RM temperature 0.0 to topic broadlink/temperature
[2021-02-01 11:22:17,846] DEBUG Sending RM humidity 0.0 to topic broadlink/humidity
[2021-02-01 11:24:17,905] DEBUG Sending RM temperature 0.0 to topic broadlink/temperature
[2021-02-01 11:24:17,932] DEBUG Sending RM humidity 0.0 to topic broadlink/humidity
[2021-02-01 11:26:17,950] DEBUG Sending RM temperature 0.0 to topic broadlink/temperature
[2021-02-01 11:26:17,975] DEBUG Sending RM humidity 0.0 to topic broadlink/humidity
[2021-02-01 11:28:18,047] DEBUG Sending RM temperature 0.0 to topic broadlink/temperature
[2021-02-01 11:28:18,072] DEBUG Sending RM humidity 0.0 to topic broadlink/humidity
[2021-02-01 11:30:18,130] DEBUG Sending RM temperature 0.0 to topic broadlink/temperature
[2021-02-01 11:30:18,155] DEBUG Sending RM humidity 0.0 to topic broadlink/humidity
[2021-02-01 11:32:18,232] DEBUG Sending RM temperature 0.0 to topic broadlink/temperature
[2021-02-01 11:32:18,257] DEBUG Sending RM humidity 0.0 to topic broadlink/humidity
[2021-02-01 11:34:18,332] DEBUG Sending RM temperature 0.0 to topic broadlink/temperature
[2021-02-01 11:34:18,357] DEBUG Sending RM humidity 0.0 to topic broadlink/humidity
[2021-02-01 11:36:18,430] DEBUG Sending RM temperature 0.0 to topic broadlink/temperature
[2021-02-01 11:36:18,456] DEBUG Sending RM humidity 0.0 to topic broadlink/humidity
[2021-02-01 11:38:18,493] DEBUG Sending RM temperature 0.0 to topic broadlink/temperature
[2021-02-01 11:38:18,518] DEBUG Sending RM humidity 0.0 to topic broadlink/humidity
[2021-02-01 11:40:18,590] DEBUG Sending RM temperature 0.0 to topic broadlink/temperature
[2021-02-01 11:40:18,646] DEBUG Sending RM humidity 0.0 to topic broadlink/humidity
[2021-02-01 11:42:18,683] DEBUG Sending RM temperature 0.0 to topic broadlink/temperature
[2021-02-01 11:42:18,708] DEBUG Sending RM humidity 0.0 to topic broadlink/humidity
[2021-02-01 11:44:18,736] DEBUG Sending RM temperature 0.0 to topic broadlink/temperature
[2021-02-01 11:44:18,760] DEBUG Sending RM humidity 0.0 to topic broadlink/humidity
[2021-02-01 11:46:18,827] DEBUG Sending RM temperature 0.0 to topic broadlink/temperature
[2021-02-01 11:46:18,853] DEBUG Sending RM humidity 0.0 to topic broadlink/humidity
[2021-02-01 11:48:18,846] DEBUG Sending RM temperature 0.0 to topic broadlink/temperature
[2021-02-01 11:48:18,873] DEBUG Sending RM humidity 0.0 to topic broadlink/humidity
[2021-02-01 11:50:18,897] DEBUG Sending RM temperature 0.0 to topic broadlink/temperature
[2021-02-01 11:50:18,923] DEBUG Sending RM humidity 0.0 to topic broadlink/humidity
[2021-02-01 11:52:18,997] DEBUG Sending RM temperature 0.0 to topic broadlink/temperature
[2021-02-01 11:52:19,022] DEBUG Sending RM humidity 0.0 to topic broadlink/humidity
[2021-02-01 11:54:19,097] DEBUG Sending RM temperature 0.0 to topic broadlink/temperature
[2021-02-01 11:54:19,122] DEBUG Sending RM humidity 0.0 to topic broadlink/humidity
[2021-02-01 11:56:19,166] DEBUG Sending RM temperature 0.0 to topic broadlink/temperature
[2021-02-01 11:56:19,192] DEBUG Sending RM humidity 0.0 to topic broadlink/humidity
[2021-02-01 11:58:19,232] DEBUG Sending RM temperature 0.0 to topic broadlink/temperature
[2021-02-01 11:58:19,257] DEBUG Sending RM humidity 0.0 to topic broadlink/humidity
[2021-02-01 12:00:19,256] DEBUG Sending RM temperature 0.0 to topic broadlink/temperature
[2021-02-01 12:00:19,281] DEBUG Sending RM humidity 0.0 to topic broadlink/humidity
[2021-02-01 12:02:19,292] DEBUG Sending RM temperature 0.0 to topic broadlink/temperature
[2021-02-01 12:02:19,318] DEBUG Sending RM humidity 0.0 to topic broadlink/humidity
[2021-02-01 12:04:19,392] DEBUG Sending RM temperature 0.0 to topic broadlink/temperature
[2021-02-01 12:04:19,419] DEBUG Sending RM humidity 0.0 to topic broadlink/humidity
[2021-02-01 12:06:19,447] DEBUG Sending RM temperature 0.0 to topic broadlink/temperature
[2021-02-01 12:06:19,473] DEBUG Sending RM humidity 0.0 to topic broadlink/humidity
[2021-02-01 12:08:19,536] DEBUG Sending RM temperature 0.0 to topic broadlink/temperature
[2021-02-01 12:08:19,563] DEBUG Sending RM humidity 0.0 to topic broadlink/humidity
[2021-02-01 12:10:19,631] DEBUG Sending RM temperature 0.0 to topic broadlink/temperature
[2021-02-01 12:10:19,656] DEBUG Sending RM humidity 0.0 to topic broadlink/humidity
[2021-02-01 12:12:19,665] DEBUG Sending RM temperature 0.0 to topic broadlink/temperature
[2021-02-01 12:12:19,690] DEBUG Sending RM humidity 0.0 to topic broadlink/humidity
[2021-02-01 12:14:19,753] DEBUG Sending RM temperature 0.0 to topic broadlink/temperature
[2021-02-01 12:14:19,779] DEBUG Sending RM humidity 0.0 to topic broadlink/humidity
[2021-02-01 12:16:19,836] DEBUG Sending RM temperature 0.0 to topic broadlink/temperature
[2021-02-01 12:16:19,863] DEBUG Sending RM humidity 0.0 to topic broadlink/humidity
[2021-02-01 12:18:19,837] DEBUG Sending RM temperature 0.0 to topic broadlink/temperature
[2021-02-01 12:18:19,863] DEBUG Sending RM humidity 0.0 to topic broadlink/humidity
[2021-02-01 12:20:19,849] DEBUG Sending RM temperature 0.0 to topic broadlink/temperature
[2021-02-01 12:20:19,878] DEBUG Sending RM humidity 0.0 to topic broadlink/humidity
[2021-02-01 12:22:19,907] DEBUG Sending RM temperature 0.0 to topic broadlink/temperature
[2021-02-01 12:22:19,936] DEBUG Sending RM humidity 0.0 to topic broadlink/humidity
[2021-02-01 12:24:19,994] DEBUG Sending RM temperature 0.0 to topic broadlink/temperature
[2021-02-01 12:24:20,019] DEBUG Sending RM humidity 0.0 to topic broadlink/humidity
[2021-02-01 12:26:20,093] DEBUG Sending RM temperature 0.0 to topic broadlink/temperature
[2021-02-01 12:26:20,119] DEBUG Sending RM humidity 0.0 to topic broadlink/humidity
[2021-02-01 12:28:20,131] DEBUG Sending RM temperature 0.0 to topic broadlink/temperature
[2021-02-01 12:28:20,157] DEBUG Sending RM humidity 0.0 to topic broadlink/humidity
[2021-02-01 12:30:20,195] DEBUG Sending RM temperature 0.0 to topic broadlink/temperature
[2021-02-01 12:30:20,220] DEBUG Sending RM humidity 0.0 to topic broadlink/humidity
[2021-02-01 12:32:20,296] DEBUG Sending RM temperature 0.0 to topic broadlink/temperature
[2021-02-01 12:32:20,321] DEBUG Sending RM humidity 0.0 to topic broadlink/humidity
[2021-02-01 12:34:20,395] DEBUG Sending RM temperature 0.0 to topic broadlink/temperature
[2021-02-01 12:34:20,421] DEBUG Sending RM humidity 0.0 to topic broadlink/humidity
[2021-02-01 12:36:20,497] DEBUG Sending RM temperature 0.0 to topic broadlink/temperature
[2021-02-01 12:36:20,522] DEBUG Sending RM humidity 0.0 to topic broadlink/humidity
[2021-02-01 12:38:20,591] DEBUG Sending RM temperature 0.0 to topic broadlink/temperature
[2021-02-01 12:38:20,618] DEBUG Sending RM humidity 0.0 to topic broadlink/humidity
[2021-02-01 12:40:20,658] DEBUG Sending RM temperature 0.0 to topic broadlink/temperature
[2021-02-01 12:40:20,683] DEBUG Sending RM humidity 0.0 to topic broadlink/humidity
[2021-02-01 12:42:20,743] DEBUG Sending RM temperature 0.0 to topic broadlink/temperature
[2021-02-01 12:42:20,769] DEBUG Sending RM humidity 0.0 to topic broadlink/humidity
[2021-02-01 12:44:20,844] DEBUG Sending RM temperature 0.0 to topic broadlink/temperature
[2021-02-01 12:44:20,869] DEBUG Sending RM humidity 0.0 to topic broadlink/humidity
[2021-02-01 12:46:20,941] DEBUG Sending RM temperature 0.0 to topic broadlink/temperature
[2021-02-01 12:46:20,967] DEBUG Sending RM humidity 0.0 to topic broadlink/humidity
[2021-02-01 12:48:21,019] DEBUG Sending RM temperature 0.0 to topic broadlink/temperature
[2021-02-01 12:48:21,044] DEBUG Sending RM humidity 0.0 to topic broadlink/humidity
[2021-02-01 12:50:21,099] DEBUG Sending RM temperature 0.0 to topic broadlink/temperature
[2021-02-01 12:50:21,124] DEBUG Sending RM humidity 0.0 to topic broadlink/humidity
[2021-02-01 12:52:21,115] DEBUG Sending RM temperature 0.0 to topic broadlink/temperature
[2021-02-01 12:52:21,142] DEBUG Sending RM humidity 0.0 to topic broadlink/humidity
[2021-02-01 12:54:21,216] DEBUG Sending RM temperature 0.0 to topic broadlink/temperature
[2021-02-01 12:54:21,241] DEBUG Sending RM humidity 0.0 to topic broadlink/humidity
[2021-02-01 12:56:21,269] DEBUG Sending RM temperature 0.0 to topic broadlink/temperature
[2021-02-01 12:56:21,294] DEBUG Sending RM humidity 0.0 to topic broadlink/humidity
[2021-02-01 12:58:21,361] DEBUG Sending RM temperature 0.0 to topic broadlink/temperature
[2021-02-01 12:58:21,388] DEBUG Sending RM humidity 0.0 to topic broadlink/humidity
[2021-02-01 13:00:21,461] DEBUG Sending RM temperature 0.0 to topic broadlink/temperature
[2021-02-01 13:00:21,486] DEBUG Sending RM humidity 0.0 to topic broadlink/humidity
[2021-02-01 13:02:21,526] DEBUG Sending RM temperature 0.0 to topic broadlink/temperature
[2021-02-01 13:02:21,555] DEBUG Sending RM humidity 0.0 to topic broadlink/humidity
[2021-02-01 13:04:21,586] DEBUG Sending RM temperature 0.0 to topic broadlink/temperature
[2021-02-01 13:04:21,612] DEBUG Sending RM humidity 0.0 to topic broadlink/humidity
[2021-02-01 13:06:21,658] DEBUG Sending RM temperature 0.0 to topic broadlink/temperature
[2021-02-01 13:06:21,683] DEBUG Sending RM humidity 0.0 to topic broadlink/humidity
[2021-02-01 13:08:21,751] DEBUG Sending RM temperature 0.0 to topic broadlink/temperature
[2021-02-01 13:08:21,777] DEBUG Sending RM humidity 0.0 to topic broadlink/humidity
[2021-02-01 13:10:21,809] DEBUG Sending RM temperature 0.0 to topic broadlink/temperature
[2021-02-01 13:10:21,840] DEBUG Sending RM humidity 0.0 to topic broadlink/humidity
[2021-02-01 13:12:21,877] DEBUG Sending RM temperature 0.0 to topic broadlink/temperature
[2021-02-01 13:12:21,909] DEBUG Sending RM humidity 0.0 to topic broadlink/humidity
[2021-02-01 13:14:21,975] DEBUG Sending RM temperature 0.0 to topic broadlink/temperature
[2021-02-01 13:14:22,001] DEBUG Sending RM humidity 0.0 to topic broadlink/humidity
[2021-02-01 13:16:22,056] DEBUG Sending RM temperature 0.0 to topic broadlink/temperature
[2021-02-01 13:16:22,085] DEBUG Sending RM humidity 0.0 to topic broadlink/humidity
[2021-02-01 13:18:22,155] DEBUG Sending RM temperature 0.0 to topic broadlink/temperature
[2021-02-01 13:18:22,183] DEBUG Sending RM humidity 0.0 to topic broadlink/humidity
[2021-02-01 13:20:22,243] DEBUG Sending RM temperature 0.0 to topic broadlink/temperature
[2021-02-01 13:20:22,268] DEBUG Sending RM humidity 0.0 to topic broadlink/humidity
[2021-02-01 13:22:22,344] DEBUG Sending RM temperature 0.0 to topic broadlink/temperature
[2021-02-01 13:22:22,369] DEBUG Sending RM humidity 0.0 to topic broadlink/humidity
[2021-02-01 13:24:22,399] DEBUG Sending RM temperature 0.0 to topic broadlink/temperature
[2021-02-01 13:24:22,425] DEBUG Sending RM humidity 0.0 to topic broadlink/humidity
[2021-02-01 13:26:22,495] DEBUG Sending RM temperature 0.0 to topic broadlink/temperature
[2021-02-01 13:26:22,522] DEBUG Sending RM humidity 0.0 to topic broadlink/humidity
[2021-02-01 13:28:22,594] DEBUG Sending RM temperature 0.0 to topic broadlink/temperature
[2021-02-01 13:28:22,619] DEBUG Sending RM humidity 0.0 to topic broadlink/humidity
[2021-02-01 13:30:22,695] DEBUG Sending RM temperature 0.0 to topic broadlink/temperature
[2021-02-01 13:30:22,719] DEBUG Sending RM humidity 0.0 to topic broadlink/humidity
[2021-02-01 13:32:22,783] DEBUG Sending RM temperature 0.0 to topic broadlink/temperature
[2021-02-01 13:32:22,808] DEBUG Sending RM humidity 0.0 to topic broadlink/humidity
[2021-02-01 13:34:22,874] DEBUG Sending RM temperature 0.0 to topic broadlink/temperature
[2021-02-01 13:34:22,900] DEBUG Sending RM humidity 0.0 to topic broadlink/humidity
[2021-02-01 13:36:22,939] DEBUG Sending RM temperature 0.0 to topic broadlink/temperature
[2021-02-01 13:36:22,965] DEBUG Sending RM humidity 0.0 to topic broadlink/humidity
[2021-02-01 13:38:23,034] DEBUG Sending RM temperature 0.0 to topic broadlink/temperature
[2021-02-01 13:38:23,062] DEBUG Sending RM humidity 0.0 to topic broadlink/humidity
[2021-02-01 13:40:23,121] DEBUG Sending RM temperature 0.0 to topic broadlink/temperature
[2021-02-01 13:40:23,146] DEBUG Sending RM humidity 0.0 to topic broadlink/humidity
[2021-02-01 13:42:23,178] DEBUG Sending RM temperature 0.0 to topic broadlink/temperature
[2021-02-01 13:42:23,204] DEBUG Sending RM humidity 0.0 to topic broadlink/humidity
[2021-02-01 13:44:23,258] DEBUG Sending RM temperature 0.0 to topic broadlink/temperature
[2021-02-01 13:44:23,286] DEBUG Sending RM humidity 0.0 to topic broadlink/humidity
[2021-02-01 13:46:23,338] DEBUG Sending RM temperature 0.0 to topic broadlink/temperature
[2021-02-01 13:46:23,366] DEBUG Sending RM humidity 0.0 to topic broadlink/humidity
[2021-02-01 13:48:23,435] DEBUG Sending RM temperature 0.0 to topic broadlink/temperature
[2021-02-01 13:48:23,460] DEBUG Sending RM humidity 0.0 to topic broadlink/humidity
[2021-02-01 13:50:23,535] DEBUG Sending RM temperature 0.0 to topic broadlink/temperature
[2021-02-01 13:50:23,560] DEBUG Sending RM humidity 0.0 to topic broadlink/humidity
[2021-02-01 13:52:23,617] DEBUG Sending RM temperature 0.0 to topic broadlink/temperature
[2021-02-01 13:52:23,642] DEBUG Sending RM humidity 0.0 to topic broadlink/humidity
[2021-02-01 13:54:23,705] DEBUG Sending RM temperature 0.0 to topic broadlink/temperature
[2021-02-01 13:54:23,730] DEBUG Sending RM humidity 0.0 to topic broadlink/humidity
[2021-02-01 13:56:23,791] DEBUG Sending RM temperature 0.0 to topic broadlink/temperature
[2021-02-01 13:56:23,816] DEBUG Sending RM humidity 0.0 to topic broadlink/humidity
[2021-02-01 13:58:23,874] DEBUG Sending RM temperature 0.0 to topic broadlink/temperature
[2021-02-01 13:58:23,899] DEBUG Sending RM humidity 0.0 to topic broadlink/humidity
[2021-02-01 14:00:23,978] DEBUG Sending RM temperature 0.0 to topic broadlink/temperature
[2021-02-01 14:00:24,002] DEBUG Sending RM humidity 0.0 to topic broadlink/humidity
[2021-02-01 14:02:24,073] DEBUG Sending RM temperature 0.0 to topic broadlink/temperature
[2021-02-01 14:02:24,100] DEBUG Sending RM humidity 0.0 to topic broadlink/humidity
[2021-02-01 14:04:24,174] DEBUG Sending RM temperature 0.0 to topic broadlink/temperature
[2021-02-01 14:04:24,199] DEBUG Sending RM humidity 0.0 to topic broadlink/humidity
[2021-02-01 14:06:24,247] DEBUG Sending RM temperature 0.0 to topic broadlink/temperature
[2021-02-01 14:06:24,272] DEBUG Sending RM humidity 0.0 to topic broadlink/humidity
[2021-02-01 14:08:24,274] DEBUG Sending RM temperature 0.0 to topic broadlink/temperature
[2021-02-01 14:08:24,299] DEBUG Sending RM humidity 0.0 to topic broadlink/humidity
[2021-02-01 14:10:24,363] DEBUG Sending RM temperature 0.0 to topic broadlink/temperature
[2021-02-01 14:10:24,389] DEBUG Sending RM humidity 0.0 to topic broadlink/humidity
[2021-02-01 14:12:24,461] DEBUG Sending RM temperature 0.0 to topic broadlink/temperature
[2021-02-01 14:12:24,488] DEBUG Sending RM humidity 0.0 to topic broadlink/humidity
[2021-02-01 14:14:24,566] DEBUG Sending RM temperature 0.0 to topic broadlink/temperature
[2021-02-01 14:14:24,602] DEBUG Sending RM humidity 0.0 to topic broadlink/humidity
[2021-02-01 14:14:39,821] DEBUG Connected to 'RM4' Broadlink device at '192.168.1.100' (MAC a0:43:b0:53:f3:09) and started listening to MQTT commands at 'broadlink/#' 
[2021-02-01 14:14:39,823] DEBUG Connected to MQTT broker, subscribing to topic broadlink/#
[2021-02-01 14:14:39,823] WARNING OOOOPS! MQTT disconnection
[2021-02-01 14:14:50,836] DEBUG Connected to MQTT broker, subscribing to topic broadlink/#
[2021-02-01 14:14:50,836] WARNING OOOOPS! MQTT disconnection
[2021-02-01 14:15:01,848] DEBUG Connected to MQTT broker, subscribing to topic broadlink/#
[2021-02-01 14:15:01,848] WARNING OOOOPS! MQTT disconnection
[2021-02-01 14:15:12,861] DEBUG Connected to MQTT broker, subscribing to topic broadlink/#
[2021-02-01 14:15:12,861] WARNING OOOOPS! MQTT disconnection
[2021-02-01 14:16:18,465] DEBUG Connected to 'RM4' Broadlink device at '192.168.1.100' (MAC a0:43:b0:53:f3:09) and started listening to MQTT commands at 'broadlink/#' 
[2021-02-01 14:16:18,466] DEBUG Connected to MQTT broker, subscribing to topic broadlink/#
[2021-02-01 16:34:47,361] DEBUG Connected to 'RM4' Broadlink device at '192.168.1.100' (MAC a0:43:b0:53:f3:09) and started listening to MQTT commands at 'broadlink/#' 
[2021-02-01 16:34:47,362] DEBUG Connected to MQTT broker, subscribing to topic broadlink/#
[2021-02-01 16:35:08,788] DEBUG Connected to 'RM4' Broadlink device at '192.168.1.100' (MAC a0:43:b0:53:f3:09) and started listening to MQTT commands at 'broadlink/#' 
[2021-02-01 16:35:08,789] DEBUG Connected to MQTT broker, subscribing to topic broadlink/#
[2021-02-01 16:44:03,985] DEBUG Connected to 'RM4' Broadlink device at '192.168.1.100' (MAC a0:43:b0:53:f3:09) and started listening to MQTT commands at 'broadlink/#' 
[2021-02-01 16:44:03,986] DEBUG Connected to MQTT broker, subscribing to topic broadlink/#
